[2022-09-01T16:40:06.068Z] Log level: Info
[2022-09-01T16:40:06.070Z] [info] Validating found git in: git
[2022-09-01T16:40:06.077Z] [info] Using git 2.37.2 from git
[2022-09-01T16:40:06.096Z] > git rev-parse --show-toplevel [8ms]
[2022-09-01T16:40:06.145Z] > git rev-parse --git-dir --git-common-dir [43ms]
[2022-09-01T16:40:06.150Z] [info] Open repository: /home/eragon/repos/installers
[2022-09-01T16:40:06.189Z] > git status -z -uall [33ms]
[2022-09-01T16:40:06.196Z] > git symbolic-ref --short HEAD [4ms]
[2022-09-01T16:40:06.219Z] > git rev-parse --show-toplevel [60ms]
[2022-09-01T16:40:06.232Z] > git for-each-ref --format=%(refname)%00%(upstream:short)%00%(objectname)%00%(upstream:track)%00%(upstream:remotename)%00%(upstream:remoteref) refs/heads/main refs/remotes/main [32ms]
[2022-09-01T16:40:06.241Z] > git remote --verbose [2ms]
[2022-09-01T16:40:06.241Z] > git for-each-ref --sort -committerdate --format %(refname) %(objectname) %(*objectname) [5ms]
[2022-09-01T16:40:06.243Z] > git rev-parse --git-dir --git-common-dir [21ms]
[2022-09-01T16:40:06.244Z] [info] Open repository: /home/eragon/.local/share/chezmoi
[2022-09-01T16:40:06.261Z] > git rev-parse --show-toplevel [8ms]
[2022-09-01T16:40:06.266Z] > git config --get commit.template [6ms]
[2022-09-01T16:40:06.283Z] > git status -z -uall [35ms]
[2022-09-01T16:40:06.286Z] > git status -z -uall [15ms]
[2022-09-01T16:40:06.289Z] > git rev-parse --git-dir --git-common-dir [24ms]
[2022-09-01T16:40:06.290Z] [info] Open repository: /home/eragon/repos/doujinci
[2022-09-01T16:40:06.302Z] > git symbolic-ref --short HEAD [13ms]
[2022-09-01T16:40:06.307Z] > git symbolic-ref --short HEAD [21ms]
[2022-09-01T16:40:06.324Z] > git for-each-ref --format=%(refname)%00%(upstream:short)%00%(objectname)%00%(upstream:track)%00%(upstream:remotename)%00%(upstream:remoteref) refs/heads/main refs/remotes/main [13ms]
[2022-09-01T16:40:06.330Z] > git for-each-ref --format=%(refname)%00%(upstream:short)%00%(objectname)%00%(upstream:track)%00%(upstream:remotename)%00%(upstream:remoteref) refs/heads/main refs/remotes/main [23ms]
[2022-09-01T16:40:06.337Z] > git rev-parse --show-toplevel [40ms]
[2022-09-01T16:40:06.342Z] > git remote --verbose [6ms]
[2022-09-01T16:40:06.342Z] > git for-each-ref --sort -committerdate --format %(refname) %(objectname) %(*objectname) [9ms]
[2022-09-01T16:40:06.343Z] > git remote --verbose [13ms]
[2022-09-01T16:40:06.343Z] > git for-each-ref --sort -committerdate --format %(refname) %(objectname) %(*objectname) [16ms]
[2022-09-01T16:40:06.352Z] > git rev-parse --git-dir --git-common-dir [12ms]
[2022-09-01T16:40:06.353Z] [info] Open repository: /home/eragon/repos/containerDeploys
[2022-09-01T16:40:06.370Z] > git status -z -uall [13ms]
[2022-09-01T16:40:06.374Z] > git config --get commit.template [22ms]
[2022-09-01T16:40:06.378Z] > git config --get commit.template [30ms]
[2022-09-01T16:40:06.424Z] > git status -z -uall [46ms]
[2022-09-01T16:40:06.429Z] > git symbolic-ref --short HEAD [55ms]
[2022-09-01T16:40:06.433Z] > git rev-parse --show-toplevel [73ms]
[2022-09-01T16:40:06.439Z] > git rev-parse --git-dir --git-common-dir [2ms]
[2022-09-01T16:40:06.441Z] [info] Open repository: /home/eragon/repos/cheatsheet
[2022-09-01T16:40:06.447Z] > git for-each-ref --format=%(refname)%00%(upstream:short)%00%(objectname)%00%(upstream:track)%00%(upstream:remotename)%00%(upstream:remoteref) refs/heads/master refs/remotes/master [14ms]
[2022-09-01T16:40:06.455Z] > git symbolic-ref --short HEAD [27ms]
[2022-09-01T16:40:06.484Z] > git status -z -uall [38ms]
[2022-09-01T16:40:06.489Z] > git for-each-ref --format=%(refname)%00%(upstream:short)%00%(objectname)%00%(upstream:track)%00%(upstream:remotename)%00%(upstream:remoteref) refs/heads/main refs/remotes/main [30ms]
[2022-09-01T16:40:06.498Z] > git remote --verbose [43ms]
[2022-09-01T16:40:06.498Z] > git for-each-ref --sort -committerdate --format %(refname) %(objectname) %(*objectname) [47ms]
[2022-09-01T16:40:06.518Z] > git remote --verbose [21ms]
[2022-09-01T16:40:06.519Z] > git for-each-ref --sort -committerdate --format %(refname) %(objectname) %(*objectname) [25ms]
[2022-09-01T16:40:06.519Z] > git symbolic-ref --short HEAD [30ms]
[2022-09-01T16:40:06.528Z] > git config --get commit.template [23ms]
[2022-09-01T16:40:06.529Z] > git config --get commit.template [1ms]
[2022-09-01T16:40:06.529Z] > git for-each-ref --format=%(refname)%00%(upstream:short)%00%(objectname)%00%(upstream:track)%00%(upstream:remotename)%00%(upstream:remoteref) refs/heads/main refs/remotes/main [5ms]
[2022-09-01T16:40:06.537Z] > git remote --verbose [1ms]
[2022-09-01T16:40:06.537Z] > git for-each-ref --sort -committerdate --format %(refname) %(objectname) %(*objectname) [4ms]
[2022-09-01T16:40:06.548Z] > git config --get commit.template [5ms]
[2022-09-01T16:40:07.383Z] > git check-ignore -v -z --stdin [16ms]
[2022-09-01T16:40:07.383Z] > git check-ignore -v -z --stdin [9ms]
[2022-09-01T16:40:07.383Z] > git check-ignore -v -z --stdin [1ms]
[2022-09-01T16:40:07.384Z] > git check-ignore -v -z --stdin [13ms]
[2022-09-01T16:40:07.384Z] > git check-ignore -v -z --stdin [6ms]
[2022-09-01T16:40:08.448Z] > git status -z -uall [2154ms]
[2022-09-01T16:40:08.455Z] > git symbolic-ref --short HEAD [1ms]
[2022-09-01T16:40:08.462Z] > git for-each-ref --format=%(refname)%00%(upstream:short)%00%(objectname)%00%(upstream:track)%00%(upstream:remotename)%00%(upstream:remoteref) refs/heads/download_changes refs/remotes/download_changes [1ms]
[2022-09-01T16:40:08.471Z] > git for-each-ref --sort -committerdate --format %(refname) %(objectname) %(*objectname) [4ms]
[2022-09-01T16:40:08.471Z] > git remote --verbose [1ms]
[2022-09-01T16:40:08.479Z] > git config --get commit.template [1ms]
[2022-09-01T16:41:24.033Z] > git show --textconv :linux/fedora.md [5ms]
[2022-09-01T16:41:24.034Z] > git ls-files --stage -- /home/eragon/repos/cheatsheet/linux/fedora.md [1ms]
[2022-09-01T16:41:24.452Z] > git check-ignore -v -z --stdin [1ms]
[2022-09-01T16:41:24.949Z] > git status -z -uall [1ms]
[2022-09-01T16:41:24.954Z] > git symbolic-ref --short HEAD [1ms]
[2022-09-01T16:41:24.959Z] > git for-each-ref --format=%(refname)%00%(upstream:short)%00%(objectname)%00%(upstream:track)%00%(upstream:remotename)%00%(upstream:remoteref) refs/heads/main refs/remotes/main [1ms]
[2022-09-01T16:41:24.967Z] > git for-each-ref --sort -committerdate --format %(refname) %(objectname) %(*objectname) [4ms]
[2022-09-01T16:41:24.967Z] > git remote --verbose [1ms]
[2022-09-01T16:41:24.974Z] > git config --get commit.template [0ms]
