[Debug 08:24:59.592] LinkProvider: compute - file:///home/eragon/repos/cheatsheet/linux/fedora.md
[Debug 08:25:00.948] TableOfContentsProvider: create - file:///home/eragon/repos/cheatsheet/linux/fedora.md
[Debug 08:25:01.047] MdFoldingProvider: provideFoldingRanges - file:///home/eragon/repos/cheatsheet/linux/fedora.md
[Debug 08:39:31.444] MdFoldingProvider: provideFoldingRanges - file:///home/eragon/repos/cheatsheet/linux/fedora.md
[Debug 08:45:58.068] TableOfContentsProvider: create - file:///home/eragon/repos/Networks/ips.md
[Debug 08:45:58.069] LinkProvider: compute - file:///home/eragon/repos/Networks/ips.md
[Debug 08:45:58.204] MdFoldingProvider: provideFoldingRanges - file:///home/eragon/repos/Networks/ips.md
[Debug 08:51:21.199] ReferencesProvider: getReferencesAtPosition: file:///home/eragon/repos/Networks/ips.md
[Debug 08:55:40.273] ReferencesProvider: getReferencesAtPosition: file:///home/eragon/repos/Networks/ips.md
[Debug 09:52:37.801] MdFoldingProvider: provideFoldingRanges - file:///home/eragon/repos/Networks/ips.md
[Debug 09:52:47.502] MdFoldingProvider: provideFoldingRanges - file:///home/eragon/repos/cheatsheet/linux/fedora.md
[Debug 09:52:48.832] MdFoldingProvider: provideFoldingRanges - file:///home/eragon/repos/Networks/ips.md
[Debug 09:52:50.270] TableOfContentsProvider: create - file:///home/eragon/repos/cheatsheet/linux/chezmoi.md
[Debug 09:52:50.284] LinkProvider: compute - file:///home/eragon/repos/cheatsheet/linux/chezmoi.md
[Debug 09:52:50.449] MdFoldingProvider: provideFoldingRanges - file:///home/eragon/repos/cheatsheet/linux/chezmoi.md
[Debug 09:52:55.300] TableOfContentsProvider: create - file:///home/eragon/repos/cheatsheet/README.md
[Debug 09:52:55.308] LinkProvider: compute - file:///home/eragon/repos/cheatsheet/README.md
[Debug 09:52:55.471] MdFoldingProvider: provideFoldingRanges - file:///home/eragon/repos/cheatsheet/README.md
[Debug 09:53:10.005] TableOfContentsProvider: create - file:///home/eragon/repos/cheatsheet/Programming_languages/C.md
[Debug 09:53:10.011] LinkProvider: compute - file:///home/eragon/repos/cheatsheet/Programming_languages/C.md
[Debug 09:53:10.310] MdFoldingProvider: provideFoldingRanges - file:///home/eragon/repos/cheatsheet/Programming_languages/C.md
[Debug 09:53:13.457] TableOfContentsProvider: create - file:///home/eragon/repos/cheatsheet/README.md
[Debug 09:53:13.472] LinkProvider: compute - file:///home/eragon/repos/cheatsheet/README.md
[Debug 09:53:13.617] MdFoldingProvider: provideFoldingRanges - file:///home/eragon/repos/cheatsheet/README.md
[Debug 09:53:18.021] TableOfContentsProvider: create - file:///home/eragon/repos/cheatsheet/infrastructure/keys.md
[Debug 09:53:18.028] LinkProvider: compute - file:///home/eragon/repos/cheatsheet/infrastructure/keys.md
[Debug 09:53:18.195] MdFoldingProvider: provideFoldingRanges - file:///home/eragon/repos/cheatsheet/infrastructure/keys.md
[Debug 10:33:35.494] MdFoldingProvider: provideFoldingRanges - file:///home/eragon/repos/Networks/ips.md
[Debug 10:33:40.618] MdFoldingProvider: provideFoldingRanges - file:///home/eragon/repos/Networks/ips.md
[Debug 10:33:48.993] TableOfContentsProvider: create - file:///home/eragon/repos/cheatsheet/infrastructure/keys.md
[Debug 10:33:48.997] LinkProvider: compute - file:///home/eragon/repos/cheatsheet/infrastructure/keys.md
