[2022-09-01 09:02:31.651] [exthost] [info] Extension host with pid 8206 started
[2022-09-01 09:02:31.651] [exthost] [info] Skipping acquiring lock for /home/eragon/.config/VSCodium/User/workspaceStorage/16b5da2850c6c16874676a2fefe10515.
[2022-09-01 09:02:31.720] [exthost] [info] ExtensionService#_doActivateExtension vscode.debug-auto-launch, startup: true, activationEvent: '*'
[2022-09-01 09:02:31.724] [exthost] [info] ExtensionService#_doActivateExtension vscode.git-base, startup: true, activationEvent: '*', root cause: vscode.git
[2022-09-01 09:02:31.727] [exthost] [info] ExtensionService#_doActivateExtension vscode.ipynb, startup: true, activationEvent: '*'
[2022-09-01 09:02:31.731] [exthost] [info] ExtensionService#_doActivateExtension mhutchie.git-graph, startup: true, activationEvent: '*'
[2022-09-01 09:02:31.749] [exthost] [info] ExtensionService#_doActivateExtension reduckted.vscode-gitweblinks, startup: true, activationEvent: '*'
[2022-09-01 09:02:31.755] [exthost] [info] ExtensionService#_doActivateExtension ms-python.python, startup: true, activationEvent: 'workspaceContains:pyproject.toml'
[2022-09-01 09:02:31.914] [exthost] [info] ExtensionService#_doActivateExtension yzhang.markdown-all-in-one, startup: true, activationEvent: 'workspaceContains:README.md'
[2022-09-01 09:02:31.966] [exthost] [info] ExtensionService#_doActivateExtension vscode.markdown-math, startup: false, activationEvent: 'api', root cause: yzhang.markdown-all-in-one
[2022-09-01 09:02:32.039] [exthost] [info] ExtensionService#_doActivateExtension vscode.git, startup: true, activationEvent: '*'
[2022-09-01 09:02:32.051] [exthost] [info] ExtensionService#_doActivateExtension vscode.github, startup: true, activationEvent: '*'
[2022-09-01 09:02:32.173] [exthost] [info] Eager extensions activated
[2022-09-01 09:02:32.189] [exthost] [info] ExtensionService#_doActivateExtension ms-toolsai.jupyter, startup: false, activationEvent: 'onNotebook:jupyter-notebook'
[2022-09-01 09:02:32.263] [exthost] [info] ExtensionService#_doActivateExtension ms-toolsai.jupyter-renderers, startup: false, activationEvent: 'onNotebook:*'
[2022-09-01 09:02:32.267] [exthost] [info] ExtensionService#_doActivateExtension vscode.emmet, startup: false, activationEvent: 'onStartupFinished'
[2022-09-01 09:02:32.274] [exthost] [info] ExtensionService#_doActivateExtension vscode.merge-conflict, startup: false, activationEvent: 'onStartupFinished'
[2022-09-01 09:02:32.275] [exthost] [info] ExtensionService#_doActivateExtension eamodio.gitlens, startup: false, activationEvent: 'onStartupFinished'
[2022-09-01 09:02:32.301] [exthost] [info] ExtensionService#_doActivateExtension felipecaputo.git-project-manager, startup: false, activationEvent: 'onStartupFinished'
[2022-09-01 09:02:33.047] [exthost] [info] ExtensionService#_doActivateExtension batisteo.vscode-django, startup: false, activationEvent: 'onLanguage:python'
[2022-09-01 09:02:33.055] [exthost] [info] ExtensionService#_doActivateExtension KevinRose.vsc-python-indent, startup: false, activationEvent: 'onLanguage:python'
[2022-09-01 09:02:33.057] [exthost] [info] ExtensionService#_doActivateExtension njpwerner.autodocstring, startup: false, activationEvent: 'onLanguage:python'
[2022-09-01 09:02:33.968] [exthost] [info] ExtensionService#_doActivateExtension vscode.github-authentication, startup: false, activationEvent: 'onAuthenticationRequest:github'
[2022-09-01 09:29:03.112] [exthost] [info] ExtensionService#_doActivateExtension vscode.extension-editing, startup: false, activationEvent: 'onLanguage:markdown'
[2022-09-01 09:29:03.130] [exthost] [info] ExtensionService#_doActivateExtension vscode.markdown-language-features, startup: false, activationEvent: 'onLanguage:markdown'
[2022-09-01 09:29:03.237] [exthost] [info] ExtensionService#_doActivateExtension shd101wyy.markdown-preview-enhanced, startup: false, activationEvent: 'onLanguage:markdown'
[2022-09-01 09:46:54.895] [exthost] [warning] TextEditor is closed/disposed
[2022-09-01 09:48:27.961] [exthost] [warning] TextEditor is closed/disposed
[2022-09-01 09:48:31.548] [exthost] [warning] TextEditor is closed/disposed
[2022-09-01 09:50:14.848] [exthost] [warning] TextEditor is closed/disposed
[2022-09-01 09:55:08.726] [exthost] [warning] TextEditor is closed/disposed
[2022-09-01 09:55:13.228] [exthost] [warning] TextEditor is closed/disposed
[2022-09-01 09:57:01.710] [exthost] [warning] TextEditor is closed/disposed
[2022-09-01 10:01:00.305] [exthost] [warning] TextEditor is closed/disposed
[2022-09-01 10:38:50.031] [exthost] [warning] TextEditor is closed/disposed
[2022-09-01 11:17:42.042] [exthost] [warning] TextEditor is closed/disposed
[2022-09-01 11:17:55.888] [exthost] [warning] TextEditor is closed/disposed
[2022-09-01 11:18:10.421] [exthost] [warning] TextEditor is closed/disposed
[2022-09-01 11:18:53.059] [exthost] [warning] TextEditor is closed/disposed
[2022-09-01 11:20:19.569] [exthost] [warning] TextEditor is closed/disposed
[2022-09-01 11:20:44.744] [exthost] [error] [ms-python.python] provider FAILED
[2022-09-01 11:20:44.747] [exthost] [error] Error: AttributeError: 'HoverDisable' object has no attribute 'namespace_'
	at /home/eragon/.vscode-oss/extensions/ms-python.python-2022.12.1/out/client/extension.js:2:2147823
	at /home/eragon/.vscode-oss/extensions/ms-python.python-2022.12.1/out/client/extension.js:2:2148117
	at Immediate.<anonymous> (/home/eragon/.vscode-oss/extensions/ms-python.python-2022.12.1/out/client/extension.js:2:2148479)
	at processImmediate (node:internal/timers:464:21)
[2022-09-01 11:20:45.834] [exthost] [error] [ms-python.python] provider FAILED
[2022-09-01 11:20:45.834] [exthost] [error] Error: AttributeError: 'NoneType' object has no attribute 'is_module'
	at /home/eragon/.vscode-oss/extensions/ms-python.python-2022.12.1/out/client/extension.js:2:2147823
	at /home/eragon/.vscode-oss/extensions/ms-python.python-2022.12.1/out/client/extension.js:2:2148117
	at Immediate.<anonymous> (/home/eragon/.vscode-oss/extensions/ms-python.python-2022.12.1/out/client/extension.js:2:2148479)
	at processImmediate (node:internal/timers:464:21)
[2022-09-01 11:20:50.807] [exthost] [error] [ms-python.python] provider FAILED
[2022-09-01 11:20:50.807] [exthost] [error] Error: AttributeError: 'HoverDisable' object has no attribute 'namespace_'
	at /home/eragon/.vscode-oss/extensions/ms-python.python-2022.12.1/out/client/extension.js:2:2147823
	at /home/eragon/.vscode-oss/extensions/ms-python.python-2022.12.1/out/client/extension.js:2:2148117
	at Immediate.<anonymous> (/home/eragon/.vscode-oss/extensions/ms-python.python-2022.12.1/out/client/extension.js:2:2148479)
	at processImmediate (node:internal/timers:464:21)
[2022-09-01 11:20:50.917] [exthost] [error] [ms-python.python] provider FAILED
[2022-09-01 11:20:50.917] [exthost] [error] Error: AttributeError: 'NoneType' object has no attribute 'is_module'
	at /home/eragon/.vscode-oss/extensions/ms-python.python-2022.12.1/out/client/extension.js:2:2147823
	at /home/eragon/.vscode-oss/extensions/ms-python.python-2022.12.1/out/client/extension.js:2:2148117
	at Immediate.<anonymous> (/home/eragon/.vscode-oss/extensions/ms-python.python-2022.12.1/out/client/extension.js:2:2148479)
	at processImmediate (node:internal/timers:464:21)
[2022-09-01 11:21:06.125] [exthost] [error] [ms-python.python] provider FAILED
[2022-09-01 11:21:06.125] [exthost] [error] Error: AttributeError: 'HoverDisable' object has no attribute 'namespace_'
	at /home/eragon/.vscode-oss/extensions/ms-python.python-2022.12.1/out/client/extension.js:2:2147823
	at /home/eragon/.vscode-oss/extensions/ms-python.python-2022.12.1/out/client/extension.js:2:2148117
	at Immediate.<anonymous> (/home/eragon/.vscode-oss/extensions/ms-python.python-2022.12.1/out/client/extension.js:2:2148479)
	at processImmediate (node:internal/timers:464:21)
[2022-09-01 11:21:15.649] [exthost] [error] [ms-python.python] provider FAILED
[2022-09-01 11:21:15.649] [exthost] [error] Error: AttributeError: 'NoneType' object has no attribute 'is_module'
	at /home/eragon/.vscode-oss/extensions/ms-python.python-2022.12.1/out/client/extension.js:2:2147823
	at /home/eragon/.vscode-oss/extensions/ms-python.python-2022.12.1/out/client/extension.js:2:2148117
	at Immediate.<anonymous> (/home/eragon/.vscode-oss/extensions/ms-python.python-2022.12.1/out/client/extension.js:2:2148479)
	at processImmediate (node:internal/timers:464:21)
[2022-09-01 11:21:26.177] [exthost] [error] [ms-python.python] provider FAILED
[2022-09-01 11:21:26.177] [exthost] [error] Error: AttributeError: 'HoverDisable' object has no attribute 'namespace_'
	at /home/eragon/.vscode-oss/extensions/ms-python.python-2022.12.1/out/client/extension.js:2:2147823
	at /home/eragon/.vscode-oss/extensions/ms-python.python-2022.12.1/out/client/extension.js:2:2148117
	at Immediate.<anonymous> (/home/eragon/.vscode-oss/extensions/ms-python.python-2022.12.1/out/client/extension.js:2:2148479)
	at processImmediate (node:internal/timers:464:21)
[2022-09-01 11:21:26.252] [exthost] [error] [ms-python.python] provider FAILED
[2022-09-01 11:21:26.252] [exthost] [error] Error: AttributeError: 'NoneType' object has no attribute 'is_module'
	at /home/eragon/.vscode-oss/extensions/ms-python.python-2022.12.1/out/client/extension.js:2:2147823
	at /home/eragon/.vscode-oss/extensions/ms-python.python-2022.12.1/out/client/extension.js:2:2148117
	at Immediate.<anonymous> (/home/eragon/.vscode-oss/extensions/ms-python.python-2022.12.1/out/client/extension.js:2:2148479)
	at processImmediate (node:internal/timers:464:21)
[2022-09-01 11:21:30.816] [exthost] [error] [ms-python.python] provider FAILED
[2022-09-01 11:21:30.816] [exthost] [error] Error: AttributeError: 'HoverDisable' object has no attribute 'namespace_'
	at /home/eragon/.vscode-oss/extensions/ms-python.python-2022.12.1/out/client/extension.js:2:2147823
	at /home/eragon/.vscode-oss/extensions/ms-python.python-2022.12.1/out/client/extension.js:2:2148117
	at Immediate.<anonymous> (/home/eragon/.vscode-oss/extensions/ms-python.python-2022.12.1/out/client/extension.js:2:2148479)
	at processImmediate (node:internal/timers:464:21)
[2022-09-01 11:21:31.201] [exthost] [error] [ms-python.python] provider FAILED
[2022-09-01 11:21:31.201] [exthost] [error] Error: AttributeError: 'HoverDisable' object has no attribute 'namespace_'
	at /home/eragon/.vscode-oss/extensions/ms-python.python-2022.12.1/out/client/extension.js:2:2147823
	at /home/eragon/.vscode-oss/extensions/ms-python.python-2022.12.1/out/client/extension.js:2:2148117
	at Immediate.<anonymous> (/home/eragon/.vscode-oss/extensions/ms-python.python-2022.12.1/out/client/extension.js:2:2148479)
	at processImmediate (node:internal/timers:464:21)
[2022-09-01 11:21:31.529] [exthost] [error] [ms-python.python] provider FAILED
[2022-09-01 11:21:31.529] [exthost] [error] Error: AttributeError: 'HoverDisable' object has no attribute 'namespace_'
	at /home/eragon/.vscode-oss/extensions/ms-python.python-2022.12.1/out/client/extension.js:2:2147823
	at /home/eragon/.vscode-oss/extensions/ms-python.python-2022.12.1/out/client/extension.js:2:2148117
	at Immediate.<anonymous> (/home/eragon/.vscode-oss/extensions/ms-python.python-2022.12.1/out/client/extension.js:2:2148479)
	at processImmediate (node:internal/timers:464:21)
[2022-09-01 11:21:40.565] [exthost] [error] [ms-python.python] provider FAILED
[2022-09-01 11:21:40.565] [exthost] [error] Error: AttributeError: 'NoneType' object has no attribute 'is_module'
	at /home/eragon/.vscode-oss/extensions/ms-python.python-2022.12.1/out/client/extension.js:2:2147823
	at /home/eragon/.vscode-oss/extensions/ms-python.python-2022.12.1/out/client/extension.js:2:2148117
	at Immediate.<anonymous> (/home/eragon/.vscode-oss/extensions/ms-python.python-2022.12.1/out/client/extension.js:2:2148479)
	at processImmediate (node:internal/timers:464:21)
[2022-09-01 11:23:34.172] [exthost] [warning] Edits from command pythonIndent.newlineAndIndent were not applied.
[2022-09-01 11:29:52.022] [exthost] [warning] TextEditor is closed/disposed
[2022-09-01 11:31:59.978] [exthost] [warning] TextEditor is closed/disposed
[2022-09-01 11:32:06.330] [exthost] [warning] TextEditor is closed/disposed
[2022-09-01 11:32:25.931] [exthost] [warning] TextEditor is closed/disposed
[2022-09-01 11:32:56.849] [exthost] [warning] TextEditor is closed/disposed
[2022-09-01 11:33:21.285] [exthost] [warning] TextEditor is closed/disposed
[2022-09-01 11:35:20.611] [exthost] [warning] TextEditor is closed/disposed
[2022-09-01 11:35:28.394] [exthost] [warning] TextEditor is closed/disposed
[2022-09-01 11:37:31.684] [exthost] [warning] TextEditor is closed/disposed
[2022-09-01 11:37:38.629] [exthost] [warning] TextEditor is closed/disposed
[2022-09-01 11:37:38.671] [exthost] [info] ExtensionService#_doActivateExtension ms-azuretools.vscode-docker, startup: false, activationEvent: 'onLanguage:dockerfile'
[2022-09-01 11:39:36.424] [exthost] [warning] TextEditor is closed/disposed
[2022-09-01 11:45:23.217] [exthost] [warning] TextEditor is closed/disposed
[2022-09-01 12:04:40.421] [exthost] [warning] TextEditor is closed/disposed
[2022-09-01 12:04:56.543] [exthost] [warning] TextEditor is closed/disposed
[2022-09-01 12:05:07.472] [exthost] [warning] TextEditor is closed/disposed
[2022-09-01 12:05:48.103] [exthost] [warning] TextEditor is closed/disposed
[2022-09-01 12:06:19.055] [exthost] [warning] TextEditor is closed/disposed
[2022-09-01 12:07:20.664] [exthost] [warning] TextEditor is closed/disposed
[2022-09-01 12:07:49.177] [exthost] [warning] TextEditor is closed/disposed
[2022-09-01 12:08:14.251] [exthost] [warning] TextEditor is closed/disposed
[2022-09-01 12:08:17.098] [exthost] [warning] TextEditor is closed/disposed
[2022-09-01 12:08:28.288] [exthost] [warning] TextEditor is closed/disposed
[2022-09-01 12:09:03.751] [exthost] [warning] TextEditor is closed/disposed
[2022-09-01 12:16:48.599] [exthost] [warning] TextEditor is closed/disposed
[2022-09-01 12:23:01.333] [exthost] [warning] TextEditor is closed/disposed
[2022-09-01 12:31:00.537] [exthost] [warning] TextEditor is closed/disposed
[2022-09-01 12:31:02.532] [exthost] [warning] TextEditor is closed/disposed
[2022-09-01 13:04:02.821] [exthost] [warning] TextEditor is closed/disposed
[2022-09-01 13:06:59.731] [exthost] [warning] TextEditor is closed/disposed
[2022-09-01 13:07:10.597] [exthost] [warning] TextEditor is closed/disposed
[2022-09-01 13:08:29.635] [exthost] [warning] TextEditor is closed/disposed
[2022-09-01 13:08:32.226] [exthost] [warning] TextEditor is closed/disposed
[2022-09-01 13:10:13.636] [exthost] [warning] TextEditor is closed/disposed
[2022-09-01 13:10:25.652] [exthost] [warning] TextEditor is closed/disposed
[2022-09-01 13:13:22.274] [exthost] [warning] TextEditor is closed/disposed
[2022-09-01 13:13:33.137] [exthost] [warning] TextEditor is closed/disposed
[2022-09-01 13:14:29.175] [exthost] [warning] TextEditor is closed/disposed
[2022-09-01 13:14:41.551] [exthost] [warning] TextEditor is closed/disposed
[2022-09-01 13:16:06.292] [exthost] [warning] TextEditor is closed/disposed
[2022-09-01 13:16:06.722] [exthost] [warning] TextEditor is closed/disposed
[2022-09-01 13:18:16.207] [exthost] [warning] TextEditor is closed/disposed
[2022-09-01 13:22:44.115] [exthost] [warning] TextEditor is closed/disposed
[2022-09-01 13:22:47.978] [exthost] [warning] TextEditor is closed/disposed
[2022-09-01 13:23:07.127] [exthost] [warning] TextEditor is closed/disposed
[2022-09-01 13:23:09.132] [exthost] [warning] TextEditor is closed/disposed
[2022-09-01 13:36:43.859] [exthost] [warning] TextEditor is closed/disposed
[2022-09-01 13:38:22.681] [exthost] [warning] TextEditor is closed/disposed
[2022-09-01 13:53:05.699] [exthost] [warning] TextEditor is closed/disposed
[2022-09-01 13:53:24.257] [exthost] [warning] TextEditor is closed/disposed
[2022-09-01 13:53:34.809] [exthost] [warning] TextEditor is closed/disposed
[2022-09-01 13:53:42.456] [exthost] [warning] TextEditor is closed/disposed
[2022-09-01 14:06:52.898] [exthost] [warning] TextEditor is closed/disposed
[2022-09-01 15:22:20.270] [exthost] [warning] TextEditor is closed/disposed
[2022-09-01 15:46:02.035] [exthost] [warning] TextEditor is closed/disposed
[2022-09-01 15:49:18.721] [exthost] [warning] TextEditor is closed/disposed
[2022-09-01 15:49:19.575] [exthost] [warning] TextEditor is closed/disposed
[2022-09-01 16:10:53.045] [exthost] [info] ExtensionService#_doActivateExtension vscode.configuration-editing, startup: false, activationEvent: 'onLanguage:jsonc'
[2022-09-01 16:10:53.049] [exthost] [info] ExtensionService#_doActivateExtension vscode.json-language-features, startup: false, activationEvent: 'onLanguage:jsonc'
[2022-09-01 16:10:53.062] [exthost] [info] ExtensionService#_doActivateExtension vscode.typescript-language-features, startup: false, activationEvent: 'onLanguage:jsonc'
[2022-09-01 16:46:18.320] [exthost] [warning] TextEditor is closed/disposed
[2022-09-01 16:50:48.230] [exthost] [warning] TextEditor is closed/disposed
[2022-09-01 16:51:44.673] [exthost] [warning] TextEditor is closed/disposed
[2022-09-01 17:05:02.313] [exthost] [warning] TextEditor is closed/disposed
[2022-09-01 17:05:06.708] [exthost] [warning] TextEditor is closed/disposed
[2022-09-01 17:05:10.031] [exthost] [warning] TextEditor is closed/disposed
[2022-09-01 17:13:06.316] [exthost] [info] Extension host terminating: received terminate message from renderer
[2022-09-01 17:13:06.362] [exthost] [error] Error: The kernel died. Error: /opt/conda/envs/pyiotdataflow/bin/python: No module named ipykernel_launcher... View Jupyter [log](command:jupyter.viewOutput) for further details.
	at ChildProcess.<anonymous> (/home/eragon/.vscode-oss/extensions/ms-toolsai.jupyter-2022.8.1002170547/out/extension.node.js:2:513657)
	at ChildProcess.emit (node:events:402:35)
	at Process.ChildProcess._handle.onexit (node:internal/child_process:290:12)
[2022-09-01 17:13:06.371] [exthost] [info] Extension host with pid 8206 exiting with code 0
