[18:40:01.049] Activating extension.
[18:40:01.049] Executing git -c core.quotepath=false --version
[18:40:01.070] Workspace folders changed: {
  added: [
    'file:///home/eragon/repos/fluves/pyiotdataflow',
    'file:///home/eragon/repos/fluves/iot-modeling',
    'file:///home/eragon/repos/fluves/dali-intrusion-data-analysis',
    'file:///home/eragon/repos/fluves/infrastructure',
    'file:///home/eragon/repos/fluves/cn-ws',
    'file:///home/eragon/repos/cheatsheet',
    'file:///home/eragon/repos/fluves/pydts',
    'file:///home/eragon/repos/fluves/pycnws'
  ],
  removed: []
}
[18:40:01.070] Adding workspace folder 'file:///home/eragon/repos/fluves/pyiotdataflow'.
[18:40:01.070] Searching for Git repositories in workspace '/home/eragon/repos/fluves/pyiotdataflow'...
[18:40:01.070] Searching up from the workspace root...
[18:40:01.144] Found a repository at '/home/eragon/repos/fluves/pyiotdataflow'.
[18:40:01.144] Workspace details: {
  uri: 'file:///home/eragon/repos/fluves/pyiotdataflow',
  hasRepositories: true
}
[18:40:01.144] Adding workspace folder 'file:///home/eragon/repos/fluves/iot-modeling'.
[18:40:01.144] Searching for Git repositories in workspace '/home/eragon/repos/fluves/iot-modeling'...
[18:40:01.144] Searching up from the workspace root...
[18:40:01.166] Found a repository at '/home/eragon/repos/fluves/iot-modeling'.
[18:40:01.166] Workspace details: {
  uri: 'file:///home/eragon/repos/fluves/iot-modeling',
  hasRepositories: true
}
[18:40:01.166] Adding workspace folder 'file:///home/eragon/repos/fluves/dali-intrusion-data-analysis'.
[18:40:01.166] Searching for Git repositories in workspace '/home/eragon/repos/fluves/dali-intrusion-data-analysis'...
[18:40:01.166] Searching up from the workspace root...
[18:40:01.235] Found a repository at '/home/eragon/repos/fluves/dali-intrusion-data-analysis'.
[18:40:01.235] Workspace details: {
  uri: 'file:///home/eragon/repos/fluves/dali-intrusion-data-analysis',
  hasRepositories: true
}
[18:40:01.235] Adding workspace folder 'file:///home/eragon/repos/fluves/infrastructure'.
[18:40:01.235] Searching for Git repositories in workspace '/home/eragon/repos/fluves/infrastructure'...
[18:40:01.235] Searching up from the workspace root...
[18:40:01.237] Found a repository at '/home/eragon/repos/fluves/infrastructure'.
[18:40:01.237] Workspace details: {
  uri: 'file:///home/eragon/repos/fluves/infrastructure',
  hasRepositories: true
}
[18:40:01.237] Adding workspace folder 'file:///home/eragon/repos/fluves/cn-ws'.
[18:40:01.237] Searching for Git repositories in workspace '/home/eragon/repos/fluves/cn-ws'...
[18:40:01.237] Searching up from the workspace root...
[18:40:01.262] Found a repository at '/home/eragon/repos/fluves/cn-ws'.
[18:40:01.262] Workspace details: {
  uri: 'file:///home/eragon/repos/fluves/cn-ws',
  hasRepositories: true
}
[18:40:01.262] Adding workspace folder 'file:///home/eragon/repos/cheatsheet'.
[18:40:01.262] Searching for Git repositories in workspace '/home/eragon/repos/cheatsheet'...
[18:40:01.262] Searching up from the workspace root...
[18:40:01.275] Found a repository at '/home/eragon/repos/cheatsheet'.
[18:40:01.275] Workspace details: { uri: 'file:///home/eragon/repos/cheatsheet', hasRepositories: true }
[18:40:01.275] Adding workspace folder 'file:///home/eragon/repos/fluves/pydts'.
[18:40:01.275] Searching for Git repositories in workspace '/home/eragon/repos/fluves/pydts'...
[18:40:01.275] Searching up from the workspace root...
[18:40:01.279] Found a repository at '/home/eragon/repos/fluves/pydts'.
[18:40:01.279] Workspace details: {
  uri: 'file:///home/eragon/repos/fluves/pydts',
  hasRepositories: true
}
[18:40:01.279] Adding workspace folder 'file:///home/eragon/repos/fluves/pycnws'.
[18:40:01.279] Searching for Git repositories in workspace '/home/eragon/repos/fluves/pycnws'...
[18:40:01.279] Searching up from the workspace root...
[18:40:01.299] Found a repository at '/home/eragon/repos/fluves/pycnws'.
[18:40:01.299] Workspace details: {
  uri: 'file:///home/eragon/repos/fluves/pycnws',
  hasRepositories: true
}
