[2022-09-01T16:40:01.180Z] Log level: Info
[2022-09-01T16:40:01.180Z] [info] Validating found git in: git
[2022-09-01T16:40:01.238Z] [info] Using git  from git
[2022-09-01T16:40:01.266Z] > git rev-parse --show-toplevel [18ms]
[2022-09-01T16:40:01.284Z] > git rev-parse --git-dir --git-common-dir [10ms]
[2022-09-01T16:40:01.287Z] [info] Open repository: /home/eragon/repos/fluves/pyiotdataflow
[2022-09-01T16:40:01.373Z] > git status -z -uall [79ms]
[2022-09-01T16:40:01.381Z] > git symbolic-ref --short HEAD [2ms]
[2022-09-01T16:40:01.387Z] > git rev-parse --show-toplevel [89ms]
[2022-09-01T16:40:01.469Z] > git rev-parse --git-dir --git-common-dir [78ms]
[2022-09-01T16:40:01.470Z] [info] Open repository: /home/eragon/repos/fluves/iot-modeling
[2022-09-01T16:40:01.480Z] > git for-each-ref --format=%(refname)%00%(upstream:short)%00%(objectname)%00%(upstream:track)%00%(upstream:remotename)%00%(upstream:remoteref) refs/heads/hydromet refs/remotes/hydromet [94ms]
[2022-09-01T16:40:01.493Z] > git remote --verbose [3ms]
[2022-09-01T16:40:01.493Z] > git for-each-ref --sort -committerdate --format %(refname) %(objectname) %(*objectname) [8ms]
[2022-09-01T16:40:01.496Z] > git rev-parse --show-toplevel [16ms]
[2022-09-01T16:40:01.588Z] > git status -z -uall [113ms]
[2022-09-01T16:40:01.594Z] > git rev-parse --git-dir --git-common-dir [93ms]
[2022-09-01T16:40:01.599Z] [info] Open repository: /home/eragon/repos/fluves/dali-intrusion-data-analysis
[2022-09-01T16:40:01.612Z] > git status -z -uall [7ms]
[2022-09-01T16:40:01.619Z] > git rev-parse --show-toplevel [9ms]
[2022-09-01T16:40:01.625Z] > git symbolic-ref --short HEAD [32ms]
[2022-09-01T16:40:01.630Z] > git config --get commit.template [60ms]
[2022-09-01T16:40:01.642Z] > git status -z -uall [7ms]
[2022-09-01T16:40:01.647Z] > git for-each-ref --format=%(refname)%00%(upstream:short)%00%(objectname)%00%(upstream:track)%00%(upstream:remotename)%00%(upstream:remoteref) refs/heads/3D_Modeling refs/remotes/3D_Modeling [18ms]
[2022-09-01T16:40:01.656Z] > git rev-parse --git-dir --git-common-dir [31ms]
[2022-09-01T16:40:01.658Z] [info] Open repository: /home/eragon/repos/fluves/infrastructure
[2022-09-01T16:40:01.667Z] > git symbolic-ref --short HEAD [49ms]
[2022-09-01T16:40:01.679Z] > git rev-parse --show-toplevel [12ms]
[2022-09-01T16:40:01.684Z] > git remote --verbose [28ms]
[2022-09-01T16:40:01.685Z] > git for-each-ref --sort -committerdate --format %(refname) %(objectname) %(*objectname) [33ms]
[2022-09-01T16:40:01.686Z] > git symbolic-ref --short HEAD [39ms]
[2022-09-01T16:40:01.706Z] > git status -z -uall [43ms]
[2022-09-01T16:40:01.711Z] > git for-each-ref --format=%(refname)%00%(upstream:short)%00%(objectname)%00%(upstream:track)%00%(upstream:remotename)%00%(upstream:remoteref) refs/heads/hydromet refs/remotes/hydromet [20ms]
[2022-09-01T16:40:01.720Z] > git rev-parse --git-dir --git-common-dir [36ms]
[2022-09-01T16:40:01.721Z] [info] Open repository: /home/eragon/repos/fluves/cn-ws
[2022-09-01T16:40:01.730Z] > git for-each-ref --format=%(refname)%00%(upstream:short)%00%(objectname)%00%(upstream:track)%00%(upstream:remotename)%00%(upstream:remoteref) refs/heads/JA_data_align refs/remotes/JA_data_align [59ms]
[2022-09-01T16:40:01.759Z] > git status -z -uall [33ms]
[2022-09-01T16:40:01.763Z] > git remote --verbose [26ms]
[2022-09-01T16:40:01.763Z] > git for-each-ref --sort -committerdate --format %(refname) %(objectname) %(*objectname) [30ms]
[2022-09-01T16:40:01.764Z] > git rev-parse --show-toplevel [34ms]
[2022-09-01T16:40:01.768Z] > git remote --verbose [49ms]
[2022-09-01T16:40:01.768Z] > git for-each-ref --sort -committerdate --format %(refname) %(objectname) %(*objectname) [52ms]
[2022-09-01T16:40:01.769Z] > git symbolic-ref --short HEAD [58ms]
[2022-09-01T16:40:01.774Z] > git config --get commit.template [74ms]
[2022-09-01T16:40:01.796Z] > git for-each-ref --format=%(refname)%00%(upstream:short)%00%(objectname)%00%(upstream:track)%00%(upstream:remotename)%00%(upstream:remoteref) refs/heads/master refs/remotes/master [22ms]
[2022-09-01T16:40:01.804Z] > git rev-parse --git-dir --git-common-dir [36ms]
[2022-09-01T16:40:01.806Z] [info] Open repository: /home/eragon/repos/cheatsheet
[2022-09-01T16:40:01.814Z] > git symbolic-ref --short HEAD [52ms]
[2022-09-01T16:40:01.827Z] > git status -z -uall [48ms]
[2022-09-01T16:40:01.833Z] > git status -z -uall [23ms]
[2022-09-01T16:40:01.840Z] > git for-each-ref --format=%(refname)%00%(upstream:short)%00%(objectname)%00%(upstream:track)%00%(upstream:remotename)%00%(upstream:remoteref) refs/heads/github-migrations refs/remotes/github-migrations [22ms]
[2022-09-01T16:40:01.847Z] > git rev-parse --show-toplevel [33ms]
[2022-09-01T16:40:01.852Z] > git remote --verbose [48ms]
[2022-09-01T16:40:01.852Z] > git for-each-ref --sort -committerdate --format %(refname) %(objectname) %(*objectname) [52ms]
[2022-09-01T16:40:01.854Z] > git config --get commit.template [64ms]
[2022-09-01T16:40:01.854Z] > git config --get commit.template [69ms]
[2022-09-01T16:40:01.876Z] > git status -z -uall [18ms]
[2022-09-01T16:40:01.882Z] > git rev-parse --git-dir --git-common-dir [30ms]
[2022-09-01T16:40:01.884Z] [info] Open repository: /home/eragon/repos/fluves/pydts
[2022-09-01T16:40:01.896Z] > git remote --verbose [49ms]
[2022-09-01T16:40:01.897Z] > git for-each-ref --sort -committerdate --format %(refname) %(objectname) %(*objectname) [54ms]
[2022-09-01T16:40:01.897Z] > git symbolic-ref --short HEAD [58ms]
[2022-09-01T16:40:01.904Z] > git symbolic-ref --short HEAD [71ms]
[2022-09-01T16:40:01.911Z] > git status -z -uall [21ms]
[2022-09-01T16:40:01.918Z] > git for-each-ref --format=%(refname)%00%(upstream:short)%00%(objectname)%00%(upstream:track)%00%(upstream:remotename)%00%(upstream:remoteref) refs/heads/main refs/remotes/main [15ms]
[2022-09-01T16:40:01.929Z] > git rev-parse --show-toplevel [33ms]
[2022-09-01T16:40:01.934Z] > git symbolic-ref --short HEAD [52ms]
[2022-09-01T16:40:01.939Z] > git config --get commit.template [68ms]
[2022-09-01T16:40:01.955Z] > git status -z -uall [10ms]
[2022-09-01T16:40:01.960Z] > git for-each-ref --format=%(refname)%00%(upstream:short)%00%(objectname)%00%(upstream:track)%00%(upstream:remotename)%00%(upstream:remoteref) refs/heads/JA_data_align refs/remotes/JA_data_align [21ms]
[2022-09-01T16:40:01.968Z] > git rev-parse --git-dir --git-common-dir [35ms]
[2022-09-01T16:40:01.970Z] [info] Open repository: /home/eragon/repos/fluves/pycnws
[2022-09-01T16:40:01.982Z] > git remote --verbose [54ms]
[2022-09-01T16:40:01.983Z] > git for-each-ref --sort -committerdate --format %(refname) %(objectname) %(*objectname) [60ms]
[2022-09-01T16:40:01.984Z] > git symbolic-ref --short HEAD [67ms]
[2022-09-01T16:40:01.989Z] > git for-each-ref --format=%(refname)%00%(upstream:short)%00%(objectname)%00%(upstream:track)%00%(upstream:remotename)%00%(upstream:remoteref) refs/heads/3D_Modeling refs/remotes/3D_Modeling [79ms]
[2022-09-01T16:40:02.015Z] > git status -z -uall [40ms]
[2022-09-01T16:40:02.020Z] > git remote --verbose [21ms]
[2022-09-01T16:40:02.020Z] > git for-each-ref --sort -committerdate --format %(refname) %(objectname) %(*objectname) [25ms]
[2022-09-01T16:40:02.022Z] > git for-each-ref --format=%(refname)%00%(upstream:short)%00%(objectname)%00%(upstream:track)%00%(upstream:remotename)%00%(upstream:remoteref) refs/heads/master refs/remotes/master [33ms]
[2022-09-01T16:40:02.034Z] > git rev-parse --show-toplevel [52ms]
[2022-09-01T16:40:02.034Z] fatal: not a git repository (or any parent up to mount point /)
Stopping at filesystem boundary (GIT_DISCOVERY_ACROSS_FILESYSTEM not set).
[2022-09-01T16:40:02.035Z] > git remote --verbose [67ms]
[2022-09-01T16:40:02.035Z] > git for-each-ref --sort -committerdate --format %(refname) %(objectname) %(*objectname) [71ms]
[2022-09-01T16:40:02.036Z] > git symbolic-ref --short HEAD [76ms]
[2022-09-01T16:40:02.068Z] > git for-each-ref --format=%(refname)%00%(upstream:short)%00%(objectname)%00%(upstream:track)%00%(upstream:remotename)%00%(upstream:remoteref) refs/heads/master refs/remotes/master [27ms]
[2022-09-01T16:40:02.076Z] > git remote --verbose [43ms]
[2022-09-01T16:40:02.077Z] > git for-each-ref --sort -committerdate --format %(refname) %(objectname) %(*objectname) [49ms]
[2022-09-01T16:40:02.078Z] > git symbolic-ref --short HEAD [58ms]
[2022-09-01T16:40:02.082Z] > git config --get commit.template [76ms]
[2022-09-01T16:40:02.097Z] > git status -z -uall [11ms]
[2022-09-01T16:40:02.101Z] > git for-each-ref --format=%(refname)%00%(upstream:short)%00%(objectname)%00%(upstream:track)%00%(upstream:remotename)%00%(upstream:remoteref) refs/heads/io-testing refs/remotes/io-testing [19ms]
[2022-09-01T16:40:02.110Z] > git remote --verbose [34ms]
[2022-09-01T16:40:02.110Z] > git for-each-ref --sort -committerdate --format %(refname) %(objectname) %(*objectname) [37ms]
[2022-09-01T16:40:02.111Z] > git config --get commit.template [49ms]
[2022-09-01T16:40:02.111Z] > git config --get commit.template [53ms]
[2022-09-01T16:40:02.111Z] > git config --get commit.template [58ms]
[2022-09-01T16:40:02.128Z] > git status -z -uall [12ms]
[2022-09-01T16:40:02.133Z] > git remote --verbose [23ms]
[2022-09-01T16:40:02.133Z] > git for-each-ref --sort -committerdate --format %(refname) %(objectname) %(*objectname) [28ms]
[2022-09-01T16:40:02.133Z] > git symbolic-ref --short HEAD [32ms]
[2022-09-01T16:40:02.137Z] > git config --get commit.template [40ms]
[2022-09-01T16:40:02.145Z] > git status -z -uall [4ms]
[2022-09-01T16:40:02.150Z] > git for-each-ref --format=%(refname)%00%(upstream:short)%00%(objectname)%00%(upstream:track)%00%(upstream:remotename)%00%(upstream:remoteref) refs/heads/main refs/remotes/main [14ms]
[2022-09-01T16:40:02.158Z] > git symbolic-ref --short HEAD [26ms]
[2022-09-01T16:40:02.162Z] > git config --get commit.template [36ms]
[2022-09-01T16:40:02.172Z] > git for-each-ref --format=%(refname)%00%(upstream:short)%00%(objectname)%00%(upstream:track)%00%(upstream:remotename)%00%(upstream:remoteref) refs/heads/github-migrations refs/remotes/github-migrations [10ms]
[2022-09-01T16:40:02.180Z] > git remote --verbose [22ms]
[2022-09-01T16:40:02.180Z] > git for-each-ref --sort -committerdate --format %(refname) %(objectname) %(*objectname) [26ms]
[2022-09-01T16:40:02.181Z] > git symbolic-ref --short HEAD [32ms]
[2022-09-01T16:40:02.198Z] > git remote --verbose [19ms]
[2022-09-01T16:40:02.198Z] > git for-each-ref --sort -committerdate --format %(refname) %(objectname) %(*objectname) [22ms]
[2022-09-01T16:40:02.214Z] > git config --get commit.template [18ms]
[2022-09-01T16:40:02.214Z] > git for-each-ref --format=%(refname)%00%(upstream:short)%00%(objectname)%00%(upstream:track)%00%(upstream:remotename)%00%(upstream:remoteref) refs/heads/master refs/remotes/master [30ms]
[2022-09-01T16:40:02.237Z] > git for-each-ref --sort -committerdate --format %(refname) %(objectname) %(*objectname) [19ms]
[2022-09-01T16:40:02.237Z] > git config --get commit.template [24ms]
[2022-09-01T16:40:02.247Z] > git status -z -uall [6ms]
[2022-09-01T16:40:02.253Z] > git remote --verbose [31ms]
[2022-09-01T16:40:02.263Z] > git symbolic-ref --short HEAD [10ms]
[2022-09-01T16:40:02.271Z] > git for-each-ref --format=%(refname)%00%(upstream:short)%00%(objectname)%00%(upstream:track)%00%(upstream:remotename)%00%(upstream:remoteref) refs/heads/io-testing refs/remotes/io-testing [4ms]
[2022-09-01T16:40:02.279Z] > git config --get commit.template [18ms]
[2022-09-01T16:40:02.279Z] > git config --get commit.template [21ms]
[2022-09-01T16:40:02.280Z] > git remote --verbose [2ms]
[2022-09-01T16:40:02.280Z] > git for-each-ref --sort -committerdate --format %(refname) %(objectname) %(*objectname) [5ms]
[2022-09-01T16:40:02.299Z] > git config --get commit.template [5ms]
[2022-09-01T16:40:02.555Z] > git check-ignore -v -z --stdin [40ms]
[2022-09-01T16:40:02.556Z] > git check-ignore -v -z --stdin [35ms]
[2022-09-01T16:40:02.556Z] > git check-ignore -v -z --stdin [29ms]
[2022-09-01T16:40:02.556Z] > git check-ignore -v -z --stdin [24ms]
[2022-09-01T16:40:02.556Z] > git check-ignore -v -z --stdin [18ms]
[2022-09-01T16:40:02.556Z] > git check-ignore -v -z --stdin [8ms]
[2022-09-01T16:40:02.556Z] > git check-ignore -v -z --stdin [13ms]
[2022-09-01T16:40:02.557Z] > git check-ignore -v -z --stdin [3ms]
