[2022-09-02 08:48:05.592] [exthost] [info] Extension host with pid 5467 started
[2022-09-02 08:48:05.592] [exthost] [info] Skipping acquiring lock for /home/eragon/.config/VSCodium/User/workspaceStorage/eb551270843c89430e038eb70e0c43ea.
[2022-09-02 08:48:05.671] [exthost] [info] ExtensionService#_doActivateExtension vscode.extension-editing, startup: false, activationEvent: 'onLanguage:markdown'
[2022-09-02 08:48:05.686] [exthost] [info] ExtensionService#_doActivateExtension vscode.markdown-language-features, startup: false, activationEvent: 'onLanguage:markdown'
[2022-09-02 08:48:05.771] [exthost] [info] ExtensionService#_doActivateExtension shd101wyy.markdown-preview-enhanced, startup: false, activationEvent: 'onLanguage:markdown'
[2022-09-02 08:48:06.216] [exthost] [info] ExtensionService#_doActivateExtension yzhang.markdown-all-in-one, startup: false, activationEvent: 'onLanguage:markdown'
[2022-09-02 08:48:06.291] [exthost] [info] ExtensionService#_doActivateExtension vscode.debug-auto-launch, startup: true, activationEvent: '*'
[2022-09-02 08:48:06.293] [exthost] [info] ExtensionService#_doActivateExtension vscode.git-base, startup: true, activationEvent: '*', root cause: vscode.git
[2022-09-02 08:48:06.295] [exthost] [info] ExtensionService#_doActivateExtension vscode.ipynb, startup: true, activationEvent: '*'
[2022-09-02 08:48:06.298] [exthost] [info] ExtensionService#_doActivateExtension mhutchie.git-graph, startup: true, activationEvent: '*'
[2022-09-02 08:48:06.319] [exthost] [info] ExtensionService#_doActivateExtension reduckted.vscode-gitweblinks, startup: true, activationEvent: '*'
[2022-09-02 08:48:06.329] [exthost] [info] ExtensionService#_doActivateExtension vscode.markdown-math, startup: false, activationEvent: 'api', root cause: yzhang.markdown-all-in-one
[2022-09-02 08:48:06.393] [exthost] [info] ExtensionService#_doActivateExtension vscode.git, startup: true, activationEvent: '*'
[2022-09-02 08:48:06.409] [exthost] [info] ExtensionService#_doActivateExtension vscode.github, startup: true, activationEvent: '*'
[2022-09-02 08:48:06.452] [exthost] [info] Eager extensions activated
[2022-09-02 08:48:06.465] [exthost] [info] ExtensionService#_doActivateExtension vscode.emmet, startup: false, activationEvent: 'onStartupFinished'
[2022-09-02 08:48:06.471] [exthost] [info] ExtensionService#_doActivateExtension vscode.merge-conflict, startup: false, activationEvent: 'onStartupFinished'
[2022-09-02 08:48:06.473] [exthost] [info] ExtensionService#_doActivateExtension eamodio.gitlens, startup: false, activationEvent: 'onStartupFinished'
[2022-09-02 08:48:06.568] [exthost] [info] ExtensionService#_doActivateExtension felipecaputo.git-project-manager, startup: false, activationEvent: 'onStartupFinished'
[2022-09-02 08:48:07.013] [exthost] [info] ExtensionService#_doActivateExtension vscode.github-authentication, startup: false, activationEvent: 'onAuthenticationRequest:github'
[2022-09-02 08:48:17.954] [exthost] [info] Extension host terminating: received terminate message from renderer
[2022-09-02 08:48:17.972] [exthost] [info] Extension host with pid 5467 exiting with code 0
