[08:48:33.207] Activating extension.
[08:48:33.207] Executing git -c core.quotepath=false --version
[08:48:33.237] Workspace folders changed: {
  added: [
    'file:///home/eragon/repos/fluves/pyiotdataflow',
    'file:///home/eragon/repos/fluves/iot-modeling',
    'file:///home/eragon/repos/fluves/dali-intrusion-data-analysis',
    'file:///home/eragon/repos/fluves/infrastructure',
    'file:///home/eragon/repos/fluves/cn-ws',
    'file:///home/eragon/repos/cheatsheet',
    'file:///home/eragon/repos/fluves/pydts',
    'file:///home/eragon/repos/fluves/pycnws'
  ],
  removed: []
}
[08:48:33.237] Adding workspace folder 'file:///home/eragon/repos/fluves/pyiotdataflow'.
[08:48:33.237] Searching for Git repositories in workspace '/home/eragon/repos/fluves/pyiotdataflow'...
[08:48:33.237] Searching up from the workspace root...
[08:48:33.288] Found a repository at '/home/eragon/repos/fluves/pyiotdataflow'.
[08:48:33.288] Workspace details: {
  uri: 'file:///home/eragon/repos/fluves/pyiotdataflow',
  hasRepositories: true
}
[08:48:33.288] Adding workspace folder 'file:///home/eragon/repos/fluves/iot-modeling'.
[08:48:33.288] Searching for Git repositories in workspace '/home/eragon/repos/fluves/iot-modeling'...
[08:48:33.288] Searching up from the workspace root...
[08:48:33.301] Found a repository at '/home/eragon/repos/fluves/iot-modeling'.
[08:48:33.301] Workspace details: {
  uri: 'file:///home/eragon/repos/fluves/iot-modeling',
  hasRepositories: true
}
[08:48:33.301] Adding workspace folder 'file:///home/eragon/repos/fluves/dali-intrusion-data-analysis'.
[08:48:33.301] Searching for Git repositories in workspace '/home/eragon/repos/fluves/dali-intrusion-data-analysis'...
[08:48:33.301] Searching up from the workspace root...
[08:48:33.343] Found a repository at '/home/eragon/repos/fluves/dali-intrusion-data-analysis'.
[08:48:33.343] Workspace details: {
  uri: 'file:///home/eragon/repos/fluves/dali-intrusion-data-analysis',
  hasRepositories: true
}
[08:48:33.343] Adding workspace folder 'file:///home/eragon/repos/fluves/infrastructure'.
[08:48:33.343] Searching for Git repositories in workspace '/home/eragon/repos/fluves/infrastructure'...
[08:48:33.343] Searching up from the workspace root...
[08:48:33.360] Found a repository at '/home/eragon/repos/fluves/infrastructure'.
[08:48:33.361] Workspace details: {
  uri: 'file:///home/eragon/repos/fluves/infrastructure',
  hasRepositories: true
}
[08:48:33.361] Adding workspace folder 'file:///home/eragon/repos/fluves/cn-ws'.
[08:48:33.361] Searching for Git repositories in workspace '/home/eragon/repos/fluves/cn-ws'...
[08:48:33.361] Searching up from the workspace root...
[08:48:33.379] Found a repository at '/home/eragon/repos/fluves/cn-ws'.
[08:48:33.379] Workspace details: {
  uri: 'file:///home/eragon/repos/fluves/cn-ws',
  hasRepositories: true
}
[08:48:33.379] Adding workspace folder 'file:///home/eragon/repos/cheatsheet'.
[08:48:33.379] Searching for Git repositories in workspace '/home/eragon/repos/cheatsheet'...
[08:48:33.379] Searching up from the workspace root...
[08:48:33.390] Found a repository at '/home/eragon/repos/cheatsheet'.
[08:48:33.390] Workspace details: { uri: 'file:///home/eragon/repos/cheatsheet', hasRepositories: true }
[08:48:33.390] Adding workspace folder 'file:///home/eragon/repos/fluves/pydts'.
[08:48:33.390] Searching for Git repositories in workspace '/home/eragon/repos/fluves/pydts'...
[08:48:33.390] Searching up from the workspace root...
[08:48:33.519] Found a repository at '/home/eragon/repos/fluves/pydts'.
[08:48:33.520] Workspace details: {
  uri: 'file:///home/eragon/repos/fluves/pydts',
  hasRepositories: true
}
[08:48:33.520] Adding workspace folder 'file:///home/eragon/repos/fluves/pycnws'.
[08:48:33.520] Searching for Git repositories in workspace '/home/eragon/repos/fluves/pycnws'...
[08:48:33.520] Searching up from the workspace root...
[08:48:33.579] Found a repository at '/home/eragon/repos/fluves/pycnws'.
[08:48:33.580] Workspace details: {
  uri: 'file:///home/eragon/repos/fluves/pycnws',
  hasRepositories: true
}
