[2022-09-02T06:48:33.312Z] Log level: Info
[2022-09-02T06:48:33.312Z] [info] Validating found git in: git
[2022-09-02T06:48:33.361Z] [info] Using git  from git
[2022-09-02T06:48:33.384Z] > git rev-parse --show-toplevel [14ms]
[2022-09-02T06:48:33.560Z] > git rev-parse --git-dir --git-common-dir [171ms]
[2022-09-02T06:48:33.563Z] [info] Open repository: /home/eragon/repos/fluves/pyiotdataflow
[2022-09-02T06:48:33.586Z] > git status -z -uall [18ms]
[2022-09-02T06:48:33.591Z] > git rev-parse --show-toplevel [20ms]
[2022-09-02T06:48:33.714Z] > git rev-parse --git-dir --git-common-dir [118ms]
[2022-09-02T06:48:33.715Z] [info] Open repository: /home/eragon/repos/fluves/iot-modeling
[2022-09-02T06:48:33.724Z] > git symbolic-ref --short HEAD [134ms]
[2022-09-02T06:48:33.730Z] > git rev-parse --show-toplevel [7ms]
[2022-09-02T06:48:33.736Z] > git rev-parse --git-dir --git-common-dir [2ms]
[2022-09-02T06:48:33.737Z] [info] Open repository: /home/eragon/repos/fluves/dali-intrusion-data-analysis
[2022-09-02T06:48:33.748Z] > git for-each-ref --format=%(refname)%00%(upstream:short)%00%(objectname)%00%(upstream:track)%00%(upstream:remotename)%00%(upstream:remoteref) refs/heads/hydromet refs/remotes/hydromet [21ms]
[2022-09-02T06:48:33.763Z] > git status -z -uall [44ms]
[2022-09-02T06:48:33.767Z] > git status -z -uall [24ms]
[2022-09-02T06:48:33.771Z] > git remote --verbose [16ms]
[2022-09-02T06:48:33.772Z] > git for-each-ref --sort -committerdate --format %(refname) %(objectname) %(*objectname) [20ms]
[2022-09-02T06:48:33.774Z] > git rev-parse --show-toplevel [27ms]
[2022-09-02T06:48:33.793Z] > git symbolic-ref --short HEAD [22ms]
[2022-09-02T06:48:33.797Z] > git symbolic-ref --short HEAD [30ms]
[2022-09-02T06:48:33.815Z] > git for-each-ref --format=%(refname)%00%(upstream:short)%00%(objectname)%00%(upstream:track)%00%(upstream:remotename)%00%(upstream:remoteref) refs/heads/JA_data_align refs/remotes/JA_data_align [18ms]
[2022-09-02T06:48:33.823Z] > git config --get commit.template [38ms]
[2022-09-02T06:48:33.827Z] > git rev-parse --git-dir --git-common-dir [49ms]
[2022-09-02T06:48:33.829Z] [info] Open repository: /home/eragon/repos/fluves/infrastructure
[2022-09-02T06:48:33.840Z] > git status -z -uall [13ms]
[2022-09-02T06:48:33.845Z] > git rev-parse --show-toplevel [8ms]
[2022-09-02T06:48:33.851Z] > git remote --verbose [29ms]
[2022-09-02T06:48:33.851Z] > git for-each-ref --sort -committerdate --format %(refname) %(objectname) %(*objectname) [32ms]
[2022-09-02T06:48:33.854Z] > git for-each-ref --format=%(refname)%00%(upstream:short)%00%(objectname)%00%(upstream:track)%00%(upstream:remotename)%00%(upstream:remoteref) refs/heads/3D_Modeling refs/remotes/3D_Modeling [52ms]
[2022-09-02T06:48:33.873Z] > git status -z -uall [40ms]
[2022-09-02T06:48:33.877Z] > git rev-parse --git-dir --git-common-dir [27ms]
[2022-09-02T06:48:33.878Z] [info] Open repository: /home/eragon/repos/fluves/cn-ws
[2022-09-02T06:48:33.886Z] > git symbolic-ref --short HEAD [41ms]
[2022-09-02T06:48:33.892Z] > git status -z -uall [10ms]
[2022-09-02T06:48:33.896Z] > git rev-parse --show-toplevel [10ms]
[2022-09-02T06:48:33.902Z] > git symbolic-ref --short HEAD [26ms]
[2022-09-02T06:48:33.907Z] > git config --get commit.template [40ms]
[2022-09-02T06:48:33.912Z] > git for-each-ref --sort -committerdate --format %(refname) %(objectname) %(*objectname) [54ms]
[2022-09-02T06:48:33.913Z] > git remote --verbose [51ms]
[2022-09-02T06:48:33.931Z] > git status -z -uall [19ms]
[2022-09-02T06:48:33.936Z] > git for-each-ref --format=%(refname)%00%(upstream:short)%00%(objectname)%00%(upstream:track)%00%(upstream:remotename)%00%(upstream:remoteref) refs/heads/master refs/remotes/master [29ms]
[2022-09-02T06:48:33.945Z] > git rev-parse --git-dir --git-common-dir [43ms]
[2022-09-02T06:48:33.947Z] [info] Open repository: /home/eragon/repos/cheatsheet
[2022-09-02T06:48:33.957Z] > git symbolic-ref --short HEAD [61ms]
[2022-09-02T06:48:33.961Z] > git for-each-ref --format=%(refname)%00%(upstream:short)%00%(objectname)%00%(upstream:track)%00%(upstream:remotename)%00%(upstream:remoteref) refs/heads/hydromet refs/remotes/hydromet [71ms]
[2022-09-02T06:48:33.979Z] > git status -z -uall [27ms]
[2022-09-02T06:48:33.986Z] > git remote --verbose [17ms]
[2022-09-02T06:48:33.986Z] > git for-each-ref --sort -committerdate --format %(refname) %(objectname) %(*objectname) [21ms]
[2022-09-02T06:48:33.987Z] > git for-each-ref --format=%(refname)%00%(upstream:short)%00%(objectname)%00%(upstream:track)%00%(upstream:remotename)%00%(upstream:remoteref) refs/heads/github-migrations refs/remotes/github-migrations [26ms]
[2022-09-02T06:48:33.997Z] > git rev-parse --show-toplevel [40ms]
[2022-09-02T06:48:34.001Z] > git remote --verbose [56ms]
[2022-09-02T06:48:34.002Z] > git for-each-ref --sort -committerdate --format %(refname) %(objectname) %(*objectname) [62ms]
[2022-09-02T06:48:34.003Z] > git symbolic-ref --short HEAD [68ms]
[2022-09-02T06:48:34.007Z] > git config --get commit.template [81ms]
[2022-09-02T06:48:34.032Z] > git for-each-ref --format=%(refname)%00%(upstream:short)%00%(objectname)%00%(upstream:track)%00%(upstream:remotename)%00%(upstream:remoteref) refs/heads/JA_data_align refs/remotes/JA_data_align [25ms]
[2022-09-02T06:48:34.042Z] > git rev-parse --git-dir --git-common-dir [40ms]
[2022-09-02T06:48:34.043Z] [info] Open repository: /home/eragon/repos/fluves/pydts
[2022-09-02T06:48:34.054Z] > git remote --verbose [58ms]
[2022-09-02T06:48:34.054Z] > git for-each-ref --sort -committerdate --format %(refname) %(objectname) %(*objectname) [62ms]
[2022-09-02T06:48:34.054Z] > git symbolic-ref --short HEAD [69ms]
[2022-09-02T06:48:34.061Z] > git status -z -uall [49ms]
[2022-09-02T06:48:34.066Z] > git status -z -uall [17ms]
[2022-09-02T06:48:34.071Z] > git for-each-ref --format=%(refname)%00%(upstream:short)%00%(objectname)%00%(upstream:track)%00%(upstream:remotename)%00%(upstream:remoteref) refs/heads/main refs/remotes/main [13ms]
[2022-09-02T06:48:34.079Z] > git rev-parse --show-toplevel [25ms]
[2022-09-02T06:48:34.083Z] > git remote --verbose [42ms]
[2022-09-02T06:48:34.083Z] > git for-each-ref --sort -committerdate --format %(refname) %(objectname) %(*objectname) [46ms]
[2022-09-02T06:48:34.084Z] > git config --get commit.template [61ms]
[2022-09-02T06:48:34.089Z] > git config --get commit.template [71ms]
[2022-09-02T06:48:34.107Z] > git status -z -uall [18ms]
[2022-09-02T06:48:34.112Z] > git rev-parse --git-dir --git-common-dir [29ms]
[2022-09-02T06:48:34.113Z] [info] Open repository: /home/eragon/repos/fluves/pycnws
[2022-09-02T06:48:34.120Z] > git remote --verbose [41ms]
[2022-09-02T06:48:34.120Z] > git for-each-ref --sort -committerdate --format %(refname) %(objectname) %(*objectname) [45ms]
[2022-09-02T06:48:34.122Z] > git symbolic-ref --short HEAD [51ms]
[2022-09-02T06:48:34.125Z] > git symbolic-ref --short HEAD [59ms]
[2022-09-02T06:48:34.136Z] > git status -z -uall [19ms]
[2022-09-02T06:48:34.141Z] > git for-each-ref --format=%(refname)%00%(upstream:short)%00%(objectname)%00%(upstream:track)%00%(upstream:remotename)%00%(upstream:remoteref) refs/heads/master refs/remotes/master [16ms]
[2022-09-02T06:48:34.148Z] > git rev-parse --show-toplevel [28ms]
[2022-09-02T06:48:34.148Z] fatal: not a git repository (or any parent up to mount point /)
Stopping at filesystem boundary (GIT_DISCOVERY_ACROSS_FILESYSTEM not set).
[2022-09-02T06:48:34.150Z] > git symbolic-ref --short HEAD [39ms]
[2022-09-02T06:48:34.154Z] > git config --get commit.template [54ms]
[2022-09-02T06:48:34.174Z] > git for-each-ref --format=%(refname)%00%(upstream:short)%00%(objectname)%00%(upstream:track)%00%(upstream:remotename)%00%(upstream:remoteref) refs/heads/master refs/remotes/master [21ms]
[2022-09-02T06:48:34.182Z] > git remote --verbose [34ms]
[2022-09-02T06:48:34.182Z] > git for-each-ref --sort -committerdate --format %(refname) %(objectname) %(*objectname) [37ms]
[2022-09-02T06:48:34.183Z] > git symbolic-ref --short HEAD [43ms]
[2022-09-02T06:48:34.186Z] > git config --get commit.template [52ms]
[2022-09-02T06:48:34.190Z] > git for-each-ref --format=%(refname)%00%(upstream:short)%00%(objectname)%00%(upstream:track)%00%(upstream:remotename)%00%(upstream:remoteref) refs/heads/3D_Modeling refs/remotes/3D_Modeling [61ms]
[2022-09-02T06:48:34.209Z] > git status -z -uall [19ms]
[2022-09-02T06:48:34.214Z] > git remote --verbose [18ms]
[2022-09-02T06:48:34.214Z] > git for-each-ref --sort -committerdate --format %(refname) %(objectname) %(*objectname) [21ms]
[2022-09-02T06:48:34.215Z] > git for-each-ref --format=%(refname)%00%(upstream:short)%00%(objectname)%00%(upstream:track)%00%(upstream:remotename)%00%(upstream:remoteref) refs/heads/io-testing refs/remotes/io-testing [29ms]
[2022-09-02T06:48:34.225Z] > git remote --verbose [44ms]
[2022-09-02T06:48:34.226Z] > git for-each-ref --sort -committerdate --format %(refname) %(objectname) %(*objectname) [48ms]
[2022-09-02T06:48:34.227Z] > git config --get commit.template [64ms]
[2022-09-02T06:48:34.253Z] > git status -z -uall [21ms]
[2022-09-02T06:48:34.257Z] > git remote --verbose [32ms]
[2022-09-02T06:48:34.258Z] > git for-each-ref --sort -committerdate --format %(refname) %(objectname) %(*objectname) [38ms]
[2022-09-02T06:48:34.258Z] > git symbolic-ref --short HEAD [45ms]
[2022-09-02T06:48:34.263Z] > git config --get commit.template [55ms]
[2022-09-02T06:48:34.291Z] > git status -z -uall [22ms]
[2022-09-02T06:48:34.296Z] > git for-each-ref --format=%(refname)%00%(upstream:short)%00%(objectname)%00%(upstream:track)%00%(upstream:remotename)%00%(upstream:remoteref) refs/heads/main refs/remotes/main [33ms]
[2022-09-02T06:48:34.305Z] > git symbolic-ref --short HEAD [48ms]
[2022-09-02T06:48:34.310Z] > git config --get commit.template [61ms]
[2022-09-02T06:48:34.311Z] > git config --get commit.template [66ms]
[2022-09-02T06:48:34.313Z] > git for-each-ref --format=%(refname)%00%(upstream:short)%00%(objectname)%00%(upstream:track)%00%(upstream:remotename)%00%(upstream:remoteref) refs/heads/github-migrations refs/remotes/github-migrations [3ms]
[2022-09-02T06:48:34.321Z] > git remote --verbose [17ms]
[2022-09-02T06:48:34.321Z] > git for-each-ref --sort -committerdate --format %(refname) %(objectname) %(*objectname) [21ms]
[2022-09-02T06:48:34.323Z] > git symbolic-ref --short HEAD [27ms]
[2022-09-02T06:48:34.341Z] > git for-each-ref --format=%(refname)%00%(upstream:short)%00%(objectname)%00%(upstream:track)%00%(upstream:remotename)%00%(upstream:remoteref) refs/heads/master refs/remotes/master [15ms]
[2022-09-02T06:48:34.354Z] > git remote --verbose [33ms]
[2022-09-02T06:48:34.354Z] > git for-each-ref --sort -committerdate --format %(refname) %(objectname) %(*objectname) [37ms]
[2022-09-02T06:48:34.386Z] > git remote --verbose [32ms]
[2022-09-02T06:48:34.386Z] > git for-each-ref --sort -committerdate --format %(refname) %(objectname) %(*objectname) [37ms]
[2022-09-02T06:48:34.387Z] > git config --get commit.template [47ms]
[2022-09-02T06:48:34.401Z] > git config --get commit.template [42ms]
[2022-09-02T06:48:34.408Z] > git status -z -uall [3ms]
[2022-09-02T06:48:34.417Z] > git config --get commit.template [21ms]
[2022-09-02T06:48:34.424Z] > git symbolic-ref --short HEAD [12ms]
[2022-09-02T06:48:34.430Z] > git for-each-ref --format=%(refname)%00%(upstream:short)%00%(objectname)%00%(upstream:track)%00%(upstream:remotename)%00%(upstream:remoteref) refs/heads/io-testing refs/remotes/io-testing [2ms]
[2022-09-02T06:48:34.438Z] > git config --get commit.template [16ms]
[2022-09-02T06:48:34.439Z] > git remote --verbose [1ms]
[2022-09-02T06:48:34.439Z] > git for-each-ref --sort -committerdate --format %(refname) %(objectname) %(*objectname) [5ms]
[2022-09-02T06:48:34.448Z] > git config --get commit.template [4ms]
[2022-09-02T06:48:34.700Z] > git check-ignore -v -z --stdin [30ms]
[2022-09-02T06:48:34.700Z] > git check-ignore -v -z --stdin [27ms]
[2022-09-02T06:48:34.700Z] > git check-ignore -v -z --stdin [23ms]
[2022-09-02T06:48:34.700Z] > git check-ignore -v -z --stdin [18ms]
[2022-09-02T06:48:34.700Z] > git check-ignore -v -z --stdin [14ms]
[2022-09-02T06:48:34.700Z] > git check-ignore -v -z --stdin [9ms]
[2022-09-02T06:48:34.701Z] > git check-ignore -v -z --stdin [2ms]
[2022-09-02T06:48:34.701Z] > git check-ignore -v -z --stdin [6ms]
[2022-09-02T07:29:07.039Z] > git check-ignore -v -z --stdin [2ms]
[2022-09-02T07:29:08.845Z] > git check-ignore -v -z --stdin [0ms]
[2022-09-02T07:29:10.405Z] > git check-ignore -v -z --stdin [1ms]
[2022-09-02T07:29:35.158Z] > git status -z -uall [2ms]
[2022-09-02T07:29:35.167Z] > git symbolic-ref --short HEAD [1ms]
[2022-09-02T07:29:35.176Z] > git for-each-ref --format=%(refname)%00%(upstream:short)%00%(objectname)%00%(upstream:track)%00%(upstream:remotename)%00%(upstream:remoteref) refs/heads/hydromet refs/remotes/hydromet [1ms]
[2022-09-02T07:29:35.192Z] > git for-each-ref --sort -committerdate --format %(refname) %(objectname) %(*objectname) [8ms]
[2022-09-02T07:29:35.192Z] > git remote --verbose [1ms]
[2022-09-02T07:29:35.203Z] > git config --get commit.template [1ms]
[2022-09-02T08:12:25.354Z] > git rev-parse --show-toplevel [5ms]
[2022-09-02T08:12:25.354Z] fatal: not a git repository (or any parent up to mount point /)
Stopping at filesystem boundary (GIT_DISCOVERY_ACROSS_FILESYSTEM not set).
