[95917][1661426561745][main][info]["Booting Postman 9.25.2, linux-5.18.19-201.fsync.fc36.x86_64 on x64"]
[95917][1661426561747][main][info]["EventBus~initialize - Success"]
[95917][1661426561748][main][info]["Proxy configuration has not been setup"]
[95917][1661426561749][main][info]["CloudProxyManager~init - Success"]
[95917][1661426561754][main][info]["UpdateHandler~init - Success"]
[95917][1661426561756][main][info]["LeaderSelection: Initialized successfully"]
[95917][1661426561756][main][info]["VersionDependencyService: Initialized successfully"]
[95917][1661426561763][main][info]["LinuxAutoUpdater~Cleanup - Initial cleanup successful"]
[95917][1661426561764][main][info]["Generated root certificate for linux"]
[95917][1661426561772][main][info]["GPU detected VID 0 DID 0 ACTIVE false"]
[95917][1661426562262][main][info]["RuntimeIPCAgent~started: Success"]
[95917][1661426563495][main][info]["UpdateHandler~app-update-events - Received event",{"name":"checkForElectronVersionUpdated","namespace":"appUpdate"}]
[95917][1661426563505][main][info]["windowManager: First requester booted successfully."]
[95917][1661426563506][main][info]["windowManager~restoreWindows: Restoring requester windows"]
[95917][1661426563506][main][info]["Main~AppEvents - Received booted event for process requester.Version undefined UI Version: undefined Desktop Platform Version: 9.25.2"]
[95917][1661426569622][main][info]["VersionDependencyService: Resetting UI version as user logged out/switched account"]
[95917][1661426569623][main][info]["Main - model-events~user - (users, add) received"]
[95917][1661426569918][main][warn]["AuthHandler~open: Current app is not default protocol client - Falling back to polling mechanism."]
[95917][1661426589305][main][info]["UpdateHandler~app-update-events - Received event",{"name":"checkForElectronVersionUpdated","namespace":"appUpdate"}]
[95917][1661426589316][main][info]["windowManager: First requester booted successfully."]
[95917][1661426589316][main][info]["windowManager~restoreWindows: Restoring requester windows"]
[95917][1661426589317][main][info]["Main~AppEvents - Received booted event for process requester.Version 9.26.8 UI Version: 9.26.8-ui-220804-2023 Desktop Platform Version: 9.25.2"]
[95917][1661426589405][main][info]["Main - model-events~user - (authentication, get_auth_info) received"]
[95917][1661426589407][main][info]["Main - model-events~user - (authentication, authenticated) received"]
[95917][1661426589655][main][info]["Main - model-events~user - (user, update) received"]
[95917][1661426591428][main][info]["Main - model-events~user - (authentication, get_auth_info) received"]
[95917][1661426591428][main][info]["Main - model-events~user - (authentication, authenticated) received"]
[95917][1661426591436][main][info]["UpdateHandler~app-update-events - Received event",{"name":"checkForElectronVersionUpdated","namespace":"appUpdate"}]
[95917][1661426591447][main][info]["Main~AppEvents - Received booted event for process requester.Version 9.26.8 UI Version: 9.26.8-ui-220804-2023 Desktop Platform Version: 9.25.2"]
[95917][1661426591725][main][info]["Main - model-events~user - (user, update) received"]
[95917][1661426592005][main][info]["Main - model-events~user - (user, bootstrapUser) received"]
[95917][1661426592225][main][info]["Main - model-events~user - (user, bootstrapUser) received"]
[95917][1661426598105][main][info]["WindowManager~closeHandler - Closed Window (id: 3 )"]
[95917][1661426598118][main][info]["Quitting app"]
[17104][1661428371621][main][info]["Booting Postman 9.25.2, linux-5.18.19-201.fsync.fc36.x86_64 on x64"]
[17104][1661428371624][main][info]["EventBus~initialize - Success"]
[17104][1661428371626][main][info]["Proxy configuration has not been setup"]
[17104][1661428371626][main][info]["CloudProxyManager~init - Success"]
[17104][1661428371635][main][info]["UpdateHandler~init - Success"]
[17104][1661428371638][main][info]["LeaderSelection: Initialized successfully"]
[17104][1661428371638][main][info]["VersionDependencyService: Initialized successfully"]
[17104][1661428371645][main][info]["LinuxAutoUpdater~Cleanup - Initial cleanup successful"]
[17104][1661428371657][main][info]["GPU detected VID 0 DID 0 ACTIVE false"]
[17104][1661428372277][main][info]["RuntimeIPCAgent~started: Success"]
[17104][1661428378849][main][info]["UpdateHandler~app-update-events - Received event",{"name":"checkForElectronVersionUpdated","namespace":"appUpdate"}]
[17104][1661428378860][main][info]["windowManager: First requester booted successfully."]
[17104][1661428378860][main][info]["windowManager~restoreWindows: Restoring requester windows"]
[17104][1661428378861][main][info]["Main~AppEvents - Received booted event for process requester.Version 9.26.8 UI Version: 9.26.8-ui-220804-2023 Desktop Platform Version: 9.25.2"]
[17104][1661428379449][main][info]["Main - model-events~user - (user, bootstrapUser) received"]
[17104][1661428381687][main][info]["WindowManager~closeHandler - Closed Window (id: 1 )"]
[17104][1661428381697][main][info]["Quitting app"]
[17344][1661428390996][main][info]["Booting Postman 9.25.2, linux-5.18.19-201.fsync.fc36.x86_64 on x64"]
[17344][1661428390998][main][info]["EventBus~initialize - Success"]
[17344][1661428390999][main][info]["Proxy configuration has not been setup"]
[17344][1661428391000][main][info]["CloudProxyManager~init - Success"]
[17344][1661428391005][main][info]["UpdateHandler~init - Success"]
[17344][1661428391007][main][info]["LeaderSelection: Initialized successfully"]
[17344][1661428391007][main][info]["VersionDependencyService: Initialized successfully"]
[17344][1661428391013][main][info]["LinuxAutoUpdater~Cleanup - Initial cleanup successful"]
[17344][1661428391020][main][info]["GPU detected VID 0 DID 0 ACTIVE false"]
[17344][1661428391478][main][info]["RuntimeIPCAgent~started: Success"]
[17344][1661428392466][main][info]["UpdateHandler~app-update-events - Received event",{"name":"checkForElectronVersionUpdated","namespace":"appUpdate"}]
[17344][1661428392481][main][info]["windowManager: First requester booted successfully."]
[17344][1661428392481][main][info]["windowManager~restoreWindows: Restoring requester windows"]
[17344][1661428392482][main][info]["Main~AppEvents - Received booted event for process requester.Version 9.26.8 UI Version: 9.26.8-ui-220804-2023 Desktop Platform Version: 9.25.2"]
[17344][1661428392954][main][info]["Main - model-events~user - (user, bootstrapUser) received"]
[17344][1661428401415][main][info]["WindowManager~closeHandler - Closed Window (id: 1 )"]
[17344][1661428401425][main][info]["Quitting app"]
