[95917][1661426561971][shell][info]["EventBus~initialize - Success"]
[95917][1661426561977][shell][info]["bootShellCrashReporter~ Success"]
[95917][1661426562264][shell][info]["shellController~init: Success"]
[95917][1661426562264][shell][info]["shellMeta~init: Success"]
[95917][1661426562265][shell][info]["partitionMigrationService: State of V7 partition:"]
[95917][1661426562265][shell][info]["partitionMigrationService: V7 partitions",[]]
[95917][1661426562265][shell][info]["partitionMigrationService: V7 lastActiveUser",null]
[95917][1661426562265][shell][info]["partitionMigrationService: V7 activePartition",null]
[95917][1661426562265][shell][info]["partitionMigrationService: V7 isPartitionDirty",null]
[95917][1661426562266][shell][info]["partitionMigrationService~rectifyNamespaceOfScratchPadPartition: There is no partition with scratchpad namespace"]
[95917][1661426562266][shell][info]["partitionMigrationService~rectifyNamespaceOfScratchPadPartition: There is no transit partition which could have been used for scratchpad"]
[95917][1661426562266][shell][info]["partitionMigrationService~init: Success"]
[95917][1661426562266][shell][info]["partitionMigrationService~runV8PartitionsIntegrity: Two way migration~ removing the following partitions from v8",[]]
[95917][1661426562266][shell][info]["userPartitionService~_rectifyTheActivePartitionOfApplication: Setting the active partition to ",null]
[95917][1661426562267][shell][info]["userPartitionService~init: Success"]
[95917][1661426562267][shell][info]["userPartitionService: State of v8 partition system:"]
[95917][1661426562267][shell][info]["userPartitionService: List of partitions:",[]]
[95917][1661426562267][shell][info]["userPartitionService: users global meta:",{"activePartition":null}]
[95917][1661426562268][shell][info]["shell~init~getPartitionToLoad: loading scratchpad partition"]
[95917][1661426562270][shell][info]["init~setViewAttributes - Initializing view with opts:"]
[95917][1661426562270][shell][info]["Shell~init~setViewAttributes: passing scratchpad partition id as ","536e7faa-507b-4e13-90df-00f6653b0c13"]
[95917][1661426562270][shell][info]["Shell~init~setViewAttributes: do we have any logged in users? ",false]
[95917][1661426562271][shell][info]["init~setViewAttributes - Success"]
[95917][1661426563506][shell][info]["Shell~init~sendUsersDataToRenderer",[]]
[95917][1661426586431][shell][info]["EventBus~initialize - Success"]
[95917][1661426586438][shell][info]["bootShellCrashReporter~ Success"]
[95917][1661426586448][shell][info]["shellController~init: Success"]
[95917][1661426586448][shell][info]["shellMeta~init: Success"]
[95917][1661426586449][shell][info]["partitionMigrationService: State of V7 partition:"]
[95917][1661426586449][shell][info]["partitionMigrationService: V7 partitions",[]]
[95917][1661426586449][shell][info]["partitionMigrationService: V7 lastActiveUser",null]
[95917][1661426586449][shell][info]["partitionMigrationService: V7 activePartition",null]
[95917][1661426586449][shell][info]["partitionMigrationService: V7 isPartitionDirty",null]
[95917][1661426586450][shell][info]["partitionMigrationService~init: Success"]
[95917][1661426586450][shell][info]["partitionMigrationService~runV8PartitionsIntegrity: Two way migration~ removing the following partitions from v8",[]]
[95917][1661426586450][shell][info]["userPartitionService~_rectifyTheActivePartitionOfApplication: Setting the active partition to ",null]
[95917][1661426586450][shell][info]["userPartitionService~init: Success"]
[95917][1661426586451][shell][info]["Shell~init~loginUser: associating the user ","20905719"," with transit partition"]
[95917][1661426586451][shell][info]["userPartitionService~associateTransitPartition: ",{"partitionId":"50259c36-b863-4179-a28c-bb3496b4306d","context":{"namespace":"users","userId":"20905719","teamId":"0"}}]
[95917][1661426586452][shell][info]["userPartitionService: State of v8 partition system:"]
[95917][1661426586452][shell][info]["userPartitionService: List of partitions:",[{"partitionId":"50259c36-b863-4179-a28c-bb3496b4306d","namespace":"users","userId":"20905719","teamId":"0","lastUpdated":"2022-08-25T11:23:06.451Z"},{"partitionId":"536e7faa-507b-4e13-90df-00f6653b0c13","namespace":"scratchPad","userId":0,"teamId":0,"isDirty":false}]]
[95917][1661426586452][shell][info]["userPartitionService: users global meta:",{"activePartition":null}]
[95917][1661426586453][shell][info]["init~setViewAttributes - Initializing view with opts:"]
[95917][1661426586457][shell][info]["Shell~init~setViewAttributes: passing scratchpad partition id as ","536e7faa-507b-4e13-90df-00f6653b0c13"]
[95917][1661426586457][shell][info]["Shell~init~setViewAttributes: do we have any logged in users? ",true]
[95917][1661426586457][shell][info]["init~setViewAttributes - Success"]
[95917][1661426589316][shell][info]["Shell~init~sendUsersDataToRenderer",["20905719"]]
[95917][1661426589713][shell][info]["EventBus~initialize - Success"]
[95917][1661426589715][shell][info]["bootShellCrashReporter~ Success"]
[95917][1661426589722][shell][info]["shellController~init: Success"]
[95917][1661426589722][shell][info]["shellMeta~init: Success"]
[95917][1661426589722][shell][info]["partitionMigrationService: State of V7 partition:"]
[95917][1661426589723][shell][info]["partitionMigrationService: V7 partitions",[]]
[95917][1661426589723][shell][info]["partitionMigrationService: V7 lastActiveUser",null]
[95917][1661426589723][shell][info]["partitionMigrationService: V7 activePartition",null]
[95917][1661426589723][shell][info]["partitionMigrationService: V7 isPartitionDirty",null]
[95917][1661426589723][shell][info]["partitionMigrationService~init: Success"]
[95917][1661426589723][shell][info]["partitionMigrationService~runV8PartitionsIntegrity: Two way migration~ removing the following partitions from v8",[]]
[95917][1661426589723][shell][info]["userPartitionService~getRecentV8UserPartition: recent v8 user context partition ","50259c36-b863-4179-a28c-bb3496b4306d"]
[95917][1661426589723][shell][info]["userPartitionService~_rectifyTheActivePartitionOfApplication: Setting the active partition to ","50259c36-b863-4179-a28c-bb3496b4306d"]
[95917][1661426589723][shell][info]["userPartitionService~init: Success"]
[95917][1661426589724][shell][info]["Shell~init~loginUser: Updating existing user details"]
[95917][1661426589724][shell][info]["userPartitionService~associateTransitPartition: ",{"partitionId":"50259c36-b863-4179-a28c-bb3496b4306d","context":{"namespace":"users","userId":"20905719","teamId":"0"}}]
[95917][1661426589724][shell][info]["userPartitionService: State of v8 partition system:"]
[95917][1661426589724][shell][info]["userPartitionService: List of partitions:",[{"partitionId":"50259c36-b863-4179-a28c-bb3496b4306d","namespace":"users","userId":"20905719","teamId":"0","lastUpdated":"2022-08-25T11:23:09.724Z"},{"partitionId":"536e7faa-507b-4e13-90df-00f6653b0c13","namespace":"scratchPad","userId":0,"teamId":0,"isDirty":false}]]
[95917][1661426589724][shell][info]["userPartitionService: users global meta:",{"activePartition":"50259c36-b863-4179-a28c-bb3496b4306d"}]
[95917][1661426589725][shell][info]["init~setViewAttributes - Initializing view with opts:"]
[95917][1661426589726][shell][info]["Shell~init~setViewAttributes: passing scratchpad partition id as ","536e7faa-507b-4e13-90df-00f6653b0c13"]
[95917][1661426589726][shell][info]["Shell~init~setViewAttributes: do we have any logged in users? ",true]
[95917][1661426589726][shell][info]["init~setViewAttributes - Success"]
[95917][1661426591447][shell][info]["Shell~init~sendUsersDataToRenderer",["20905719"]]
[95917][1661426592006][shell][info]["model-events~user - bootstrapUser received"]
[95917][1661426592006][shell][info]["userPartitionService~associateTransitPartition: ",{"partitionId":"50259c36-b863-4179-a28c-bb3496b4306d","context":{"namespace":"users","userId":"20905719","teamId":"0"}}]
[95917][1661426592006][shell][info]["userPartitionService: State of v8 partition system:"]
[95917][1661426592006][shell][info]["userPartitionService: List of partitions:",[{"partitionId":"50259c36-b863-4179-a28c-bb3496b4306d","namespace":"users","userId":"20905719","teamId":"0","lastUpdated":"2022-08-25T11:23:12.006Z"},{"partitionId":"536e7faa-507b-4e13-90df-00f6653b0c13","namespace":"scratchPad","userId":0,"teamId":0,"isDirty":false}]]
[95917][1661426592007][shell][info]["userPartitionService: users global meta:",{"activePartition":"50259c36-b863-4179-a28c-bb3496b4306d"}]
[95917][1661426592226][shell][info]["model-events~user - bootstrapUser received"]
[95917][1661426592226][shell][info]["userPartitionService~associateTransitPartition: ",{"partitionId":"50259c36-b863-4179-a28c-bb3496b4306d","context":{"namespace":"users","userId":"20905719","teamId":"0"}}]
[95917][1661426592227][shell][info]["userPartitionService: State of v8 partition system:"]
[95917][1661426592227][shell][info]["userPartitionService: List of partitions:",[{"partitionId":"50259c36-b863-4179-a28c-bb3496b4306d","namespace":"users","userId":"20905719","teamId":"0","lastUpdated":"2022-08-25T11:23:12.226Z"},{"partitionId":"536e7faa-507b-4e13-90df-00f6653b0c13","namespace":"scratchPad","userId":0,"teamId":0,"isDirty":false}]]
[95917][1661426592227][shell][info]["userPartitionService: users global meta:",{"activePartition":"50259c36-b863-4179-a28c-bb3496b4306d"}]
[17104][1661428371847][shell][info]["EventBus~initialize - Success"]
[17104][1661428371853][shell][info]["bootShellCrashReporter~ Success"]
[17104][1661428372278][shell][info]["shellController~init: Success"]
[17104][1661428372279][shell][info]["shellMeta~init: Success"]
[17104][1661428372279][shell][info]["partitionMigrationService: State of V7 partition:"]
[17104][1661428372279][shell][info]["partitionMigrationService: V7 partitions",[]]
[17104][1661428372279][shell][info]["partitionMigrationService: V7 lastActiveUser",null]
[17104][1661428372279][shell][info]["partitionMigrationService: V7 activePartition",null]
[17104][1661428372279][shell][info]["partitionMigrationService: V7 isPartitionDirty",null]
[17104][1661428372280][shell][info]["partitionMigrationService~init: Success"]
[17104][1661428372280][shell][info]["partitionMigrationService~runV8PartitionsIntegrity: Two way migration~ removing the following partitions from v8",[]]
[17104][1661428372280][shell][info]["userPartitionService~getRecentV8UserPartition: recent v8 user context partition ","50259c36-b863-4179-a28c-bb3496b4306d"]
[17104][1661428372280][shell][info]["userPartitionService~_rectifyTheActivePartitionOfApplication: Setting the active partition to ","50259c36-b863-4179-a28c-bb3496b4306d"]
[17104][1661428372281][shell][info]["userPartitionService~init: Success"]
[17104][1661428372281][shell][info]["userPartitionService: State of v8 partition system:"]
[17104][1661428372281][shell][info]["userPartitionService: List of partitions:",[{"partitionId":"50259c36-b863-4179-a28c-bb3496b4306d","namespace":"users","userId":"20905719","teamId":"0","lastUpdated":"2022-08-25T11:23:12.226Z"},{"partitionId":"536e7faa-507b-4e13-90df-00f6653b0c13","namespace":"scratchPad","userId":0,"teamId":0,"isDirty":false}]]
[17104][1661428372281][shell][info]["userPartitionService: users global meta:",{"activePartition":"50259c36-b863-4179-a28c-bb3496b4306d"}]
[17104][1661428372282][shell][info]["shell~init~getPartitionToLoad: loading active partition"]
[17104][1661428372282][shell][info]["init~setViewAttributes - Initializing view with opts:"]
[17104][1661428372285][shell][info]["Shell~init~setViewAttributes: passing scratchpad partition id as ","536e7faa-507b-4e13-90df-00f6653b0c13"]
[17104][1661428372285][shell][info]["Shell~init~setViewAttributes: do we have any logged in users? ",true]
[17104][1661428372285][shell][info]["init~setViewAttributes - Success"]
[17104][1661428378860][shell][info]["Shell~init~sendUsersDataToRenderer",["20905719"]]
[17104][1661428379450][shell][info]["model-events~user - bootstrapUser received"]
[17104][1661428379451][shell][info]["userPartitionService~associateTransitPartition: ",{"partitionId":"50259c36-b863-4179-a28c-bb3496b4306d","context":{"namespace":"users","userId":"20905719","teamId":"0"}}]
[17104][1661428379451][shell][info]["userPartitionService: State of v8 partition system:"]
[17104][1661428379451][shell][info]["userPartitionService: List of partitions:",[{"partitionId":"50259c36-b863-4179-a28c-bb3496b4306d","namespace":"users","userId":"20905719","teamId":"0","lastUpdated":"2022-08-25T11:52:59.451Z"},{"partitionId":"536e7faa-507b-4e13-90df-00f6653b0c13","namespace":"scratchPad","userId":0,"teamId":0,"isDirty":false}]]
[17104][1661428379451][shell][info]["userPartitionService: users global meta:",{"activePartition":"50259c36-b863-4179-a28c-bb3496b4306d"}]
[17344][1661428391205][shell][info]["EventBus~initialize - Success"]
[17344][1661428391210][shell][info]["bootShellCrashReporter~ Success"]
[17344][1661428391479][shell][info]["shellController~init: Success"]
[17344][1661428391479][shell][info]["shellMeta~init: Success"]
[17344][1661428391480][shell][info]["partitionMigrationService: State of V7 partition:"]
[17344][1661428391480][shell][info]["partitionMigrationService: V7 partitions",[]]
[17344][1661428391480][shell][info]["partitionMigrationService: V7 lastActiveUser",null]
[17344][1661428391480][shell][info]["partitionMigrationService: V7 activePartition",null]
[17344][1661428391480][shell][info]["partitionMigrationService: V7 isPartitionDirty",null]
[17344][1661428391480][shell][info]["partitionMigrationService~init: Success"]
[17344][1661428391481][shell][info]["partitionMigrationService~runV8PartitionsIntegrity: Two way migration~ removing the following partitions from v8",[]]
[17344][1661428391481][shell][info]["userPartitionService~getRecentV8UserPartition: recent v8 user context partition ","50259c36-b863-4179-a28c-bb3496b4306d"]
[17344][1661428391481][shell][info]["userPartitionService~_rectifyTheActivePartitionOfApplication: Setting the active partition to ","50259c36-b863-4179-a28c-bb3496b4306d"]
[17344][1661428391481][shell][info]["userPartitionService~init: Success"]
[17344][1661428391482][shell][info]["userPartitionService: State of v8 partition system:"]
[17344][1661428391482][shell][info]["userPartitionService: List of partitions:",[{"partitionId":"50259c36-b863-4179-a28c-bb3496b4306d","namespace":"users","userId":"20905719","teamId":"0","lastUpdated":"2022-08-25T11:52:59.451Z"},{"partitionId":"536e7faa-507b-4e13-90df-00f6653b0c13","namespace":"scratchPad","userId":0,"teamId":0,"isDirty":false}]]
[17344][1661428391482][shell][info]["userPartitionService: users global meta:",{"activePartition":"50259c36-b863-4179-a28c-bb3496b4306d"}]
[17344][1661428391482][shell][info]["shell~init~getPartitionToLoad: loading active partition"]
[17344][1661428391483][shell][info]["init~setViewAttributes - Initializing view with opts:"]
[17344][1661428391486][shell][info]["Shell~init~setViewAttributes: passing scratchpad partition id as ","536e7faa-507b-4e13-90df-00f6653b0c13"]
[17344][1661428391486][shell][info]["Shell~init~setViewAttributes: do we have any logged in users? ",true]
[17344][1661428391486][shell][info]["init~setViewAttributes - Success"]
[17344][1661428392482][shell][info]["Shell~init~sendUsersDataToRenderer",["20905719"]]
[17344][1661428392955][shell][info]["model-events~user - bootstrapUser received"]
[17344][1661428392956][shell][info]["userPartitionService~associateTransitPartition: ",{"partitionId":"50259c36-b863-4179-a28c-bb3496b4306d","context":{"namespace":"users","userId":"20905719","teamId":"0"}}]
[17344][1661428392956][shell][info]["userPartitionService: State of v8 partition system:"]
[17344][1661428392956][shell][info]["userPartitionService: List of partitions:",[{"partitionId":"50259c36-b863-4179-a28c-bb3496b4306d","namespace":"users","userId":"20905719","teamId":"0","lastUpdated":"2022-08-25T11:53:12.955Z"},{"partitionId":"536e7faa-507b-4e13-90df-00f6653b0c13","namespace":"scratchPad","userId":0,"teamId":0,"isDirty":false}]]
[17344][1661428392956][shell][info]["userPartitionService: users global meta:",{"activePartition":"50259c36-b863-4179-a28c-bb3496b4306d"}]
