[Debug 13:39:44.416] TableOfContentsProvider: create - file:///home/eragon/repos/cheatsheet/linux/tmux_cheatsheet.md
[Debug 13:39:44.417] LinkProvider: compute - file:///home/eragon/repos/cheatsheet/linux/tmux_cheatsheet.md
[Debug 13:39:44.610] MdFoldingProvider: provideFoldingRanges - file:///home/eragon/repos/cheatsheet/linux/tmux_cheatsheet.md
[Debug 13:39:49.723] ReferencesProvider: getReferencesAtPosition: file:///home/eragon/repos/cheatsheet/linux/tmux_cheatsheet.md
[Debug 13:39:52.057] MdFoldingProvider: provideFoldingRanges - file:///home/eragon/repos/cheatsheet/linux/tmux_cheatsheet.md
[Debug 13:39:52.057] TableOfContentsProvider: create - file:///home/eragon/repos/cheatsheet/linux/tmux_cheatsheet.md
[Debug 13:39:52.859] LinkProvider: compute - file:///home/eragon/repos/cheatsheet/linux/tmux_cheatsheet.md
[Debug 13:39:53.276] MdFoldingProvider: provideFoldingRanges - file:///home/eragon/repos/cheatsheet/linux/tmux_cheatsheet.md
[Debug 13:39:53.276] TableOfContentsProvider: create - file:///home/eragon/repos/cheatsheet/linux/tmux_cheatsheet.md
[Debug 13:39:54.083] LinkProvider: compute - file:///home/eragon/repos/cheatsheet/linux/tmux_cheatsheet.md
[Debug 13:39:54.987] MdFoldingProvider: provideFoldingRanges - file:///home/eragon/repos/cheatsheet/linux/tmux_cheatsheet.md
[Debug 13:39:54.987] TableOfContentsProvider: create - file:///home/eragon/repos/cheatsheet/linux/tmux_cheatsheet.md
[Trace 13:39:55.512] VsCodeClientWorkspace: onDidChangeWatchedFiles: 2: file:///home/eragon/repos/cheatsheet/linux/tmux_cheatsheet.md
[Debug 13:39:55.789] LinkProvider: compute - file:///home/eragon/repos/cheatsheet/linux/tmux_cheatsheet.md
[Debug 13:40:14.110] ReferencesProvider: getReferencesAtPosition: file:///home/eragon/repos/cheatsheet/linux/tmux_cheatsheet.md
[Debug 13:40:14.110] TableOfContentsProvider: create - file:///home/eragon/repos/cheatsheet/linux/tmux_cheatsheet.md
[Debug 13:40:14.135] ReferencesProvider: getReferencesAtPosition: file:///home/eragon/repos/cheatsheet/linux/tmux_cheatsheet.md
[Debug 13:40:14.165] ReferencesProvider: getReferencesAtPosition: file:///home/eragon/repos/cheatsheet/linux/tmux_cheatsheet.md
[Debug 13:40:14.181] ReferencesProvider: getReferencesAtPosition: file:///home/eragon/repos/cheatsheet/linux/tmux_cheatsheet.md
[Debug 13:40:14.251] ReferencesProvider: getReferencesAtPosition: file:///home/eragon/repos/cheatsheet/linux/tmux_cheatsheet.md
[Debug 13:40:14.397] ReferencesProvider: getReferencesAtPosition: file:///home/eragon/repos/cheatsheet/linux/tmux_cheatsheet.md
[Debug 13:40:14.518] ReferencesProvider: getReferencesAtPosition: file:///home/eragon/repos/cheatsheet/linux/tmux_cheatsheet.md
[Debug 13:40:34.589] MdFoldingProvider: provideFoldingRanges - file:///home/eragon/repos/cheatsheet/linux/tmux_cheatsheet.md
[Debug 13:40:34.590] TableOfContentsProvider: create - file:///home/eragon/repos/cheatsheet/linux/tmux_cheatsheet.md
[Debug 13:40:35.390] LinkProvider: compute - file:///home/eragon/repos/cheatsheet/linux/tmux_cheatsheet.md
[Debug 13:40:37.134] ReferencesProvider: getReferencesAtPosition: file:///home/eragon/repos/cheatsheet/linux/tmux_cheatsheet.md
[Debug 13:40:37.134] TableOfContentsProvider: create - file:///home/eragon/repos/cheatsheet/linux/tmux_cheatsheet.md
[Debug 13:40:37.234] ReferencesProvider: getReferencesAtPosition: file:///home/eragon/repos/cheatsheet/linux/tmux_cheatsheet.md
[Debug 13:40:37.323] MdFoldingProvider: provideFoldingRanges - file:///home/eragon/repos/cheatsheet/linux/tmux_cheatsheet.md
[Debug 13:40:38.124] LinkProvider: compute - file:///home/eragon/repos/cheatsheet/linux/tmux_cheatsheet.md
[Debug 13:40:38.930] MdFoldingProvider: provideFoldingRanges - file:///home/eragon/repos/cheatsheet/linux/tmux_cheatsheet.md
[Debug 13:40:38.930] TableOfContentsProvider: create - file:///home/eragon/repos/cheatsheet/linux/tmux_cheatsheet.md
[Debug 13:40:39.240] MdFoldingProvider: provideFoldingRanges - file:///home/eragon/repos/cheatsheet/linux/tmux_cheatsheet.md
[Debug 13:40:39.241] TableOfContentsProvider: create - file:///home/eragon/repos/cheatsheet/linux/tmux_cheatsheet.md
[Debug 13:40:39.485] MdFoldingProvider: provideFoldingRanges - file:///home/eragon/repos/cheatsheet/linux/tmux_cheatsheet.md
[Debug 13:40:39.485] TableOfContentsProvider: create - file:///home/eragon/repos/cheatsheet/linux/tmux_cheatsheet.md
[Debug 13:40:40.292] LinkProvider: compute - file:///home/eragon/repos/cheatsheet/linux/tmux_cheatsheet.md
[Debug 13:40:42.151] MdFoldingProvider: provideFoldingRanges - file:///home/eragon/repos/cheatsheet/linux/tmux_cheatsheet.md
[Debug 13:40:42.152] TableOfContentsProvider: create - file:///home/eragon/repos/cheatsheet/linux/tmux_cheatsheet.md
[Debug 13:40:42.545] MdFoldingProvider: provideFoldingRanges - file:///home/eragon/repos/cheatsheet/linux/tmux_cheatsheet.md
[Debug 13:40:42.545] TableOfContentsProvider: create - file:///home/eragon/repos/cheatsheet/linux/tmux_cheatsheet.md
[Debug 13:40:43.473] MdFoldingProvider: provideFoldingRanges - file:///home/eragon/repos/cheatsheet/linux/tmux_cheatsheet.md
[Debug 13:40:43.473] TableOfContentsProvider: create - file:///home/eragon/repos/cheatsheet/linux/tmux_cheatsheet.md
[Debug 13:40:44.278] LinkProvider: compute - file:///home/eragon/repos/cheatsheet/linux/tmux_cheatsheet.md
[Debug 13:40:44.723] ReferencesProvider: getReferencesAtPosition: file:///home/eragon/repos/cheatsheet/linux/tmux_cheatsheet.md
[Debug 13:40:44.784] ReferencesProvider: getReferencesAtPosition: file:///home/eragon/repos/cheatsheet/linux/tmux_cheatsheet.md
[Debug 13:40:44.856] ReferencesProvider: getReferencesAtPosition: file:///home/eragon/repos/cheatsheet/linux/tmux_cheatsheet.md
[Debug 13:40:45.425] ReferencesProvider: getReferencesAtPosition: file:///home/eragon/repos/cheatsheet/linux/tmux_cheatsheet.md
[Debug 13:40:45.506] ReferencesProvider: getReferencesAtPosition: file:///home/eragon/repos/cheatsheet/linux/tmux_cheatsheet.md
[Debug 13:40:45.532] ReferencesProvider: getReferencesAtPosition: file:///home/eragon/repos/cheatsheet/linux/tmux_cheatsheet.md
[Debug 13:40:45.557] ReferencesProvider: getReferencesAtPosition: file:///home/eragon/repos/cheatsheet/linux/tmux_cheatsheet.md
[Debug 13:40:45.557] TableOfContentsProvider: create - file:///home/eragon/repos/cheatsheet/linux/tmux_cheatsheet.md
[Debug 13:40:45.747] MdFoldingProvider: provideFoldingRanges - file:///home/eragon/repos/cheatsheet/linux/tmux_cheatsheet.md
[Debug 13:40:46.123] ReferencesProvider: getReferencesAtPosition: file:///home/eragon/repos/cheatsheet/linux/tmux_cheatsheet.md
[Debug 13:40:46.183] ReferencesProvider: getReferencesAtPosition: file:///home/eragon/repos/cheatsheet/linux/tmux_cheatsheet.md
[Debug 13:40:46.207] ReferencesProvider: getReferencesAtPosition: file:///home/eragon/repos/cheatsheet/linux/tmux_cheatsheet.md
[Debug 13:40:46.412] MdFoldingProvider: provideFoldingRanges - file:///home/eragon/repos/cheatsheet/linux/tmux_cheatsheet.md
[Debug 13:40:46.413] TableOfContentsProvider: create - file:///home/eragon/repos/cheatsheet/linux/tmux_cheatsheet.md
[Trace 13:40:46.991] VsCodeClientWorkspace: onDidChangeWatchedFiles: 2: file:///home/eragon/repos/cheatsheet/linux/tmux_cheatsheet.md
[Debug 13:40:47.213] LinkProvider: compute - file:///home/eragon/repos/cheatsheet/linux/tmux_cheatsheet.md
[Debug 13:40:53.451] ReferencesProvider: getReferencesAtPosition: file:///home/eragon/repos/cheatsheet/linux/tmux_cheatsheet.md
[Debug 13:40:53.452] TableOfContentsProvider: create - file:///home/eragon/repos/cheatsheet/linux/tmux_cheatsheet.md
[Debug 13:40:53.461] ReferencesProvider: getReferencesAtPosition: file:///home/eragon/repos/cheatsheet/linux/tmux_cheatsheet.md
[Debug 13:40:53.521] ReferencesProvider: getReferencesAtPosition: file:///home/eragon/repos/cheatsheet/linux/tmux_cheatsheet.md
[Debug 13:40:53.535] ReferencesProvider: getReferencesAtPosition: file:///home/eragon/repos/cheatsheet/linux/tmux_cheatsheet.md
[Debug 13:40:53.542] ReferencesProvider: getReferencesAtPosition: file:///home/eragon/repos/cheatsheet/linux/tmux_cheatsheet.md
[Debug 13:40:53.573] ReferencesProvider: getReferencesAtPosition: file:///home/eragon/repos/cheatsheet/linux/tmux_cheatsheet.md
[Debug 13:40:56.704] ReferencesProvider: getReferencesAtPosition: file:///home/eragon/repos/cheatsheet/linux/tmux_cheatsheet.md
[Debug 13:40:57.017] MdFoldingProvider: provideFoldingRanges - file:///home/eragon/repos/cheatsheet/linux/tmux_cheatsheet.md
[Debug 13:40:57.018] TableOfContentsProvider: create - file:///home/eragon/repos/cheatsheet/linux/tmux_cheatsheet.md
[Trace 13:40:57.489] VsCodeClientWorkspace: onDidChangeWatchedFiles: 2: file:///home/eragon/repos/cheatsheet/linux/tmux_cheatsheet.md
[Debug 13:40:57.822] LinkProvider: compute - file:///home/eragon/repos/cheatsheet/linux/tmux_cheatsheet.md
[Debug 13:40:59.247] MdFoldingProvider: provideFoldingRanges - file:///home/eragon/repos/cheatsheet/linux/tmux_cheatsheet.md
[Debug 13:40:59.247] TableOfContentsProvider: create - file:///home/eragon/repos/cheatsheet/linux/tmux_cheatsheet.md
[Debug 13:41:00.048] LinkProvider: compute - file:///home/eragon/repos/cheatsheet/linux/tmux_cheatsheet.md
[Debug 13:41:02.906] ReferencesProvider: getReferencesAtPosition: file:///home/eragon/repos/cheatsheet/linux/tmux_cheatsheet.md
[Debug 13:41:05.282] MdFoldingProvider: provideFoldingRanges - file:///home/eragon/repos/cheatsheet/linux/tmux_cheatsheet.md
[Debug 13:41:05.282] TableOfContentsProvider: create - file:///home/eragon/repos/cheatsheet/linux/tmux_cheatsheet.md
[Debug 13:41:06.087] LinkProvider: compute - file:///home/eragon/repos/cheatsheet/linux/tmux_cheatsheet.md
[Debug 13:41:08.349] MdFoldingProvider: provideFoldingRanges - file:///home/eragon/repos/cheatsheet/linux/tmux_cheatsheet.md
[Debug 13:41:08.349] TableOfContentsProvider: create - file:///home/eragon/repos/cheatsheet/linux/tmux_cheatsheet.md
[Debug 13:41:08.589] MdFoldingProvider: provideFoldingRanges - file:///home/eragon/repos/cheatsheet/linux/tmux_cheatsheet.md
[Debug 13:41:08.589] TableOfContentsProvider: create - file:///home/eragon/repos/cheatsheet/linux/tmux_cheatsheet.md
[Debug 13:41:09.186] MdFoldingProvider: provideFoldingRanges - file:///home/eragon/repos/cheatsheet/linux/tmux_cheatsheet.md
[Debug 13:41:09.186] TableOfContentsProvider: create - file:///home/eragon/repos/cheatsheet/linux/tmux_cheatsheet.md
[Debug 13:41:09.476] MdFoldingProvider: provideFoldingRanges - file:///home/eragon/repos/cheatsheet/linux/tmux_cheatsheet.md
[Debug 13:41:09.476] TableOfContentsProvider: create - file:///home/eragon/repos/cheatsheet/linux/tmux_cheatsheet.md
[Debug 13:41:10.244] MdFoldingProvider: provideFoldingRanges - file:///home/eragon/repos/cheatsheet/linux/tmux_cheatsheet.md
[Debug 13:41:10.244] TableOfContentsProvider: create - file:///home/eragon/repos/cheatsheet/linux/tmux_cheatsheet.md
[Debug 13:41:10.793] MdFoldingProvider: provideFoldingRanges - file:///home/eragon/repos/cheatsheet/linux/tmux_cheatsheet.md
[Debug 13:41:10.794] TableOfContentsProvider: create - file:///home/eragon/repos/cheatsheet/linux/tmux_cheatsheet.md
[Debug 13:41:11.355] MdFoldingProvider: provideFoldingRanges - file:///home/eragon/repos/cheatsheet/linux/tmux_cheatsheet.md
[Debug 13:41:11.355] TableOfContentsProvider: create - file:///home/eragon/repos/cheatsheet/linux/tmux_cheatsheet.md
[Debug 13:41:11.734] MdFoldingProvider: provideFoldingRanges - file:///home/eragon/repos/cheatsheet/linux/tmux_cheatsheet.md
[Debug 13:41:11.735] TableOfContentsProvider: create - file:///home/eragon/repos/cheatsheet/linux/tmux_cheatsheet.md
[Debug 13:41:12.166] MdFoldingProvider: provideFoldingRanges - file:///home/eragon/repos/cheatsheet/linux/tmux_cheatsheet.md
[Debug 13:41:12.166] TableOfContentsProvider: create - file:///home/eragon/repos/cheatsheet/linux/tmux_cheatsheet.md
[Debug 13:41:12.527] MdFoldingProvider: provideFoldingRanges - file:///home/eragon/repos/cheatsheet/linux/tmux_cheatsheet.md
[Debug 13:41:12.528] TableOfContentsProvider: create - file:///home/eragon/repos/cheatsheet/linux/tmux_cheatsheet.md
[Debug 13:41:12.817] MdFoldingProvider: provideFoldingRanges - file:///home/eragon/repos/cheatsheet/linux/tmux_cheatsheet.md
[Debug 13:41:12.817] TableOfContentsProvider: create - file:///home/eragon/repos/cheatsheet/linux/tmux_cheatsheet.md
[Debug 13:41:13.344] MdFoldingProvider: provideFoldingRanges - file:///home/eragon/repos/cheatsheet/linux/tmux_cheatsheet.md
[Debug 13:41:13.344] TableOfContentsProvider: create - file:///home/eragon/repos/cheatsheet/linux/tmux_cheatsheet.md
[Debug 13:41:14.150] LinkProvider: compute - file:///home/eragon/repos/cheatsheet/linux/tmux_cheatsheet.md
[Trace 13:41:14.171] VsCodeClientWorkspace: onDidChangeWatchedFiles: 2: file:///home/eragon/repos/cheatsheet/linux/tmux_cheatsheet.md
[Debug 13:41:14.741] MdFoldingProvider: provideFoldingRanges - file:///home/eragon/repos/cheatsheet/linux/tmux_cheatsheet.md
[Debug 13:41:14.741] TableOfContentsProvider: create - file:///home/eragon/repos/cheatsheet/linux/tmux_cheatsheet.md
[Debug 13:41:15.541] LinkProvider: compute - file:///home/eragon/repos/cheatsheet/linux/tmux_cheatsheet.md
[Debug 13:41:17.765] ReferencesProvider: getReferencesAtPosition: file:///home/eragon/repos/cheatsheet/linux/tmux_cheatsheet.md
[Debug 13:41:19.517] ReferencesProvider: getReferencesAtPosition: file:///home/eragon/repos/cheatsheet/linux/tmux_cheatsheet.md
[Debug 13:41:19.583] ReferencesProvider: getReferencesAtPosition: file:///home/eragon/repos/cheatsheet/linux/tmux_cheatsheet.md
[Debug 13:41:19.858] MdFoldingProvider: provideFoldingRanges - file:///home/eragon/repos/cheatsheet/linux/tmux_cheatsheet.md
[Debug 13:41:19.858] TableOfContentsProvider: create - file:///home/eragon/repos/cheatsheet/linux/tmux_cheatsheet.md
[Debug 13:41:20.659] LinkProvider: compute - file:///home/eragon/repos/cheatsheet/linux/tmux_cheatsheet.md
[Debug 13:41:21.206] MdFoldingProvider: provideFoldingRanges - file:///home/eragon/repos/cheatsheet/linux/tmux_cheatsheet.md
[Debug 13:41:21.206] TableOfContentsProvider: create - file:///home/eragon/repos/cheatsheet/linux/tmux_cheatsheet.md
[Debug 13:41:21.772] MdFoldingProvider: provideFoldingRanges - file:///home/eragon/repos/cheatsheet/linux/tmux_cheatsheet.md
[Debug 13:41:21.772] TableOfContentsProvider: create - file:///home/eragon/repos/cheatsheet/linux/tmux_cheatsheet.md
[Trace 13:41:22.300] VsCodeClientWorkspace: onDidChangeWatchedFiles: 2: file:///home/eragon/repos/cheatsheet/linux/tmux_cheatsheet.md
[Debug 13:41:22.575] LinkProvider: compute - file:///home/eragon/repos/cheatsheet/linux/tmux_cheatsheet.md
[Debug 13:41:31.784] ReferencesProvider: getReferencesAtPosition: file:///home/eragon/repos/cheatsheet/linux/tmux_cheatsheet.md
[Debug 13:41:31.784] TableOfContentsProvider: create - file:///home/eragon/repos/cheatsheet/linux/tmux_cheatsheet.md
[Debug 13:41:34.729] ReferencesProvider: getReferencesAtPosition: file:///home/eragon/repos/cheatsheet/linux/tmux_cheatsheet.md
[Debug 13:41:35.215] MdFoldingProvider: provideFoldingRanges - file:///home/eragon/repos/cheatsheet/linux/tmux_cheatsheet.md
[Debug 13:41:35.216] TableOfContentsProvider: create - file:///home/eragon/repos/cheatsheet/linux/tmux_cheatsheet.md
[Debug 13:41:36.021] LinkProvider: compute - file:///home/eragon/repos/cheatsheet/linux/tmux_cheatsheet.md
[Debug 13:41:36.743] MdFoldingProvider: provideFoldingRanges - file:///home/eragon/repos/cheatsheet/linux/tmux_cheatsheet.md
[Debug 13:41:36.743] TableOfContentsProvider: create - file:///home/eragon/repos/cheatsheet/linux/tmux_cheatsheet.md
[Debug 13:41:37.547] LinkProvider: compute - file:///home/eragon/repos/cheatsheet/linux/tmux_cheatsheet.md
[Debug 13:41:39.001] ReferencesProvider: getReferencesAtPosition: file:///home/eragon/repos/cheatsheet/linux/tmux_cheatsheet.md
[Debug 13:41:39.429] MdFoldingProvider: provideFoldingRanges - file:///home/eragon/repos/cheatsheet/linux/tmux_cheatsheet.md
[Debug 13:41:39.429] TableOfContentsProvider: create - file:///home/eragon/repos/cheatsheet/linux/tmux_cheatsheet.md
[Debug 13:41:39.886] MdFoldingProvider: provideFoldingRanges - file:///home/eragon/repos/cheatsheet/linux/tmux_cheatsheet.md
[Debug 13:41:39.886] TableOfContentsProvider: create - file:///home/eragon/repos/cheatsheet/linux/tmux_cheatsheet.md
[Debug 13:41:40.689] LinkProvider: compute - file:///home/eragon/repos/cheatsheet/linux/tmux_cheatsheet.md
[Debug 13:41:44.959] MdFoldingProvider: provideFoldingRanges - file:///home/eragon/repos/cheatsheet/linux/tmux_cheatsheet.md
[Debug 13:41:44.959] TableOfContentsProvider: create - file:///home/eragon/repos/cheatsheet/linux/tmux_cheatsheet.md
[Debug 13:41:45.398] MdFoldingProvider: provideFoldingRanges - file:///home/eragon/repos/cheatsheet/linux/tmux_cheatsheet.md
[Debug 13:41:45.398] TableOfContentsProvider: create - file:///home/eragon/repos/cheatsheet/linux/tmux_cheatsheet.md
[Debug 13:41:45.608] MdFoldingProvider: provideFoldingRanges - file:///home/eragon/repos/cheatsheet/linux/tmux_cheatsheet.md
[Debug 13:41:45.608] TableOfContentsProvider: create - file:///home/eragon/repos/cheatsheet/linux/tmux_cheatsheet.md
[Debug 13:41:46.049] MdFoldingProvider: provideFoldingRanges - file:///home/eragon/repos/cheatsheet/linux/tmux_cheatsheet.md
[Debug 13:41:46.049] TableOfContentsProvider: create - file:///home/eragon/repos/cheatsheet/linux/tmux_cheatsheet.md
[Trace 13:41:46.623] VsCodeClientWorkspace: onDidChangeWatchedFiles: 2: file:///home/eragon/repos/cheatsheet/linux/tmux_cheatsheet.md
[Debug 13:41:46.853] LinkProvider: compute - file:///home/eragon/repos/cheatsheet/linux/tmux_cheatsheet.md
[Debug 13:41:54.320] ReferencesProvider: getReferencesAtPosition: file:///home/eragon/repos/cheatsheet/linux/tmux_cheatsheet.md
[Debug 13:41:54.320] TableOfContentsProvider: create - file:///home/eragon/repos/cheatsheet/linux/tmux_cheatsheet.md
[Debug 13:41:56.380] ReferencesProvider: getReferencesAtPosition: file:///home/eragon/repos/cheatsheet/linux/tmux_cheatsheet.md
[Debug 13:42:01.668] MdFoldingProvider: provideFoldingRanges - file:///home/eragon/repos/cheatsheet/linux/tmux_cheatsheet.md
[Debug 13:42:01.668] TableOfContentsProvider: create - file:///home/eragon/repos/cheatsheet/linux/tmux_cheatsheet.md
[Debug 13:42:01.877] MdFoldingProvider: provideFoldingRanges - file:///home/eragon/repos/cheatsheet/linux/tmux_cheatsheet.md
[Debug 13:42:01.877] TableOfContentsProvider: create - file:///home/eragon/repos/cheatsheet/linux/tmux_cheatsheet.md
[Debug 13:42:02.677] LinkProvider: compute - file:///home/eragon/repos/cheatsheet/linux/tmux_cheatsheet.md
[Debug 13:42:04.181] ReferencesProvider: getReferencesAtPosition: file:///home/eragon/repos/cheatsheet/linux/tmux_cheatsheet.md
[Debug 13:42:07.819] MdFoldingProvider: provideFoldingRanges - file:///home/eragon/repos/cheatsheet/linux/tmux_cheatsheet.md
[Debug 13:42:07.820] TableOfContentsProvider: create - file:///home/eragon/repos/cheatsheet/linux/tmux_cheatsheet.md
[Debug 13:42:08.220] MdFoldingProvider: provideFoldingRanges - file:///home/eragon/repos/cheatsheet/linux/tmux_cheatsheet.md
[Debug 13:42:08.221] TableOfContentsProvider: create - file:///home/eragon/repos/cheatsheet/linux/tmux_cheatsheet.md
[Debug 13:42:09.867] MdFoldingProvider: provideFoldingRanges - file:///home/eragon/repos/cheatsheet/linux/tmux_cheatsheet.md
[Debug 13:42:09.867] TableOfContentsProvider: create - file:///home/eragon/repos/cheatsheet/linux/tmux_cheatsheet.md
[Debug 13:42:10.413] MdFoldingProvider: provideFoldingRanges - file:///home/eragon/repos/cheatsheet/linux/tmux_cheatsheet.md
[Debug 13:42:10.414] TableOfContentsProvider: create - file:///home/eragon/repos/cheatsheet/linux/tmux_cheatsheet.md
[Debug 13:42:10.732] MdFoldingProvider: provideFoldingRanges - file:///home/eragon/repos/cheatsheet/linux/tmux_cheatsheet.md
[Debug 13:42:10.732] TableOfContentsProvider: create - file:///home/eragon/repos/cheatsheet/linux/tmux_cheatsheet.md
[Debug 13:42:11.652] MdFoldingProvider: provideFoldingRanges - file:///home/eragon/repos/cheatsheet/linux/tmux_cheatsheet.md
[Debug 13:42:11.652] TableOfContentsProvider: create - file:///home/eragon/repos/cheatsheet/linux/tmux_cheatsheet.md
[Debug 13:42:12.047] MdFoldingProvider: provideFoldingRanges - file:///home/eragon/repos/cheatsheet/linux/tmux_cheatsheet.md
[Debug 13:42:12.047] TableOfContentsProvider: create - file:///home/eragon/repos/cheatsheet/linux/tmux_cheatsheet.md
[Debug 13:42:12.628] MdFoldingProvider: provideFoldingRanges - file:///home/eragon/repos/cheatsheet/linux/tmux_cheatsheet.md
[Debug 13:42:12.628] TableOfContentsProvider: create - file:///home/eragon/repos/cheatsheet/linux/tmux_cheatsheet.md
[Debug 13:42:13.432] LinkProvider: compute - file:///home/eragon/repos/cheatsheet/linux/tmux_cheatsheet.md
[Debug 13:42:13.854] ReferencesProvider: getReferencesAtPosition: file:///home/eragon/repos/cheatsheet/linux/tmux_cheatsheet.md
[Debug 13:42:17.838] MdFoldingProvider: provideFoldingRanges - file:///home/eragon/repos/cheatsheet/linux/tmux_cheatsheet.md
[Debug 13:42:17.838] TableOfContentsProvider: create - file:///home/eragon/repos/cheatsheet/linux/tmux_cheatsheet.md
[Debug 13:42:18.642] LinkProvider: compute - file:///home/eragon/repos/cheatsheet/linux/tmux_cheatsheet.md
[Debug 13:42:19.139] MdFoldingProvider: provideFoldingRanges - file:///home/eragon/repos/cheatsheet/linux/tmux_cheatsheet.md
[Debug 13:42:19.140] TableOfContentsProvider: create - file:///home/eragon/repos/cheatsheet/linux/tmux_cheatsheet.md
[Trace 13:42:19.530] VsCodeClientWorkspace: onDidChangeWatchedFiles: 2: file:///home/eragon/repos/cheatsheet/linux/tmux_cheatsheet.md
[Debug 13:42:19.974] MdFoldingProvider: provideFoldingRanges - file:///home/eragon/repos/cheatsheet/linux/tmux_cheatsheet.md
[Debug 13:42:19.974] TableOfContentsProvider: create - file:///home/eragon/repos/cheatsheet/linux/tmux_cheatsheet.md
[Trace 13:42:20.562] VsCodeClientWorkspace: onDidChangeWatchedFiles: 2: file:///home/eragon/repos/cheatsheet/linux/tmux_cheatsheet.md
[Debug 13:42:20.778] LinkProvider: compute - file:///home/eragon/repos/cheatsheet/linux/tmux_cheatsheet.md
[Debug 13:42:37.505] MdFoldingProvider: provideFoldingRanges - file:///home/eragon/repos/cheatsheet/linux/tmux_cheatsheet.md
[Debug 13:42:37.506] TableOfContentsProvider: create - file:///home/eragon/repos/cheatsheet/linux/tmux_cheatsheet.md
[Debug 13:42:38.310] LinkProvider: compute - file:///home/eragon/repos/cheatsheet/linux/tmux_cheatsheet.md
[Trace 13:42:38.389] VsCodeClientWorkspace: onDidChangeWatchedFiles: 2: file:///home/eragon/repos/cheatsheet/linux/tmux_cheatsheet.md
[Debug 13:42:44.038] ReferencesProvider: getReferencesAtPosition: file:///home/eragon/repos/cheatsheet/linux/tmux_cheatsheet.md
[Debug 13:42:44.038] TableOfContentsProvider: create - file:///home/eragon/repos/cheatsheet/linux/tmux_cheatsheet.md
[Debug 13:42:46.363] MdFoldingProvider: provideFoldingRanges - file:///home/eragon/repos/cheatsheet/linux/tmux_cheatsheet.md
[Debug 13:42:46.363] TableOfContentsProvider: create - file:///home/eragon/repos/cheatsheet/linux/tmux_cheatsheet.md
[Debug 13:42:46.693] MdFoldingProvider: provideFoldingRanges - file:///home/eragon/repos/cheatsheet/linux/tmux_cheatsheet.md
[Debug 13:42:46.693] TableOfContentsProvider: create - file:///home/eragon/repos/cheatsheet/linux/tmux_cheatsheet.md
[Debug 13:42:46.967] MdFoldingProvider: provideFoldingRanges - file:///home/eragon/repos/cheatsheet/linux/tmux_cheatsheet.md
[Debug 13:42:46.967] TableOfContentsProvider: create - file:///home/eragon/repos/cheatsheet/linux/tmux_cheatsheet.md
[Debug 13:42:47.574] MdFoldingProvider: provideFoldingRanges - file:///home/eragon/repos/cheatsheet/linux/tmux_cheatsheet.md
[Debug 13:42:47.574] TableOfContentsProvider: create - file:///home/eragon/repos/cheatsheet/linux/tmux_cheatsheet.md
[Trace 13:42:48.078] VsCodeClientWorkspace: onDidChangeWatchedFiles: 2: file:///home/eragon/repos/cheatsheet/linux/tmux_cheatsheet.md
[Debug 13:42:48.375] LinkProvider: compute - file:///home/eragon/repos/cheatsheet/linux/tmux_cheatsheet.md
[Debug 13:43:08.169] ReferencesProvider: getReferencesAtPosition: file:///home/eragon/repos/cheatsheet/linux/tmux_cheatsheet.md
[Debug 13:43:08.169] TableOfContentsProvider: create - file:///home/eragon/repos/cheatsheet/linux/tmux_cheatsheet.md
[Debug 13:43:08.202] MdFoldingProvider: provideFoldingRanges - file:///home/eragon/repos/cheatsheet/linux/tmux_cheatsheet.md
[Debug 13:43:09.007] LinkProvider: compute - file:///home/eragon/repos/cheatsheet/linux/tmux_cheatsheet.md
[Debug 13:43:11.578] MdFoldingProvider: provideFoldingRanges - file:///home/eragon/repos/cheatsheet/linux/tmux_cheatsheet.md
[Debug 13:43:11.578] TableOfContentsProvider: create - file:///home/eragon/repos/cheatsheet/linux/tmux_cheatsheet.md
[Debug 13:43:12.431] MdFoldingProvider: provideFoldingRanges - file:///home/eragon/repos/cheatsheet/linux/tmux_cheatsheet.md
[Debug 13:43:12.431] TableOfContentsProvider: create - file:///home/eragon/repos/cheatsheet/linux/tmux_cheatsheet.md
[Debug 13:43:12.640] MdFoldingProvider: provideFoldingRanges - file:///home/eragon/repos/cheatsheet/linux/tmux_cheatsheet.md
[Debug 13:43:12.640] TableOfContentsProvider: create - file:///home/eragon/repos/cheatsheet/linux/tmux_cheatsheet.md
[Debug 13:43:12.872] MdFoldingProvider: provideFoldingRanges - file:///home/eragon/repos/cheatsheet/linux/tmux_cheatsheet.md
[Debug 13:43:12.872] TableOfContentsProvider: create - file:///home/eragon/repos/cheatsheet/linux/tmux_cheatsheet.md
[Debug 13:43:13.452] MdFoldingProvider: provideFoldingRanges - file:///home/eragon/repos/cheatsheet/linux/tmux_cheatsheet.md
[Debug 13:43:13.453] TableOfContentsProvider: create - file:///home/eragon/repos/cheatsheet/linux/tmux_cheatsheet.md
[Debug 13:43:13.727] MdFoldingProvider: provideFoldingRanges - file:///home/eragon/repos/cheatsheet/linux/tmux_cheatsheet.md
[Debug 13:43:13.727] TableOfContentsProvider: create - file:///home/eragon/repos/cheatsheet/linux/tmux_cheatsheet.md
[Debug 13:43:14.674] MdFoldingProvider: provideFoldingRanges - file:///home/eragon/repos/cheatsheet/linux/tmux_cheatsheet.md
[Debug 13:43:14.675] TableOfContentsProvider: create - file:///home/eragon/repos/cheatsheet/linux/tmux_cheatsheet.md
[Debug 13:43:15.666] MdFoldingProvider: provideFoldingRanges - file:///home/eragon/repos/cheatsheet/linux/tmux_cheatsheet.md
[Debug 13:43:15.667] TableOfContentsProvider: create - file:///home/eragon/repos/cheatsheet/linux/tmux_cheatsheet.md
[Debug 13:43:16.049] ReferencesProvider: getReferencesAtPosition: file:///home/eragon/repos/cheatsheet/linux/tmux_cheatsheet.md
[Debug 13:43:16.154] ReferencesProvider: getReferencesAtPosition: file:///home/eragon/repos/cheatsheet/linux/tmux_cheatsheet.md
[Trace 13:43:16.282] VsCodeClientWorkspace: onDidChangeWatchedFiles: 2: file:///home/eragon/repos/cheatsheet/linux/tmux_cheatsheet.md
[Debug 13:43:16.467] LinkProvider: compute - file:///home/eragon/repos/cheatsheet/linux/tmux_cheatsheet.md
[Debug 13:43:18.066] MdFoldingProvider: provideFoldingRanges - file:///home/eragon/repos/cheatsheet/linux/tmux_cheatsheet.md
[Debug 13:43:18.066] TableOfContentsProvider: create - file:///home/eragon/repos/cheatsheet/linux/tmux_cheatsheet.md
[Debug 13:43:18.871] LinkProvider: compute - file:///home/eragon/repos/cheatsheet/linux/tmux_cheatsheet.md
[Debug 13:43:19.912] MdFoldingProvider: provideFoldingRanges - file:///home/eragon/repos/cheatsheet/linux/tmux_cheatsheet.md
[Debug 13:43:19.912] TableOfContentsProvider: create - file:///home/eragon/repos/cheatsheet/linux/tmux_cheatsheet.md
[Debug 13:43:20.186] MdFoldingProvider: provideFoldingRanges - file:///home/eragon/repos/cheatsheet/linux/tmux_cheatsheet.md
[Debug 13:43:20.186] TableOfContentsProvider: create - file:///home/eragon/repos/cheatsheet/linux/tmux_cheatsheet.md
[Debug 13:43:20.999] MdFoldingProvider: provideFoldingRanges - file:///home/eragon/repos/cheatsheet/linux/tmux_cheatsheet.md
[Debug 13:43:20.999] TableOfContentsProvider: create - file:///home/eragon/repos/cheatsheet/linux/tmux_cheatsheet.md
[Trace 13:43:21.748] VsCodeClientWorkspace: onDidChangeWatchedFiles: 2: file:///home/eragon/repos/cheatsheet/linux/tmux_cheatsheet.md
[Debug 13:43:21.804] LinkProvider: compute - file:///home/eragon/repos/cheatsheet/linux/tmux_cheatsheet.md
[Debug 13:43:22.921] MdFoldingProvider: provideFoldingRanges - file:///home/eragon/repos/cheatsheet/linux/tmux_cheatsheet.md
[Debug 13:43:22.921] TableOfContentsProvider: create - file:///home/eragon/repos/cheatsheet/linux/tmux_cheatsheet.md
[Debug 13:43:23.727] LinkProvider: compute - file:///home/eragon/repos/cheatsheet/linux/tmux_cheatsheet.md
[Trace 13:43:23.748] VsCodeClientWorkspace: onDidChangeWatchedFiles: 2: file:///home/eragon/repos/cheatsheet/linux/tmux_cheatsheet.md
[Debug 13:43:30.761] ReferencesProvider: getReferencesAtPosition: file:///home/eragon/repos/cheatsheet/linux/tmux_cheatsheet.md
[Debug 13:43:30.761] TableOfContentsProvider: create - file:///home/eragon/repos/cheatsheet/linux/tmux_cheatsheet.md
[Debug 13:43:30.783] ReferencesProvider: getReferencesAtPosition: file:///home/eragon/repos/cheatsheet/linux/tmux_cheatsheet.md
[Debug 13:43:30.841] ReferencesProvider: getReferencesAtPosition: file:///home/eragon/repos/cheatsheet/linux/tmux_cheatsheet.md
[Debug 13:43:30.939] MdFoldingProvider: provideFoldingRanges - file:///home/eragon/repos/cheatsheet/linux/tmux_cheatsheet.md
[Debug 13:43:31.739] LinkProvider: compute - file:///home/eragon/repos/cheatsheet/linux/tmux_cheatsheet.md
[Debug 13:43:35.563] MdFoldingProvider: provideFoldingRanges - file:///home/eragon/repos/cheatsheet/linux/tmux_cheatsheet.md
[Debug 13:43:35.564] TableOfContentsProvider: create - file:///home/eragon/repos/cheatsheet/linux/tmux_cheatsheet.md
[Debug 13:43:36.541] MdFoldingProvider: provideFoldingRanges - file:///home/eragon/repos/cheatsheet/linux/tmux_cheatsheet.md
[Debug 13:43:36.541] TableOfContentsProvider: create - file:///home/eragon/repos/cheatsheet/linux/tmux_cheatsheet.md
[Debug 13:43:38.051] MdFoldingProvider: provideFoldingRanges - file:///home/eragon/repos/cheatsheet/linux/tmux_cheatsheet.md
[Debug 13:43:38.051] TableOfContentsProvider: create - file:///home/eragon/repos/cheatsheet/linux/tmux_cheatsheet.md
[Debug 13:43:38.495] MdFoldingProvider: provideFoldingRanges - file:///home/eragon/repos/cheatsheet/linux/tmux_cheatsheet.md
[Debug 13:43:38.495] TableOfContentsProvider: create - file:///home/eragon/repos/cheatsheet/linux/tmux_cheatsheet.md
[Trace 13:43:38.968] VsCodeClientWorkspace: onDidChangeWatchedFiles: 2: file:///home/eragon/repos/cheatsheet/linux/tmux_cheatsheet.md
[Debug 13:43:39.300] LinkProvider: compute - file:///home/eragon/repos/cheatsheet/linux/tmux_cheatsheet.md
[Debug 13:43:41.530] MdFoldingProvider: provideFoldingRanges - file:///home/eragon/repos/cheatsheet/linux/tmux_cheatsheet.md
[Debug 13:43:41.530] TableOfContentsProvider: create - file:///home/eragon/repos/cheatsheet/linux/tmux_cheatsheet.md
[Debug 13:43:41.950] MdFoldingProvider: provideFoldingRanges - file:///home/eragon/repos/cheatsheet/linux/tmux_cheatsheet.md
[Debug 13:43:41.950] TableOfContentsProvider: create - file:///home/eragon/repos/cheatsheet/linux/tmux_cheatsheet.md
[Debug 13:43:42.490] MdFoldingProvider: provideFoldingRanges - file:///home/eragon/repos/cheatsheet/linux/tmux_cheatsheet.md
[Debug 13:43:42.490] TableOfContentsProvider: create - file:///home/eragon/repos/cheatsheet/linux/tmux_cheatsheet.md
[Debug 13:43:42.716] MdFoldingProvider: provideFoldingRanges - file:///home/eragon/repos/cheatsheet/linux/tmux_cheatsheet.md
[Debug 13:43:42.716] TableOfContentsProvider: create - file:///home/eragon/repos/cheatsheet/linux/tmux_cheatsheet.md
[Debug 13:43:43.522] LinkProvider: compute - file:///home/eragon/repos/cheatsheet/linux/tmux_cheatsheet.md
[Debug 13:43:44.241] MdFoldingProvider: provideFoldingRanges - file:///home/eragon/repos/cheatsheet/linux/tmux_cheatsheet.md
[Debug 13:43:44.241] TableOfContentsProvider: create - file:///home/eragon/repos/cheatsheet/linux/tmux_cheatsheet.md
[Debug 13:43:45.047] LinkProvider: compute - file:///home/eragon/repos/cheatsheet/linux/tmux_cheatsheet.md
[Debug 13:43:45.438] MdFoldingProvider: provideFoldingRanges - file:///home/eragon/repos/cheatsheet/linux/tmux_cheatsheet.md
[Debug 13:43:45.439] TableOfContentsProvider: create - file:///home/eragon/repos/cheatsheet/linux/tmux_cheatsheet.md
[Debug 13:43:46.136] MdFoldingProvider: provideFoldingRanges - file:///home/eragon/repos/cheatsheet/linux/tmux_cheatsheet.md
[Debug 13:43:46.136] TableOfContentsProvider: create - file:///home/eragon/repos/cheatsheet/linux/tmux_cheatsheet.md
[Debug 13:43:46.362] MdFoldingProvider: provideFoldingRanges - file:///home/eragon/repos/cheatsheet/linux/tmux_cheatsheet.md
[Debug 13:43:46.362] TableOfContentsProvider: create - file:///home/eragon/repos/cheatsheet/linux/tmux_cheatsheet.md
[Trace 13:43:46.910] VsCodeClientWorkspace: onDidChangeWatchedFiles: 2: file:///home/eragon/repos/cheatsheet/linux/tmux_cheatsheet.md
[Debug 13:43:47.166] LinkProvider: compute - file:///home/eragon/repos/cheatsheet/linux/tmux_cheatsheet.md
[Debug 13:43:55.105] ReferencesProvider: getReferencesAtPosition: file:///home/eragon/repos/cheatsheet/linux/tmux_cheatsheet.md
[Debug 13:43:55.105] TableOfContentsProvider: create - file:///home/eragon/repos/cheatsheet/linux/tmux_cheatsheet.md
[Debug 13:43:59.401] MdFoldingProvider: provideFoldingRanges - file:///home/eragon/repos/cheatsheet/linux/tmux_cheatsheet.md
[Debug 13:43:59.401] TableOfContentsProvider: create - file:///home/eragon/repos/cheatsheet/linux/tmux_cheatsheet.md
[Debug 13:44:00.017] MdFoldingProvider: provideFoldingRanges - file:///home/eragon/repos/cheatsheet/linux/tmux_cheatsheet.md
[Debug 13:44:00.017] TableOfContentsProvider: create - file:///home/eragon/repos/cheatsheet/linux/tmux_cheatsheet.md
[Debug 13:44:00.817] LinkProvider: compute - file:///home/eragon/repos/cheatsheet/linux/tmux_cheatsheet.md
[Debug 13:44:03.735] MdFoldingProvider: provideFoldingRanges - file:///home/eragon/repos/cheatsheet/linux/tmux_cheatsheet.md
[Debug 13:44:03.735] TableOfContentsProvider: create - file:///home/eragon/repos/cheatsheet/linux/tmux_cheatsheet.md
[Debug 13:44:04.165] MdFoldingProvider: provideFoldingRanges - file:///home/eragon/repos/cheatsheet/linux/tmux_cheatsheet.md
[Debug 13:44:04.166] TableOfContentsProvider: create - file:///home/eragon/repos/cheatsheet/linux/tmux_cheatsheet.md
[Debug 13:44:04.966] LinkProvider: compute - file:///home/eragon/repos/cheatsheet/linux/tmux_cheatsheet.md
[Debug 13:44:05.795] MdFoldingProvider: provideFoldingRanges - file:///home/eragon/repos/cheatsheet/linux/tmux_cheatsheet.md
[Debug 13:44:05.795] TableOfContentsProvider: create - file:///home/eragon/repos/cheatsheet/linux/tmux_cheatsheet.md
[Debug 13:44:06.599] MdFoldingProvider: provideFoldingRanges - file:///home/eragon/repos/cheatsheet/linux/tmux_cheatsheet.md
[Debug 13:44:06.599] TableOfContentsProvider: create - file:///home/eragon/repos/cheatsheet/linux/tmux_cheatsheet.md
[Debug 13:44:07.399] LinkProvider: compute - file:///home/eragon/repos/cheatsheet/linux/tmux_cheatsheet.md
[Debug 13:44:08.139] MdFoldingProvider: provideFoldingRanges - file:///home/eragon/repos/cheatsheet/linux/tmux_cheatsheet.md
[Debug 13:44:08.139] TableOfContentsProvider: create - file:///home/eragon/repos/cheatsheet/linux/tmux_cheatsheet.md
[Debug 13:44:08.530] MdFoldingProvider: provideFoldingRanges - file:///home/eragon/repos/cheatsheet/linux/tmux_cheatsheet.md
[Debug 13:44:08.530] TableOfContentsProvider: create - file:///home/eragon/repos/cheatsheet/linux/tmux_cheatsheet.md
[Debug 13:44:08.821] MdFoldingProvider: provideFoldingRanges - file:///home/eragon/repos/cheatsheet/linux/tmux_cheatsheet.md
[Debug 13:44:08.821] TableOfContentsProvider: create - file:///home/eragon/repos/cheatsheet/linux/tmux_cheatsheet.md
[Debug 13:44:09.834] MdFoldingProvider: provideFoldingRanges - file:///home/eragon/repos/cheatsheet/linux/tmux_cheatsheet.md
[Debug 13:44:09.834] TableOfContentsProvider: create - file:///home/eragon/repos/cheatsheet/linux/tmux_cheatsheet.md
[Debug 13:44:10.098] MdFoldingProvider: provideFoldingRanges - file:///home/eragon/repos/cheatsheet/linux/tmux_cheatsheet.md
[Debug 13:44:10.098] TableOfContentsProvider: create - file:///home/eragon/repos/cheatsheet/linux/tmux_cheatsheet.md
[Debug 13:44:10.474] MdFoldingProvider: provideFoldingRanges - file:///home/eragon/repos/cheatsheet/linux/tmux_cheatsheet.md
[Debug 13:44:10.474] TableOfContentsProvider: create - file:///home/eragon/repos/cheatsheet/linux/tmux_cheatsheet.md
[Debug 13:44:11.156] MdFoldingProvider: provideFoldingRanges - file:///home/eragon/repos/cheatsheet/linux/tmux_cheatsheet.md
[Debug 13:44:11.156] TableOfContentsProvider: create - file:///home/eragon/repos/cheatsheet/linux/tmux_cheatsheet.md
[Debug 13:44:11.757] MdFoldingProvider: provideFoldingRanges - file:///home/eragon/repos/cheatsheet/linux/tmux_cheatsheet.md
[Debug 13:44:11.757] TableOfContentsProvider: create - file:///home/eragon/repos/cheatsheet/linux/tmux_cheatsheet.md
[Debug 13:44:12.254] MdFoldingProvider: provideFoldingRanges - file:///home/eragon/repos/cheatsheet/linux/tmux_cheatsheet.md
[Debug 13:44:12.254] TableOfContentsProvider: create - file:///home/eragon/repos/cheatsheet/linux/tmux_cheatsheet.md
[Debug 13:44:12.729] MdFoldingProvider: provideFoldingRanges - file:///home/eragon/repos/cheatsheet/linux/tmux_cheatsheet.md
[Debug 13:44:12.729] TableOfContentsProvider: create - file:///home/eragon/repos/cheatsheet/linux/tmux_cheatsheet.md
[Debug 13:44:12.954] MdFoldingProvider: provideFoldingRanges - file:///home/eragon/repos/cheatsheet/linux/tmux_cheatsheet.md
[Debug 13:44:12.954] TableOfContentsProvider: create - file:///home/eragon/repos/cheatsheet/linux/tmux_cheatsheet.md
[Debug 13:44:13.320] MdFoldingProvider: provideFoldingRanges - file:///home/eragon/repos/cheatsheet/linux/tmux_cheatsheet.md
[Debug 13:44:13.321] TableOfContentsProvider: create - file:///home/eragon/repos/cheatsheet/linux/tmux_cheatsheet.md
[Debug 13:44:13.680] MdFoldingProvider: provideFoldingRanges - file:///home/eragon/repos/cheatsheet/linux/tmux_cheatsheet.md
[Debug 13:44:13.680] TableOfContentsProvider: create - file:///home/eragon/repos/cheatsheet/linux/tmux_cheatsheet.md
[Trace 13:44:14.209] VsCodeClientWorkspace: onDidChangeWatchedFiles: 2: file:///home/eragon/repos/cheatsheet/linux/tmux_cheatsheet.md
[Debug 13:44:14.494] LinkProvider: compute - file:///home/eragon/repos/cheatsheet/linux/tmux_cheatsheet.md
[Trace 13:44:33.351] VsCodeClientWorkspace: onDidChangeWatchedFiles: 2: file:///home/eragon/repos/cheatsheet/linux/tmux_cheatsheet.md
[Trace 13:44:44.897] VsCodeClientWorkspace: onDidChangeWatchedFiles: 2: file:///home/eragon/repos/cheatsheet/linux/tmux_cheatsheet.md
[Debug 13:44:45.395] MdFoldingProvider: provideFoldingRanges - file:///home/eragon/repos/cheatsheet/linux/tmux_cheatsheet.md
[Debug 13:44:45.395] TableOfContentsProvider: create - file:///home/eragon/repos/cheatsheet/linux/tmux_cheatsheet.md
[Trace 13:44:46.034] VsCodeClientWorkspace: onDidChangeWatchedFiles: 2: file:///home/eragon/repos/cheatsheet/linux/tmux_cheatsheet.md
[Debug 13:44:46.195] LinkProvider: compute - file:///home/eragon/repos/cheatsheet/linux/tmux_cheatsheet.md
[Debug 13:45:05.259] MdFoldingProvider: provideFoldingRanges - file:///home/eragon/repos/cheatsheet/linux/tmux_cheatsheet.md
[Debug 13:45:05.259] TableOfContentsProvider: create - file:///home/eragon/repos/cheatsheet/linux/tmux_cheatsheet.md
[Trace 13:45:06.289] VsCodeClientWorkspace: onDidChangeWatchedFiles: 2: file:///home/eragon/repos/cheatsheet/linux/tmux_cheatsheet.md
[Trace 13:45:30.841] VsCodeClientWorkspace: onDidChangeWatchedFiles: 2: file:///home/eragon/repos/cheatsheet/README.md
[Trace 13:45:30.857] VsCodeClientWorkspace: onDidChangeWatchedFiles: 2: file:///home/eragon/repos/cheatsheet/linux/package_managers.md
[Debug 13:45:57.456] ReferencesProvider: getReferencesAtPosition: file:///home/eragon/repos/cheatsheet/linux/tmux_cheatsheet.md
[Debug 13:45:57.456] TableOfContentsProvider: create - file:///home/eragon/repos/cheatsheet/linux/tmux_cheatsheet.md
[Debug 13:45:59.181] ReferencesProvider: getReferencesAtPosition: file:///home/eragon/repos/cheatsheet/linux/tmux_cheatsheet.md
[Debug 13:45:59.235] ReferencesProvider: getReferencesAtPosition: file:///home/eragon/repos/cheatsheet/linux/tmux_cheatsheet.md
[Debug 13:45:59.235] ReferencesProvider: getReferencesAtPosition: file:///home/eragon/repos/cheatsheet/linux/tmux_cheatsheet.md
[Debug 13:45:59.236] ReferencesProvider: getReferencesAtPosition: file:///home/eragon/repos/cheatsheet/linux/tmux_cheatsheet.md
[Debug 13:45:59.247] ReferencesProvider: getReferencesAtPosition: file:///home/eragon/repos/cheatsheet/linux/tmux_cheatsheet.md
[Debug 13:45:59.247] ReferencesProvider: getReferencesAtPosition: file:///home/eragon/repos/cheatsheet/linux/tmux_cheatsheet.md
[Debug 13:46:01.965] TableOfContentsProvider: create - file:///home/eragon/repos/cheatsheet/README.md
[Debug 13:46:01.979] LinkProvider: compute - file:///home/eragon/repos/cheatsheet/README.md
[Debug 13:46:02.133] MdFoldingProvider: provideFoldingRanges - file:///home/eragon/repos/cheatsheet/README.md
[Debug 13:46:06.090] ReferencesProvider: getReferencesAtPosition: file:///home/eragon/repos/cheatsheet/README.md
[Trace 13:46:06.097] VsCodeClientWorkspace: stat: file:///home/eragon/repos/cheatsheet/infrastructure/keys.md
[Debug 13:46:06.097] TableOfContentsProvider: create - file:///home/eragon/repos/cheatsheet/infrastructure/keys.md
[Debug 13:46:06.110] ReferencesProvider: getReferencesAtPosition: file:///home/eragon/repos/cheatsheet/README.md
[Debug 13:46:06.110] TableOfContentsProvider: create - file:///home/eragon/repos/cheatsheet/README.md
[Trace 13:46:06.112] VsCodeClientWorkspace: stat: file:///home/eragon/repos/cheatsheet/infrastructure/keys.md
[Debug 13:46:06.115] ReferencesProvider: getReferencesAtPosition: file:///home/eragon/repos/cheatsheet/README.md
[Trace 13:46:06.116] VsCodeClientWorkspace: stat: file:///home/eragon/repos/cheatsheet/infrastructure/keys.md
[Debug 13:46:06.117] ReferencesProvider: getReferencesAtPosition: file:///home/eragon/repos/cheatsheet/README.md
[Trace 13:46:06.118] VsCodeClientWorkspace: stat: file:///home/eragon/repos/cheatsheet/infrastructure/keys.md
[Debug 13:46:06.137] ReferencesProvider: getReferencesAtPosition: file:///home/eragon/repos/cheatsheet/README.md
[Trace 13:46:06.137] VsCodeClientWorkspace: stat: file:///home/eragon/repos/cheatsheet/infrastructure/keys.md
[Debug 13:46:06.166] ReferencesProvider: getReferencesAtPosition: file:///home/eragon/repos/cheatsheet/README.md
[Trace 13:46:06.167] VsCodeClientWorkspace: stat: file:///home/eragon/repos/cheatsheet/infrastructure/keys.md
[Debug 13:46:06.288] MdFoldingProvider: provideFoldingRanges - file:///home/eragon/repos/cheatsheet/README.md
[Debug 13:46:07.092] LinkProvider: compute - file:///home/eragon/repos/cheatsheet/README.md
[Debug 13:46:07.957] MdFoldingProvider: provideFoldingRanges - file:///home/eragon/repos/cheatsheet/README.md
[Debug 13:46:07.957] TableOfContentsProvider: create - file:///home/eragon/repos/cheatsheet/README.md
[Debug 13:46:08.182] MdFoldingProvider: provideFoldingRanges - file:///home/eragon/repos/cheatsheet/README.md
[Debug 13:46:08.182] TableOfContentsProvider: create - file:///home/eragon/repos/cheatsheet/README.md
[Debug 13:46:08.985] LinkProvider: compute - file:///home/eragon/repos/cheatsheet/README.md
[Debug 13:46:11.647] MdFoldingProvider: provideFoldingRanges - file:///home/eragon/repos/cheatsheet/README.md
[Debug 13:46:11.648] TableOfContentsProvider: create - file:///home/eragon/repos/cheatsheet/README.md
[Debug 13:46:12.242] MdFoldingProvider: provideFoldingRanges - file:///home/eragon/repos/cheatsheet/README.md
[Debug 13:46:12.242] TableOfContentsProvider: create - file:///home/eragon/repos/cheatsheet/README.md
[Debug 13:46:13.073] LinkProvider: compute - file:///home/eragon/repos/cheatsheet/README.md
[Debug 13:46:15.818] MdFoldingProvider: provideFoldingRanges - file:///home/eragon/repos/cheatsheet/README.md
[Debug 13:46:15.818] TableOfContentsProvider: create - file:///home/eragon/repos/cheatsheet/README.md
[Debug 13:46:16.628] LinkProvider: compute - file:///home/eragon/repos/cheatsheet/README.md
[Debug 13:46:17.981] MdFoldingProvider: provideFoldingRanges - file:///home/eragon/repos/cheatsheet/README.md
[Debug 13:46:17.981] TableOfContentsProvider: create - file:///home/eragon/repos/cheatsheet/README.md
[Debug 13:46:17.981] LinkProvider: compute - file:///home/eragon/repos/cheatsheet/README.md
[Trace 13:46:18.523] VsCodeClientWorkspace: onDidChangeWatchedFiles: 2: file:///home/eragon/repos/cheatsheet/README.md
[Debug 13:56:05.615] TableOfContentsProvider: create - file:///home/eragon/repos/cheatsheet/README.md
[Debug 13:56:05.659] MdFoldingProvider: provideFoldingRanges - file:///home/eragon/repos/cheatsheet/README.md
[Debug 13:56:06.352] LinkProvider: compute - file:///home/eragon/repos/cheatsheet/README.md
[Trace 13:56:06.356] VsCodeClientWorkspace: onDidChangeWatchedFiles: 2: file:///home/eragon/repos/cheatsheet/README.md
[Debug 13:56:11.214] ReferencesProvider: getReferencesAtPosition: file:///home/eragon/repos/cheatsheet/README.md
[Debug 13:56:11.214] TableOfContentsProvider: create - file:///home/eragon/repos/cheatsheet/README.md
[Debug 13:56:11.397] ReferencesProvider: getReferencesAtPosition: file:///home/eragon/repos/cheatsheet/README.md
[Trace 13:56:11.680] VsCodeClientWorkspace: onDidChangeWatchedFiles: 2: file:///home/eragon/repos/cheatsheet/README.md
[Debug 13:56:15.908] TableOfContentsProvider: create - file:///home/eragon/repos/cheatsheet/README.md
[Debug 13:56:15.957] MdFoldingProvider: provideFoldingRanges - file:///home/eragon/repos/cheatsheet/README.md
[Debug 13:56:16.654] LinkProvider: compute - file:///home/eragon/repos/cheatsheet/README.md
[Debug 13:56:18.629] MdFoldingProvider: provideFoldingRanges - file:///home/eragon/repos/cheatsheet/README.md
[Debug 13:56:18.629] TableOfContentsProvider: create - file:///home/eragon/repos/cheatsheet/README.md
[Debug 13:56:18.861] TableOfContentsProvider: create - file:///home/eragon/repos/cheatsheet/README.md
[Debug 13:56:19.198] MdFoldingProvider: provideFoldingRanges - file:///home/eragon/repos/cheatsheet/README.md
[Debug 13:56:19.198] TableOfContentsProvider: create - file:///home/eragon/repos/cheatsheet/README.md
[Debug 13:56:20.215] MdFoldingProvider: provideFoldingRanges - file:///home/eragon/repos/cheatsheet/README.md
[Debug 13:56:20.215] TableOfContentsProvider: create - file:///home/eragon/repos/cheatsheet/README.md
[Debug 13:56:20.822] TableOfContentsProvider: create - file:///home/eragon/repos/cheatsheet/README.md
[Debug 13:56:22.672] MdFoldingProvider: provideFoldingRanges - file:///home/eragon/repos/cheatsheet/README.md
[Debug 13:56:22.672] TableOfContentsProvider: create - file:///home/eragon/repos/cheatsheet/README.md
[Debug 13:56:22.672] LinkProvider: compute - file:///home/eragon/repos/cheatsheet/README.md
[Trace 13:56:22.982] VsCodeClientWorkspace: readDir: file:///home/eragon/repos/cheatsheet/infrastructure
[Trace 13:56:25.880] VsCodeClientWorkspace: onDidChangeWatchedFiles: 2: file:///home/eragon/repos/cheatsheet/README.md
[Trace 13:56:29.645] VsCodeClientWorkspace: readDir: file:///home/eragon/repos/cheatsheet/infrastructure
[Trace 13:56:31.993] VsCodeClientWorkspace: readDir: file:///home/eragon/repos/cheatsheet/infrastructure
[Trace 13:56:31.993] VsCodeClientWorkspace: readDir: file:///home/eragon/repos/cheatsheet/infrastructure
[Debug 13:56:31.993] MdFoldingProvider: provideFoldingRanges - file:///home/eragon/repos/cheatsheet/README.md
[Debug 13:56:31.993] TableOfContentsProvider: create - file:///home/eragon/repos/cheatsheet/README.md
[Debug 13:56:32.526] LinkProvider: compute - file:///home/eragon/repos/cheatsheet/README.md
[Debug 13:56:36.308] MdFoldingProvider: provideFoldingRanges - file:///home/eragon/repos/cheatsheet/README.md
[Debug 13:56:36.308] TableOfContentsProvider: create - file:///home/eragon/repos/cheatsheet/README.md
[Debug 13:56:36.693] TableOfContentsProvider: create - file:///home/eragon/repos/cheatsheet/README.md
[Debug 13:56:36.892] MdFoldingProvider: provideFoldingRanges - file:///home/eragon/repos/cheatsheet/README.md
[Debug 13:56:37.338] LinkProvider: compute - file:///home/eragon/repos/cheatsheet/README.md
[Debug 13:56:41.581] TableOfContentsProvider: create - file:///home/eragon/repos/cheatsheet/README.md
[Debug 13:56:41.782] MdFoldingProvider: provideFoldingRanges - file:///home/eragon/repos/cheatsheet/README.md
[Debug 13:56:42.328] LinkProvider: compute - file:///home/eragon/repos/cheatsheet/README.md
[Debug 13:56:43.572] MdFoldingProvider: provideFoldingRanges - file:///home/eragon/repos/cheatsheet/README.md
[Debug 13:56:43.572] TableOfContentsProvider: create - file:///home/eragon/repos/cheatsheet/README.md
[Debug 13:56:44.297] LinkProvider: compute - file:///home/eragon/repos/cheatsheet/README.md
[Debug 13:56:47.342] TableOfContentsProvider: create - file:///home/eragon/repos/cheatsheet/README.md
[Debug 13:56:47.342] MdFoldingProvider: provideFoldingRanges - file:///home/eragon/repos/cheatsheet/README.md
[Debug 13:56:47.342] LinkProvider: compute - file:///home/eragon/repos/cheatsheet/README.md
[Debug 13:56:50.621] TableOfContentsProvider: create - file:///home/eragon/repos/cheatsheet/README.md
[Debug 13:56:50.770] MdFoldingProvider: provideFoldingRanges - file:///home/eragon/repos/cheatsheet/README.md
[Trace 13:56:50.851] VsCodeClientWorkspace: onDidChangeWatchedFiles: 2: file:///home/eragon/repos/cheatsheet/README.md
[Debug 13:56:51.119] LinkProvider: compute - file:///home/eragon/repos/cheatsheet/README.md
[Debug 13:56:53.578] TableOfContentsProvider: create - file:///home/eragon/repos/cheatsheet/infrastructure/kubernetes_yaml.md
[Debug 13:56:53.587] LinkProvider: compute - file:///home/eragon/repos/cheatsheet/infrastructure/kubernetes_yaml.md
[Debug 13:56:53.817] MdFoldingProvider: provideFoldingRanges - file:///home/eragon/repos/cheatsheet/infrastructure/kubernetes_yaml.md
[Debug 13:56:58.931] MdFoldingProvider: provideFoldingRanges - file:///home/eragon/repos/cheatsheet/README.md
[Debug 13:56:58.931] TableOfContentsProvider: create - file:///home/eragon/repos/cheatsheet/README.md
[Trace 13:57:00.267] VsCodeClientWorkspace: onDidChangeWatchedFiles: 2: file:///home/eragon/repos/cheatsheet/README.md
[Debug 13:58:05.741] ReferencesProvider: getReferencesAtPosition: file:///home/eragon/repos/cheatsheet/README.md
[Debug 13:58:05.741] TableOfContentsProvider: create - file:///home/eragon/repos/cheatsheet/README.md
[Trace 13:58:05.748] VsCodeClientWorkspace: stat: file:///home/eragon/repos/cheatsheet/Programming_languages/Python.md
[Debug 13:58:05.748] TableOfContentsProvider: create - file:///home/eragon/repos/cheatsheet/Programming_languages/Python.md
[Debug 13:58:14.915] ReferencesProvider: getReferencesAtPosition: file:///home/eragon/repos/cheatsheet/README.md
[Trace 13:58:15.149] VsCodeClientWorkspace: stat: file:///home/eragon/repos/cheatsheet/infrastructure/infrastructure_overview.md
[Debug 13:58:15.150] ReferencesProvider: getReferencesAtPosition: file:///home/eragon/repos/cheatsheet/README.md
[Debug 13:58:15.210] TableOfContentsProvider: create - file:///home/eragon/repos/cheatsheet/infrastructure/infrastructure_overview.md
[Debug 13:58:15.218] LinkProvider: compute - file:///home/eragon/repos/cheatsheet/infrastructure/infrastructure_overview.md
[Debug 13:58:15.391] MdFoldingProvider: provideFoldingRanges - file:///home/eragon/repos/cheatsheet/infrastructure/infrastructure_overview.md
[Debug 13:58:19.206] ReferencesProvider: getReferencesAtPosition: file:///home/eragon/repos/cheatsheet/infrastructure/infrastructure_overview.md
[Debug 13:58:19.207] TableOfContentsProvider: create - file:///home/eragon/repos/cheatsheet/infrastructure/infrastructure_overview.md
[Debug 13:58:19.240] ReferencesProvider: getReferencesAtPosition: file:///home/eragon/repos/cheatsheet/infrastructure/infrastructure_overview.md
[Debug 13:58:19.334] MdFoldingProvider: provideFoldingRanges - file:///home/eragon/repos/cheatsheet/infrastructure/infrastructure_overview.md
[Debug 13:58:20.138] LinkProvider: compute - file:///home/eragon/repos/cheatsheet/infrastructure/infrastructure_overview.md
[Debug 13:58:23.119] MdFoldingProvider: provideFoldingRanges - file:///home/eragon/repos/cheatsheet/infrastructure/infrastructure_overview.md
[Debug 13:58:23.119] TableOfContentsProvider: create - file:///home/eragon/repos/cheatsheet/infrastructure/infrastructure_overview.md
[Debug 13:58:23.922] LinkProvider: compute - file:///home/eragon/repos/cheatsheet/infrastructure/infrastructure_overview.md
[Debug 13:58:25.276] MdFoldingProvider: provideFoldingRanges - file:///home/eragon/repos/cheatsheet/infrastructure/infrastructure_overview.md
[Debug 13:58:25.277] TableOfContentsProvider: create - file:///home/eragon/repos/cheatsheet/infrastructure/infrastructure_overview.md
[Debug 13:58:26.077] LinkProvider: compute - file:///home/eragon/repos/cheatsheet/infrastructure/infrastructure_overview.md
[Debug 13:58:27.173] MdFoldingProvider: provideFoldingRanges - file:///home/eragon/repos/cheatsheet/infrastructure/infrastructure_overview.md
[Debug 13:58:27.173] TableOfContentsProvider: create - file:///home/eragon/repos/cheatsheet/infrastructure/infrastructure_overview.md
[Debug 13:58:27.974] LinkProvider: compute - file:///home/eragon/repos/cheatsheet/infrastructure/infrastructure_overview.md
[Debug 13:58:30.600] MdFoldingProvider: provideFoldingRanges - file:///home/eragon/repos/cheatsheet/infrastructure/infrastructure_overview.md
[Debug 13:58:30.600] TableOfContentsProvider: create - file:///home/eragon/repos/cheatsheet/infrastructure/infrastructure_overview.md
[Debug 13:58:31.398] LinkProvider: compute - file:///home/eragon/repos/cheatsheet/infrastructure/infrastructure_overview.md
[Debug 13:58:33.728] ReferencesProvider: getReferencesAtPosition: file:///home/eragon/repos/cheatsheet/infrastructure/infrastructure_overview.md
[Trace 13:58:33.729] VsCodeClientWorkspace: stat: file:///home/eragon/repos/cheatsheet/infrastructure/infrastructure/keys.md
[Debug 13:58:34.148] MdFoldingProvider: provideFoldingRanges - file:///home/eragon/repos/cheatsheet/infrastructure/infrastructure_overview.md
[Debug 13:58:34.148] TableOfContentsProvider: create - file:///home/eragon/repos/cheatsheet/infrastructure/infrastructure_overview.md
[Debug 13:58:34.777] MdFoldingProvider: provideFoldingRanges - file:///home/eragon/repos/cheatsheet/infrastructure/infrastructure_overview.md
[Debug 13:58:34.777] TableOfContentsProvider: create - file:///home/eragon/repos/cheatsheet/infrastructure/infrastructure_overview.md
[Debug 13:58:35.577] LinkProvider: compute - file:///home/eragon/repos/cheatsheet/infrastructure/infrastructure_overview.md
[Trace 13:58:37.783] VsCodeClientWorkspace: onDidChangeWatchedFiles: 2: file:///home/eragon/repos/cheatsheet/infrastructure/infrastructure_overview.md
[Debug 13:58:42.318] TableOfContentsProvider: create - file:///home/eragon/repos/cheatsheet/infrastructure/keys.md
[Debug 13:58:42.330] LinkProvider: compute - file:///home/eragon/repos/cheatsheet/infrastructure/keys.md
[Debug 13:58:42.483] MdFoldingProvider: provideFoldingRanges - file:///home/eragon/repos/cheatsheet/infrastructure/keys.md
[Debug 13:58:44.848] LinkProvider: compute - file:///home/eragon/repos/cheatsheet/infrastructure/infrastructure_overview.md
[Debug 13:58:45.015] MdFoldingProvider: provideFoldingRanges - file:///home/eragon/repos/cheatsheet/infrastructure/infrastructure_overview.md
[Debug 13:58:45.015] TableOfContentsProvider: create - file:///home/eragon/repos/cheatsheet/infrastructure/infrastructure_overview.md
[Debug 13:58:49.870] ReferencesProvider: getReferencesAtPosition: file:///home/eragon/repos/cheatsheet/infrastructure/infrastructure_overview.md
[Debug 13:58:49.879] ReferencesProvider: getReferencesAtPosition: file:///home/eragon/repos/cheatsheet/infrastructure/infrastructure_overview.md
[Trace 13:58:49.982] VsCodeClientWorkspace: onDidChangeWatchedFiles: 2: file:///home/eragon/repos/cheatsheet/infrastructure/infrastructure_overview.md
[Debug 13:58:55.558] LinkProvider: compute - file:///home/eragon/repos/cheatsheet/infrastructure/infrastructure_overview.md
[Debug 13:58:55.733] MdFoldingProvider: provideFoldingRanges - file:///home/eragon/repos/cheatsheet/infrastructure/infrastructure_overview.md
[Debug 13:58:55.733] TableOfContentsProvider: create - file:///home/eragon/repos/cheatsheet/infrastructure/infrastructure_overview.md
[Trace 13:58:56.986] VsCodeClientWorkspace: onDidChangeWatchedFiles: 2: file:///home/eragon/repos/cheatsheet/infrastructure/infrastructure_overview.md
[Debug 13:58:57.374] LinkProvider: compute - file:///home/eragon/repos/cheatsheet/README.md
[Debug 13:58:57.749] MdFoldingProvider: provideFoldingRanges - file:///home/eragon/repos/cheatsheet/README.md
[Debug 14:04:48.351] LinkProvider: compute - file:///home/eragon/repos/cheatsheet/linux/tmux_cheatsheet.md
[Debug 14:04:48.512] MdFoldingProvider: provideFoldingRanges - file:///home/eragon/repos/cheatsheet/linux/tmux_cheatsheet.md
[Trace 14:22:34.578] VsCodeClientWorkspace: onDidChangeWatchedFiles: 1: file:///home/eragon/repos/fluves/infrastructure/ansible/roles/mqtt_logger/README.md
[Trace 14:22:34.585] VsCodeClientWorkspace: onDidChangeWatchedFiles: 2: file:///home/eragon/repos/fluves/infrastructure/admin.md
[Trace 14:22:34.597] VsCodeClientWorkspace: onDidChangeWatchedFiles: 2: file:///home/eragon/repos/fluves/infrastructure/ansible/app/devpi/README.md
[Trace 14:22:34.602] VsCodeClientWorkspace: onDidChangeWatchedFiles: 2: file:///home/eragon/repos/fluves/infrastructure/ansible/app/zabbix/README.md
[Trace 14:22:34.608] VsCodeClientWorkspace: onDidChangeWatchedFiles: 2: file:///home/eragon/repos/fluves/infrastructure/drone.md
[Trace 14:22:34.615] VsCodeClientWorkspace: onDidChangeWatchedFiles: 2: file:///home/eragon/repos/fluves/infrastructure/nas-backups.md
[Trace 14:22:34.622] VsCodeClientWorkspace: onDidChangeWatchedFiles: 2: file:///home/eragon/repos/fluves/infrastructure/teltonika.md
[Trace 14:22:34.627] VsCodeClientWorkspace: onDidChangeWatchedFiles: 3: file:///home/eragon/repos/fluves/infrastructure/ansible/roles/mqtt_logger/Readme.md
