[2022-09-02T06:48:06.435Z] Log level: Info
[2022-09-02T06:48:06.435Z] [info] Validating found git in: git
[2022-09-02T06:48:06.441Z] [info] Using git 2.37.2 from git
[2022-09-02T06:48:06.455Z] > git rev-parse --show-toplevel [4ms]
[2022-09-02T06:48:06.604Z] > git rev-parse --git-dir --git-common-dir [142ms]
[2022-09-02T06:48:06.607Z] [info] Open repository: /home/eragon/repos/installers
[2022-09-02T06:48:06.656Z] > git status -z -uall [44ms]
[2022-09-02T06:48:06.675Z] > git symbolic-ref --short HEAD [16ms]
[2022-09-02T06:48:06.708Z] > git rev-parse --show-toplevel [92ms]
[2022-09-02T06:48:06.728Z] > git rev-parse --git-dir --git-common-dir [16ms]
[2022-09-02T06:48:06.729Z] [info] Open repository: /home/eragon/.local/share/chezmoi
[2022-09-02T06:48:06.741Z] > git for-each-ref --format=%(refname)%00%(upstream:short)%00%(objectname)%00%(upstream:track)%00%(upstream:remotename)%00%(upstream:remoteref) refs/heads/main refs/remotes/main [60ms]
[2022-09-02T06:48:06.795Z] > git remote --verbose [45ms]
[2022-09-02T06:48:06.796Z] > git for-each-ref --sort -committerdate --format %(refname) %(objectname) %(*objectname) [50ms]
[2022-09-02T06:48:06.798Z] > git rev-parse --show-toplevel [58ms]
[2022-09-02T06:48:06.812Z] > git status -z -uall [78ms]
[2022-09-02T06:48:06.818Z] > git symbolic-ref --short HEAD [2ms]
[2022-09-02T06:48:06.824Z] > git config --get commit.template [12ms]
[2022-09-02T06:48:06.830Z] > git rev-parse --git-dir --git-common-dir [28ms]
[2022-09-02T06:48:06.832Z] [info] Open repository: /home/eragon/repos/doujinci
[2022-09-02T06:48:06.860Z] > git status -z -uall [30ms]
[2022-09-02T06:48:06.864Z] > git rev-parse --show-toplevel [22ms]
[2022-09-02T06:48:06.868Z] > git for-each-ref --format=%(refname)%00%(upstream:short)%00%(objectname)%00%(upstream:track)%00%(upstream:remotename)%00%(upstream:remoteref) refs/heads/main refs/remotes/main [45ms]
[2022-09-02T06:48:06.882Z] > git remote --verbose [8ms]
[2022-09-02T06:48:06.883Z] > git for-each-ref --sort -committerdate --format %(refname) %(objectname) %(*objectname) [12ms]
[2022-09-02T06:48:06.884Z] > git rev-parse --git-dir --git-common-dir [17ms]
[2022-09-02T06:48:06.885Z] [info] Open repository: /home/eragon/repos/containerDeploys
[2022-09-02T06:48:06.894Z] > git symbolic-ref --short HEAD [30ms]
[2022-09-02T06:48:06.925Z] > git status -z -uall [35ms]
[2022-09-02T06:48:06.930Z] > git for-each-ref --format=%(refname)%00%(upstream:short)%00%(objectname)%00%(upstream:track)%00%(upstream:remotename)%00%(upstream:remoteref) refs/heads/main refs/remotes/main [33ms]
[2022-09-02T06:48:06.940Z] > git rev-parse --show-toplevel [47ms]
[2022-09-02T06:48:06.951Z] > git rev-parse --git-dir --git-common-dir [7ms]
[2022-09-02T06:48:06.953Z] [info] Open repository: /home/eragon/repos/cheatsheet
[2022-09-02T06:48:06.961Z] > git remote --verbose [21ms]
[2022-09-02T06:48:06.961Z] > git for-each-ref --sort -committerdate --format %(refname) %(objectname) %(*objectname) [26ms]
[2022-09-02T06:48:06.962Z] > git symbolic-ref --short HEAD [32ms]
[2022-09-02T06:48:06.967Z] > git config --get commit.template [43ms]
[2022-09-02T06:48:06.994Z] > git status -z -uall [35ms]
[2022-09-02T06:48:06.998Z] > git status -z -uall [25ms]
[2022-09-02T06:48:07.003Z] > git for-each-ref --format=%(refname)%00%(upstream:short)%00%(objectname)%00%(upstream:track)%00%(upstream:remotename)%00%(upstream:remoteref) refs/heads/master refs/remotes/master [36ms]
[2022-09-02T06:48:07.025Z] > git remote --verbose [13ms]
[2022-09-02T06:48:07.025Z] > git for-each-ref --sort -committerdate --format %(refname) %(objectname) %(*objectname) [17ms]
[2022-09-02T06:48:07.026Z] > git symbolic-ref --short HEAD [24ms]
[2022-09-02T06:48:07.031Z] > git symbolic-ref --short HEAD [33ms]
[2022-09-02T06:48:07.035Z] > git config --get commit.template [42ms]
[2022-09-02T06:48:07.054Z] > git for-each-ref --format=%(refname)%00%(upstream:short)%00%(objectname)%00%(upstream:track)%00%(upstream:remotename)%00%(upstream:remoteref) refs/heads/main refs/remotes/main [19ms]
[2022-09-02T06:48:07.064Z] > git for-each-ref --format=%(refname)%00%(upstream:short)%00%(objectname)%00%(upstream:track)%00%(upstream:remotename)%00%(upstream:remoteref) refs/heads/main refs/remotes/main [33ms]
[2022-09-02T06:48:07.098Z] > git remote --verbose [26ms]
[2022-09-02T06:48:07.098Z] > git for-each-ref --sort -committerdate --format %(refname) %(objectname) %(*objectname) [30ms]
[2022-09-02T06:48:07.099Z] > git remote --verbose [35ms]
[2022-09-02T06:48:07.099Z] > git for-each-ref --sort -committerdate --format %(refname) %(objectname) %(*objectname) [40ms]
[2022-09-02T06:48:07.100Z] > git config --get commit.template [47ms]
[2022-09-02T06:48:07.126Z] > git config --get commit.template [16ms]
[2022-09-02T06:48:07.127Z] > git config --get commit.template [13ms]
[2022-09-02T06:48:07.431Z] > git show --textconv :linux/fedora.md [16ms]
[2022-09-02T06:48:07.433Z] > git ls-files --stage -- /home/eragon/repos/cheatsheet/linux/fedora.md [11ms]
[2022-09-02T06:48:07.519Z] > git check-ignore -v -z --stdin [1ms]
[2022-09-02T06:48:09.121Z] > git status -z -uall [2283ms]
[2022-09-02T06:48:09.127Z] > git symbolic-ref --short HEAD [1ms]
[2022-09-02T06:48:09.133Z] > git for-each-ref --format=%(refname)%00%(upstream:short)%00%(objectname)%00%(upstream:track)%00%(upstream:remotename)%00%(upstream:remoteref) refs/heads/download_changes refs/remotes/download_changes [2ms]
[2022-09-02T06:48:09.142Z] > git for-each-ref --sort -committerdate --format %(refname) %(objectname) %(*objectname) [5ms]
[2022-09-02T06:48:09.142Z] > git remote --verbose [0ms]
[2022-09-02T06:48:09.149Z] > git config --get commit.template [1ms]
