[2022-09-02T13:45:39.444Z] Log level: Info
[2022-09-02T13:45:39.445Z] [info] Validating found git in: git
[2022-09-02T13:45:39.459Z] [info] Using git  from git
[2022-09-02T13:45:39.470Z] > git rev-parse --show-toplevel [4ms]
[2022-09-02T13:45:39.538Z] > git rev-parse --git-dir --git-common-dir [63ms]
[2022-09-02T13:45:39.542Z] [info] Open repository: /home/eragon/repos/fluves/pyiotdataflow
[2022-09-02T13:45:39.588Z] > git status -z -uall [41ms]
[2022-09-02T13:45:39.609Z] > git symbolic-ref --short HEAD [18ms]
[2022-09-02T13:45:39.658Z] > git rev-parse --show-toplevel [107ms]
[2022-09-02T13:45:39.673Z] > git rev-parse --git-dir --git-common-dir [11ms]
[2022-09-02T13:45:39.675Z] [info] Open repository: /home/eragon/repos/fluves/iot-modeling
[2022-09-02T13:45:39.688Z] > git for-each-ref --format=%(refname)%00%(upstream:short)%00%(objectname)%00%(upstream:track)%00%(upstream:remotename)%00%(upstream:remoteref) refs/heads/hydromet refs/remotes/hydromet [73ms]
[2022-09-02T13:45:39.702Z] > git remote --verbose [4ms]
[2022-09-02T13:45:39.703Z] > git for-each-ref --sort -committerdate --format %(refname) %(objectname) %(*objectname) [9ms]
[2022-09-02T13:45:39.709Z] > git rev-parse --show-toplevel [23ms]
[2022-09-02T13:45:39.727Z] > git status -z -uall [45ms]
[2022-09-02T13:45:39.731Z] > git config --get commit.template [9ms]
[2022-09-02T13:45:39.735Z] > git rev-parse --git-dir --git-common-dir [20ms]
[2022-09-02T13:45:39.737Z] [info] Open repository: /home/eragon/repos/fluves/dali-intrusion-data-analysis
[2022-09-02T13:45:39.746Z] > git status -z -uall [11ms]
[2022-09-02T13:45:39.750Z] > git status -z -uall [10ms]
[2022-09-02T13:45:39.754Z] > git symbolic-ref --short HEAD [23ms]
[2022-09-02T13:45:39.774Z] > git symbolic-ref --short HEAD [20ms]
[2022-09-02T13:45:39.779Z] > git symbolic-ref --short HEAD [29ms]
[2022-09-02T13:45:39.783Z] > git rev-parse --show-toplevel [40ms]
[2022-09-02T13:45:39.789Z] > git rev-parse --git-dir --git-common-dir [2ms]
[2022-09-02T13:45:39.791Z] [info] Open repository: /home/eragon/repos/fluves/infrastructure
[2022-09-02T13:45:39.800Z] > git for-each-ref --format=%(refname)%00%(upstream:short)%00%(objectname)%00%(upstream:track)%00%(upstream:remotename)%00%(upstream:remoteref) refs/heads/hydromet refs/remotes/hydromet [17ms]
[2022-09-02T13:45:39.807Z] > git for-each-ref --format=%(refname)%00%(upstream:short)%00%(objectname)%00%(upstream:track)%00%(upstream:remotename)%00%(upstream:remoteref) refs/heads/JA_data_align refs/remotes/JA_data_align [28ms]
[2022-09-02T13:45:39.816Z] > git for-each-ref --format=%(refname)%00%(upstream:short)%00%(objectname)%00%(upstream:track)%00%(upstream:remotename)%00%(upstream:remoteref) refs/heads/3D_Modeling refs/remotes/3D_Modeling [59ms]
[2022-09-02T13:45:39.827Z] > git status -z -uall [31ms]
[2022-09-02T13:45:39.833Z] > git remote --verbose [18ms]
[2022-09-02T13:45:39.833Z] > git for-each-ref --sort -committerdate --format %(refname) %(objectname) %(*objectname) [22ms]
[2022-09-02T13:45:39.835Z] > git remote --verbose [28ms]
[2022-09-02T13:45:39.835Z] > git for-each-ref --sort -committerdate --format %(refname) %(objectname) %(*objectname) [32ms]
[2022-09-02T13:45:39.836Z] > git rev-parse --show-toplevel [36ms]
[2022-09-02T13:45:39.854Z] > git rev-parse --git-dir --git-common-dir [13ms]
[2022-09-02T13:45:39.855Z] [info] Open repository: /home/eragon/repos/fluves/cn-ws
[2022-09-02T13:45:39.862Z] > git symbolic-ref --short HEAD [30ms]
[2022-09-02T13:45:39.866Z] > git for-each-ref --sort -committerdate --format %(refname) %(objectname) %(*objectname) [46ms]
[2022-09-02T13:45:39.866Z] > git remote --verbose [44ms]
[2022-09-02T13:45:39.877Z] > git status -z -uall [19ms]
[2022-09-02T13:45:39.881Z] > git for-each-ref --format=%(refname)%00%(upstream:short)%00%(objectname)%00%(upstream:track)%00%(upstream:remotename)%00%(upstream:remoteref) refs/heads/master refs/remotes/master [16ms]
[2022-09-02T13:45:39.888Z] > git rev-parse --show-toplevel [26ms]
[2022-09-02T13:45:39.892Z] > git config --get commit.template [42ms]
[2022-09-02T13:45:39.892Z] > git config --get commit.template [46ms]
[2022-09-02T13:45:39.901Z] > git status -z -uall [6ms]
[2022-09-02T13:45:39.904Z] > git rev-parse --git-dir --git-common-dir [13ms]
[2022-09-02T13:45:39.906Z] [info] Open repository: /home/eragon/repos/cheatsheet
[2022-09-02T13:45:39.914Z] > git remote --verbose [27ms]
[2022-09-02T13:45:39.914Z] > git for-each-ref --sort -committerdate --format %(refname) %(objectname) %(*objectname) [29ms]
[2022-09-02T13:45:39.916Z] > git symbolic-ref --short HEAD [35ms]
[2022-09-02T13:45:39.920Z] > git config --get commit.template [44ms]
[2022-09-02T13:45:39.940Z] > git status -z -uall [30ms]
[2022-09-02T13:45:39.943Z] > git for-each-ref --format=%(refname)%00%(upstream:short)%00%(objectname)%00%(upstream:track)%00%(upstream:remotename)%00%(upstream:remoteref) refs/heads/github-migrations refs/remotes/github-migrations [24ms]
[2022-09-02T13:45:39.949Z] > git rev-parse --show-toplevel [35ms]
[2022-09-02T13:45:39.952Z] > git symbolic-ref --short HEAD [48ms]
[2022-09-02T13:45:39.957Z] > git status -z -uall [33ms]
[2022-09-02T13:45:39.961Z] > git for-each-ref --format=%(refname)%00%(upstream:short)%00%(objectname)%00%(upstream:track)%00%(upstream:remotename)%00%(upstream:remoteref) refs/heads/JA_data_align refs/remotes/JA_data_align [6ms]
[2022-09-02T13:45:39.967Z] > git rev-parse --git-dir --git-common-dir [15ms]
[2022-09-02T13:45:39.968Z] [info] Open repository: /home/eragon/repos/fluves/pydts
[2022-09-02T13:45:39.975Z] > git remote --verbose [26ms]
[2022-09-02T13:45:39.975Z] > git for-each-ref --sort -committerdate --format %(refname) %(objectname) %(*objectname) [29ms]
[2022-09-02T13:45:39.975Z] > git symbolic-ref --short HEAD [32ms]
[2022-09-02T13:45:39.978Z] > git config --get commit.template [43ms]
[2022-09-02T13:45:39.983Z] > git status -z -uall [11ms]
[2022-09-02T13:45:39.986Z] > git status -z -uall [5ms]
[2022-09-02T13:45:39.994Z] > git for-each-ref --format=%(refname)%00%(upstream:short)%00%(objectname)%00%(upstream:track)%00%(upstream:remotename)%00%(upstream:remoteref) refs/heads/main refs/remotes/main [16ms]
[2022-09-02T13:45:40.001Z] > git rev-parse --show-toplevel [26ms]
[2022-09-02T13:45:40.004Z] > git remote --verbose [38ms]
[2022-09-02T13:45:40.004Z] > git for-each-ref --sort -committerdate --format %(refname) %(objectname) %(*objectname) [40ms]
[2022-09-02T13:45:40.005Z] > git symbolic-ref --short HEAD [45ms]
[2022-09-02T13:45:40.021Z] > git rev-parse --git-dir --git-common-dir [18ms]
[2022-09-02T13:45:40.022Z] [info] Open repository: /home/eragon/repos/fluves/pycnws
[2022-09-02T13:45:40.026Z] > git remote --verbose [26ms]
[2022-09-02T13:45:40.026Z] > git for-each-ref --sort -committerdate --format %(refname) %(objectname) %(*objectname) [28ms]
[2022-09-02T13:45:40.027Z] > git symbolic-ref --short HEAD [37ms]
[2022-09-02T13:45:40.031Z] > git symbolic-ref --short HEAD [45ms]
[2022-09-02T13:45:40.040Z] > git status -z -uall [15ms]
[2022-09-02T13:45:40.044Z] > git for-each-ref --format=%(refname)%00%(upstream:short)%00%(objectname)%00%(upstream:track)%00%(upstream:remotename)%00%(upstream:remoteref) refs/heads/master refs/remotes/master [13ms]
[2022-09-02T13:45:40.051Z] > git config --get commit.template [35ms]
[2022-09-02T13:45:40.051Z] > git for-each-ref --format=%(refname)%00%(upstream:short)%00%(objectname)%00%(upstream:track)%00%(upstream:remotename)%00%(upstream:remoteref) refs/heads/3D_Modeling refs/remotes/3D_Modeling [43ms]
[2022-09-02T13:45:40.074Z] > git remote --verbose [17ms]
[2022-09-02T13:45:40.074Z] > git for-each-ref --sort -committerdate --format %(refname) %(objectname) %(*objectname) [20ms]
[2022-09-02T13:45:40.075Z] > git remote --verbose [25ms]
[2022-09-02T13:45:40.075Z] > git for-each-ref --sort -committerdate --format %(refname) %(objectname) %(*objectname) [28ms]
[2022-09-02T13:45:40.075Z] > git symbolic-ref --short HEAD [31ms]
[2022-09-02T13:45:40.078Z] > git config --get commit.template [40ms]
[2022-09-02T13:45:40.081Z] > git for-each-ref --format=%(refname)%00%(upstream:short)%00%(objectname)%00%(upstream:track)%00%(upstream:remotename)%00%(upstream:remoteref) refs/heads/master refs/remotes/master [48ms]
[2022-09-02T13:45:40.094Z] > git status -z -uall [13ms]
[2022-09-02T13:45:40.097Z] > git remote --verbose [11ms]
[2022-09-02T13:45:40.097Z] > git for-each-ref --sort -committerdate --format %(refname) %(objectname) %(*objectname) [13ms]
[2022-09-02T13:45:40.098Z] > git for-each-ref --format=%(refname)%00%(upstream:short)%00%(objectname)%00%(upstream:track)%00%(upstream:remotename)%00%(upstream:remoteref) refs/heads/io-testing refs/remotes/io-testing [20ms]
[2022-09-02T13:45:40.103Z] > git config --get commit.template [34ms]
[2022-09-02T13:45:40.126Z] > git status -z -uall [20ms]
[2022-09-02T13:45:40.130Z] > git remote --verbose [27ms]
[2022-09-02T13:45:40.130Z] > git for-each-ref --sort -committerdate --format %(refname) %(objectname) %(*objectname) [30ms]
[2022-09-02T13:45:40.130Z] > git symbolic-ref --short HEAD [34ms]
[2022-09-02T13:45:40.133Z] > git config --get commit.template [40ms]
[2022-09-02T13:45:40.133Z] > git config --get commit.template [43ms]
[2022-09-02T13:45:40.135Z] > git for-each-ref --format=%(refname)%00%(upstream:short)%00%(objectname)%00%(upstream:track)%00%(upstream:remotename)%00%(upstream:remoteref) refs/heads/main refs/remotes/main [3ms]
[2022-09-02T13:45:40.141Z] > git symbolic-ref --short HEAD [11ms]
[2022-09-02T13:45:40.144Z] > git config --get commit.template [19ms]
[2022-09-02T13:45:40.158Z] > git status -z -uall [10ms]
[2022-09-02T13:45:40.162Z] > git for-each-ref --format=%(refname)%00%(upstream:short)%00%(objectname)%00%(upstream:track)%00%(upstream:remotename)%00%(upstream:remoteref) refs/heads/github-migrations refs/remotes/github-migrations [18ms]
[2022-09-02T13:45:40.168Z] > git remote --verbose [27ms]
[2022-09-02T13:45:40.168Z] > git for-each-ref --sort -committerdate --format %(refname) %(objectname) %(*objectname) [30ms]
[2022-09-02T13:45:40.176Z] > git remote --verbose [8ms]
[2022-09-02T13:45:40.176Z] > git for-each-ref --sort -committerdate --format %(refname) %(objectname) %(*objectname) [11ms]
[2022-09-02T13:45:40.176Z] > git symbolic-ref --short HEAD [14ms]
[2022-09-02T13:45:40.186Z] > git for-each-ref --format=%(refname)%00%(upstream:short)%00%(objectname)%00%(upstream:track)%00%(upstream:remotename)%00%(upstream:remoteref) refs/heads/master refs/remotes/master [7ms]
[2022-09-02T13:45:40.192Z] > git config --get commit.template [17ms]
[2022-09-02T13:45:40.206Z] > git remote --verbose [14ms]
[2022-09-02T13:45:40.206Z] > git for-each-ref --sort -committerdate --format %(refname) %(objectname) %(*objectname) [17ms]
[2022-09-02T13:45:40.207Z] > git config --get commit.template [21ms]
[2022-09-02T13:45:40.220Z] > git status -z -uall [10ms]
[2022-09-02T13:45:40.229Z] > git config --get commit.template [11ms]
[2022-09-02T13:45:40.233Z] > git config --get commit.template [5ms]
[2022-09-02T13:45:40.233Z] > git symbolic-ref --short HEAD [10ms]
[2022-09-02T13:45:40.237Z] > git for-each-ref --format=%(refname)%00%(upstream:short)%00%(objectname)%00%(upstream:track)%00%(upstream:remotename)%00%(upstream:remoteref) refs/heads/io-testing refs/remotes/io-testing [1ms]
[2022-09-02T13:45:40.244Z] > git for-each-ref --sort -committerdate --format %(refname) %(objectname) %(*objectname) [3ms]
[2022-09-02T13:45:40.244Z] > git remote --verbose [1ms]
[2022-09-02T13:45:40.252Z] > git config --get commit.template [4ms]
[2022-09-02T13:45:40.616Z] > git check-ignore -v -z --stdin [37ms]
[2022-09-02T13:45:40.616Z] > git check-ignore -v -z --stdin [28ms]
[2022-09-02T13:45:40.617Z] > git check-ignore -v -z --stdin [21ms]
[2022-09-02T13:45:40.617Z] > git check-ignore -v -z --stdin [15ms]
[2022-09-02T13:45:40.617Z] > git check-ignore -v -z --stdin [11ms]
[2022-09-02T13:45:40.617Z] > git check-ignore -v -z --stdin [8ms]
[2022-09-02T13:45:40.617Z] > git check-ignore -v -z --stdin [5ms]
[2022-09-02T13:45:40.617Z] > git check-ignore -v -z --stdin [2ms]
[2022-09-02T13:45:53.108Z] > git rev-parse --show-toplevel [4ms]
[2022-09-02T13:45:53.108Z] fatal: not a git repository (or any parent up to mount point /)
Stopping at filesystem boundary (GIT_DISCOVERY_ACROSS_FILESYSTEM not set).
[2022-09-02T14:08:41.985Z] > git rev-parse --show-toplevel [1ms]
[2022-09-02T14:08:41.985Z] fatal: not a git repository (or any parent up to mount point /)
Stopping at filesystem boundary (GIT_DISCOVERY_ACROSS_FILESYSTEM not set).
[2022-09-02T14:29:53.608Z] > git rev-parse --show-toplevel [1ms]
[2022-09-02T14:29:53.608Z] fatal: not a git repository (or any parent up to mount point /)
Stopping at filesystem boundary (GIT_DISCOVERY_ACROSS_FILESYSTEM not set).
[2022-09-02T14:35:59.704Z] > git rev-parse --show-toplevel [4ms]
[2022-09-02T14:35:59.704Z] fatal: not a git repository (or any parent up to mount point /)
Stopping at filesystem boundary (GIT_DISCOVERY_ACROSS_FILESYSTEM not set).
[2022-09-02T15:11:32.110Z] > git rev-parse --show-toplevel [2ms]
[2022-09-02T15:11:32.110Z] fatal: not a git repository (or any parent up to mount point /)
Stopping at filesystem boundary (GIT_DISCOVERY_ACROSS_FILESYSTEM not set).
