[Debug 13:45:53.774] TableOfContentsProvider: create - file:///home/eragon/repos/fluves/extra%20files/Opinion.md
[Debug 13:45:53.775] LinkProvider: compute - file:///home/eragon/repos/fluves/extra%20files/Opinion.md
[Debug 14:08:43.900] TableOfContentsProvider: create - file:///home/eragon/repos/fluves/extra%20files/Opinion.md
[Debug 14:08:44.555] LinkProvider: compute - file:///home/eragon/repos/fluves/extra%20files/Opinion.md
[Debug 14:08:45.050] MdFoldingProvider: provideFoldingRanges - file:///home/eragon/repos/fluves/extra%20files/Opinion.md
[Debug 14:09:10.566] MdFoldingProvider: provideFoldingRanges - file:///home/eragon/repos/fluves/extra%20files/Opinion.md
[Debug 14:09:10.566] TableOfContentsProvider: create - file:///home/eragon/repos/fluves/extra%20files/Opinion.md
[Debug 14:09:10.780] MdFoldingProvider: provideFoldingRanges - file:///home/eragon/repos/fluves/extra%20files/Opinion.md
[Debug 14:09:10.781] TableOfContentsProvider: create - file:///home/eragon/repos/fluves/extra%20files/Opinion.md
[Debug 14:09:10.997] MdFoldingProvider: provideFoldingRanges - file:///home/eragon/repos/fluves/extra%20files/Opinion.md
[Debug 14:09:10.998] TableOfContentsProvider: create - file:///home/eragon/repos/fluves/extra%20files/Opinion.md
[Debug 14:09:11.350] MdFoldingProvider: provideFoldingRanges - file:///home/eragon/repos/fluves/extra%20files/Opinion.md
[Debug 14:09:11.350] TableOfContentsProvider: create - file:///home/eragon/repos/fluves/extra%20files/Opinion.md
[Debug 14:09:11.595] ReferencesProvider: getReferencesAtPosition: file:///home/eragon/repos/fluves/extra%20files/Opinion.md
[Debug 14:09:11.800] ReferencesProvider: getReferencesAtPosition: file:///home/eragon/repos/fluves/extra%20files/Opinion.md
[Debug 14:09:11.800] TableOfContentsProvider: create - file:///home/eragon/repos/fluves/extra%20files/Opinion.md
[Debug 14:09:11.802] ReferencesProvider: getReferencesAtPosition: file:///home/eragon/repos/fluves/extra%20files/Opinion.md
[Debug 14:09:11.989] MdFoldingProvider: provideFoldingRanges - file:///home/eragon/repos/fluves/extra%20files/Opinion.md
[Debug 14:09:12.922] MdFoldingProvider: provideFoldingRanges - file:///home/eragon/repos/fluves/extra%20files/Opinion.md
[Debug 14:09:12.922] TableOfContentsProvider: create - file:///home/eragon/repos/fluves/extra%20files/Opinion.md
[Debug 14:09:13.726] LinkProvider: compute - file:///home/eragon/repos/fluves/extra%20files/Opinion.md
[Debug 14:09:16.548] MdFoldingProvider: provideFoldingRanges - file:///home/eragon/repos/fluves/extra%20files/Opinion.md
[Debug 14:09:16.548] TableOfContentsProvider: create - file:///home/eragon/repos/fluves/extra%20files/Opinion.md
[Debug 14:09:17.351] LinkProvider: compute - file:///home/eragon/repos/fluves/extra%20files/Opinion.md
[Debug 14:09:17.898] MdFoldingProvider: provideFoldingRanges - file:///home/eragon/repos/fluves/extra%20files/Opinion.md
[Debug 14:09:17.898] TableOfContentsProvider: create - file:///home/eragon/repos/fluves/extra%20files/Opinion.md
[Debug 14:09:18.696] LinkProvider: compute - file:///home/eragon/repos/fluves/extra%20files/Opinion.md
[Debug 14:09:20.837] MdFoldingProvider: provideFoldingRanges - file:///home/eragon/repos/fluves/extra%20files/Opinion.md
[Debug 14:09:20.837] TableOfContentsProvider: create - file:///home/eragon/repos/fluves/extra%20files/Opinion.md
[Debug 14:09:21.638] LinkProvider: compute - file:///home/eragon/repos/fluves/extra%20files/Opinion.md
[Debug 14:09:29.657] MdFoldingProvider: provideFoldingRanges - file:///home/eragon/repos/fluves/extra%20files/Opinion.md
[Debug 14:09:29.657] TableOfContentsProvider: create - file:///home/eragon/repos/fluves/extra%20files/Opinion.md
[Debug 14:09:30.026] MdFoldingProvider: provideFoldingRanges - file:///home/eragon/repos/fluves/extra%20files/Opinion.md
[Debug 14:09:30.026] TableOfContentsProvider: create - file:///home/eragon/repos/fluves/extra%20files/Opinion.md
[Debug 14:09:30.829] LinkProvider: compute - file:///home/eragon/repos/fluves/extra%20files/Opinion.md
[Debug 14:09:31.463] MdFoldingProvider: provideFoldingRanges - file:///home/eragon/repos/fluves/extra%20files/Opinion.md
[Debug 14:09:31.463] TableOfContentsProvider: create - file:///home/eragon/repos/fluves/extra%20files/Opinion.md
[Debug 14:09:32.267] LinkProvider: compute - file:///home/eragon/repos/fluves/extra%20files/Opinion.md
[Debug 14:09:33.011] MdFoldingProvider: provideFoldingRanges - file:///home/eragon/repos/fluves/extra%20files/Opinion.md
[Debug 14:09:33.011] TableOfContentsProvider: create - file:///home/eragon/repos/fluves/extra%20files/Opinion.md
[Debug 14:09:33.635] MdFoldingProvider: provideFoldingRanges - file:///home/eragon/repos/fluves/extra%20files/Opinion.md
[Debug 14:09:33.635] TableOfContentsProvider: create - file:///home/eragon/repos/fluves/extra%20files/Opinion.md
[Debug 14:09:33.938] MdFoldingProvider: provideFoldingRanges - file:///home/eragon/repos/fluves/extra%20files/Opinion.md
[Debug 14:09:33.939] TableOfContentsProvider: create - file:///home/eragon/repos/fluves/extra%20files/Opinion.md
[Debug 14:09:34.725] MdFoldingProvider: provideFoldingRanges - file:///home/eragon/repos/fluves/extra%20files/Opinion.md
[Debug 14:09:34.726] TableOfContentsProvider: create - file:///home/eragon/repos/fluves/extra%20files/Opinion.md
[Debug 14:09:35.349] MdFoldingProvider: provideFoldingRanges - file:///home/eragon/repos/fluves/extra%20files/Opinion.md
[Debug 14:09:35.350] TableOfContentsProvider: create - file:///home/eragon/repos/fluves/extra%20files/Opinion.md
[Debug 14:09:36.278] MdFoldingProvider: provideFoldingRanges - file:///home/eragon/repos/fluves/extra%20files/Opinion.md
[Debug 14:09:36.278] TableOfContentsProvider: create - file:///home/eragon/repos/fluves/extra%20files/Opinion.md
[Debug 14:09:37.078] LinkProvider: compute - file:///home/eragon/repos/fluves/extra%20files/Opinion.md
[Debug 14:09:37.844] MdFoldingProvider: provideFoldingRanges - file:///home/eragon/repos/fluves/extra%20files/Opinion.md
[Debug 14:09:37.844] TableOfContentsProvider: create - file:///home/eragon/repos/fluves/extra%20files/Opinion.md
[Debug 14:09:38.265] MdFoldingProvider: provideFoldingRanges - file:///home/eragon/repos/fluves/extra%20files/Opinion.md
[Debug 14:09:38.265] TableOfContentsProvider: create - file:///home/eragon/repos/fluves/extra%20files/Opinion.md
[Debug 14:09:39.068] LinkProvider: compute - file:///home/eragon/repos/fluves/extra%20files/Opinion.md
[Debug 14:09:39.575] MdFoldingProvider: provideFoldingRanges - file:///home/eragon/repos/fluves/extra%20files/Opinion.md
[Debug 14:09:39.575] TableOfContentsProvider: create - file:///home/eragon/repos/fluves/extra%20files/Opinion.md
[Debug 14:09:39.830] MdFoldingProvider: provideFoldingRanges - file:///home/eragon/repos/fluves/extra%20files/Opinion.md
[Debug 14:09:39.830] TableOfContentsProvider: create - file:///home/eragon/repos/fluves/extra%20files/Opinion.md
[Debug 14:09:40.405] MdFoldingProvider: provideFoldingRanges - file:///home/eragon/repos/fluves/extra%20files/Opinion.md
[Debug 14:09:40.406] TableOfContentsProvider: create - file:///home/eragon/repos/fluves/extra%20files/Opinion.md
[Debug 14:09:41.206] LinkProvider: compute - file:///home/eragon/repos/fluves/extra%20files/Opinion.md
[Debug 14:09:43.219] MdFoldingProvider: provideFoldingRanges - file:///home/eragon/repos/fluves/extra%20files/Opinion.md
[Debug 14:09:43.219] TableOfContentsProvider: create - file:///home/eragon/repos/fluves/extra%20files/Opinion.md
[Debug 14:09:43.667] MdFoldingProvider: provideFoldingRanges - file:///home/eragon/repos/fluves/extra%20files/Opinion.md
[Debug 14:09:43.667] TableOfContentsProvider: create - file:///home/eragon/repos/fluves/extra%20files/Opinion.md
[Debug 14:09:44.757] MdFoldingProvider: provideFoldingRanges - file:///home/eragon/repos/fluves/extra%20files/Opinion.md
[Debug 14:09:44.757] TableOfContentsProvider: create - file:///home/eragon/repos/fluves/extra%20files/Opinion.md
[Debug 14:09:45.557] LinkProvider: compute - file:///home/eragon/repos/fluves/extra%20files/Opinion.md
[Debug 14:09:48.468] MdFoldingProvider: provideFoldingRanges - file:///home/eragon/repos/fluves/extra%20files/Opinion.md
[Debug 14:09:48.469] TableOfContentsProvider: create - file:///home/eragon/repos/fluves/extra%20files/Opinion.md
[Debug 14:09:49.269] LinkProvider: compute - file:///home/eragon/repos/fluves/extra%20files/Opinion.md
[Debug 14:09:49.463] ReferencesProvider: getReferencesAtPosition: file:///home/eragon/repos/fluves/extra%20files/Opinion.md
[Debug 14:09:49.464] ReferencesProvider: getReferencesAtPosition: file:///home/eragon/repos/fluves/extra%20files/Opinion.md
[Debug 14:09:49.478] ReferencesProvider: getReferencesAtPosition: file:///home/eragon/repos/fluves/extra%20files/Opinion.md
[Debug 14:09:49.485] ReferencesProvider: getReferencesAtPosition: file:///home/eragon/repos/fluves/extra%20files/Opinion.md
[Debug 14:09:49.493] ReferencesProvider: getReferencesAtPosition: file:///home/eragon/repos/fluves/extra%20files/Opinion.md
[Debug 14:09:50.137] ReferencesProvider: getReferencesAtPosition: file:///home/eragon/repos/fluves/extra%20files/Opinion.md
[Debug 14:09:50.150] ReferencesProvider: getReferencesAtPosition: file:///home/eragon/repos/fluves/extra%20files/Opinion.md
[Debug 14:09:50.176] ReferencesProvider: getReferencesAtPosition: file:///home/eragon/repos/fluves/extra%20files/Opinion.md
[Debug 14:09:50.190] ReferencesProvider: getReferencesAtPosition: file:///home/eragon/repos/fluves/extra%20files/Opinion.md
[Debug 14:09:50.223] ReferencesProvider: getReferencesAtPosition: file:///home/eragon/repos/fluves/extra%20files/Opinion.md
[Debug 14:10:37.915] MdFoldingProvider: provideFoldingRanges - file:///home/eragon/repos/fluves/extra%20files/Opinion.md
[Debug 14:10:37.915] TableOfContentsProvider: create - file:///home/eragon/repos/fluves/extra%20files/Opinion.md
[Debug 14:10:38.600] MdFoldingProvider: provideFoldingRanges - file:///home/eragon/repos/fluves/extra%20files/Opinion.md
[Debug 14:10:38.601] TableOfContentsProvider: create - file:///home/eragon/repos/fluves/extra%20files/Opinion.md
[Debug 14:10:38.936] MdFoldingProvider: provideFoldingRanges - file:///home/eragon/repos/fluves/extra%20files/Opinion.md
[Debug 14:10:38.936] TableOfContentsProvider: create - file:///home/eragon/repos/fluves/extra%20files/Opinion.md
[Debug 14:10:39.257] MdFoldingProvider: provideFoldingRanges - file:///home/eragon/repos/fluves/extra%20files/Opinion.md
[Debug 14:10:39.257] TableOfContentsProvider: create - file:///home/eragon/repos/fluves/extra%20files/Opinion.md
[Debug 14:10:40.060] LinkProvider: compute - file:///home/eragon/repos/fluves/extra%20files/Opinion.md
[Debug 14:11:38.845] MdFoldingProvider: provideFoldingRanges - file:///home/eragon/repos/fluves/extra%20files/Opinion.md
[Debug 14:11:38.845] TableOfContentsProvider: create - file:///home/eragon/repos/fluves/extra%20files/Opinion.md
[Debug 14:11:39.649] LinkProvider: compute - file:///home/eragon/repos/fluves/extra%20files/Opinion.md
[Debug 14:11:42.526] MdFoldingProvider: provideFoldingRanges - file:///home/eragon/repos/fluves/extra%20files/Opinion.md
[Debug 14:11:42.527] TableOfContentsProvider: create - file:///home/eragon/repos/fluves/extra%20files/Opinion.md
[Debug 14:11:42.853] MdFoldingProvider: provideFoldingRanges - file:///home/eragon/repos/fluves/extra%20files/Opinion.md
[Debug 14:11:42.853] TableOfContentsProvider: create - file:///home/eragon/repos/fluves/extra%20files/Opinion.md
[Debug 14:11:43.654] LinkProvider: compute - file:///home/eragon/repos/fluves/extra%20files/Opinion.md
[Debug 14:11:44.267] MdFoldingProvider: provideFoldingRanges - file:///home/eragon/repos/fluves/extra%20files/Opinion.md
[Debug 14:11:44.267] TableOfContentsProvider: create - file:///home/eragon/repos/fluves/extra%20files/Opinion.md
[Debug 14:11:44.856] ReferencesProvider: getReferencesAtPosition: file:///home/eragon/repos/fluves/extra%20files/Opinion.md
[Debug 14:11:44.870] ReferencesProvider: getReferencesAtPosition: file:///home/eragon/repos/fluves/extra%20files/Opinion.md
[Debug 14:11:44.878] ReferencesProvider: getReferencesAtPosition: file:///home/eragon/repos/fluves/extra%20files/Opinion.md
[Debug 14:11:45.069] LinkProvider: compute - file:///home/eragon/repos/fluves/extra%20files/Opinion.md
[Debug 14:11:46.766] MdFoldingProvider: provideFoldingRanges - file:///home/eragon/repos/fluves/extra%20files/Opinion.md
[Debug 14:11:46.766] TableOfContentsProvider: create - file:///home/eragon/repos/fluves/extra%20files/Opinion.md
[Debug 14:11:47.570] LinkProvider: compute - file:///home/eragon/repos/fluves/extra%20files/Opinion.md
[Debug 14:11:48.134] MdFoldingProvider: provideFoldingRanges - file:///home/eragon/repos/fluves/extra%20files/Opinion.md
[Debug 14:11:48.134] TableOfContentsProvider: create - file:///home/eragon/repos/fluves/extra%20files/Opinion.md
[Debug 14:11:48.630] MdFoldingProvider: provideFoldingRanges - file:///home/eragon/repos/fluves/extra%20files/Opinion.md
[Debug 14:11:48.630] TableOfContentsProvider: create - file:///home/eragon/repos/fluves/extra%20files/Opinion.md
[Debug 14:11:48.868] MdFoldingProvider: provideFoldingRanges - file:///home/eragon/repos/fluves/extra%20files/Opinion.md
[Debug 14:11:48.868] TableOfContentsProvider: create - file:///home/eragon/repos/fluves/extra%20files/Opinion.md
[Debug 14:11:49.190] MdFoldingProvider: provideFoldingRanges - file:///home/eragon/repos/fluves/extra%20files/Opinion.md
[Debug 14:11:49.190] TableOfContentsProvider: create - file:///home/eragon/repos/fluves/extra%20files/Opinion.md
[Debug 14:11:50.006] MdFoldingProvider: provideFoldingRanges - file:///home/eragon/repos/fluves/extra%20files/Opinion.md
[Debug 14:11:50.006] TableOfContentsProvider: create - file:///home/eragon/repos/fluves/extra%20files/Opinion.md
[Debug 14:11:50.810] LinkProvider: compute - file:///home/eragon/repos/fluves/extra%20files/Opinion.md
[Debug 14:11:52.534] MdFoldingProvider: provideFoldingRanges - file:///home/eragon/repos/fluves/extra%20files/Opinion.md
[Debug 14:11:52.534] TableOfContentsProvider: create - file:///home/eragon/repos/fluves/extra%20files/Opinion.md
[Debug 14:11:52.903] MdFoldingProvider: provideFoldingRanges - file:///home/eragon/repos/fluves/extra%20files/Opinion.md
[Debug 14:11:52.903] TableOfContentsProvider: create - file:///home/eragon/repos/fluves/extra%20files/Opinion.md
[Debug 14:11:53.766] MdFoldingProvider: provideFoldingRanges - file:///home/eragon/repos/fluves/extra%20files/Opinion.md
[Debug 14:11:53.766] TableOfContentsProvider: create - file:///home/eragon/repos/fluves/extra%20files/Opinion.md
[Debug 14:11:54.294] MdFoldingProvider: provideFoldingRanges - file:///home/eragon/repos/fluves/extra%20files/Opinion.md
[Debug 14:11:54.294] TableOfContentsProvider: create - file:///home/eragon/repos/fluves/extra%20files/Opinion.md
[Debug 14:11:54.806] MdFoldingProvider: provideFoldingRanges - file:///home/eragon/repos/fluves/extra%20files/Opinion.md
[Debug 14:11:54.806] TableOfContentsProvider: create - file:///home/eragon/repos/fluves/extra%20files/Opinion.md
[Debug 14:11:55.479] MdFoldingProvider: provideFoldingRanges - file:///home/eragon/repos/fluves/extra%20files/Opinion.md
[Debug 14:11:55.479] TableOfContentsProvider: create - file:///home/eragon/repos/fluves/extra%20files/Opinion.md
[Debug 14:11:56.283] LinkProvider: compute - file:///home/eragon/repos/fluves/extra%20files/Opinion.md
[Debug 14:11:57.720] MdFoldingProvider: provideFoldingRanges - file:///home/eragon/repos/fluves/extra%20files/Opinion.md
[Debug 14:11:57.720] TableOfContentsProvider: create - file:///home/eragon/repos/fluves/extra%20files/Opinion.md
[Debug 14:11:58.200] MdFoldingProvider: provideFoldingRanges - file:///home/eragon/repos/fluves/extra%20files/Opinion.md
[Debug 14:11:58.200] TableOfContentsProvider: create - file:///home/eragon/repos/fluves/extra%20files/Opinion.md
[Debug 14:11:59.000] LinkProvider: compute - file:///home/eragon/repos/fluves/extra%20files/Opinion.md
[Debug 14:11:59.654] MdFoldingProvider: provideFoldingRanges - file:///home/eragon/repos/fluves/extra%20files/Opinion.md
[Debug 14:11:59.655] TableOfContentsProvider: create - file:///home/eragon/repos/fluves/extra%20files/Opinion.md
[Debug 14:12:00.459] LinkProvider: compute - file:///home/eragon/repos/fluves/extra%20files/Opinion.md
[Debug 14:12:02.070] MdFoldingProvider: provideFoldingRanges - file:///home/eragon/repos/fluves/extra%20files/Opinion.md
[Debug 14:12:02.070] TableOfContentsProvider: create - file:///home/eragon/repos/fluves/extra%20files/Opinion.md
[Debug 14:12:02.886] MdFoldingProvider: provideFoldingRanges - file:///home/eragon/repos/fluves/extra%20files/Opinion.md
[Debug 14:12:02.887] TableOfContentsProvider: create - file:///home/eragon/repos/fluves/extra%20files/Opinion.md
[Debug 14:12:03.671] MdFoldingProvider: provideFoldingRanges - file:///home/eragon/repos/fluves/extra%20files/Opinion.md
[Debug 14:12:03.671] TableOfContentsProvider: create - file:///home/eragon/repos/fluves/extra%20files/Opinion.md
[Debug 14:12:04.039] MdFoldingProvider: provideFoldingRanges - file:///home/eragon/repos/fluves/extra%20files/Opinion.md
[Debug 14:12:04.039] TableOfContentsProvider: create - file:///home/eragon/repos/fluves/extra%20files/Opinion.md
[Debug 14:12:04.356] MdFoldingProvider: provideFoldingRanges - file:///home/eragon/repos/fluves/extra%20files/Opinion.md
[Debug 14:12:04.357] TableOfContentsProvider: create - file:///home/eragon/repos/fluves/extra%20files/Opinion.md
[Debug 14:12:05.162] LinkProvider: compute - file:///home/eragon/repos/fluves/extra%20files/Opinion.md
[Debug 14:15:14.649] MdFoldingProvider: provideFoldingRanges - file:///home/eragon/repos/fluves/extra%20files/Opinion.md
[Debug 14:15:14.649] TableOfContentsProvider: create - file:///home/eragon/repos/fluves/extra%20files/Opinion.md
[Debug 14:15:15.453] LinkProvider: compute - file:///home/eragon/repos/fluves/extra%20files/Opinion.md
[Debug 14:15:15.976] MdFoldingProvider: provideFoldingRanges - file:///home/eragon/repos/fluves/extra%20files/Opinion.md
[Debug 14:15:15.976] TableOfContentsProvider: create - file:///home/eragon/repos/fluves/extra%20files/Opinion.md
[Debug 14:15:16.781] LinkProvider: compute - file:///home/eragon/repos/fluves/extra%20files/Opinion.md
[Debug 14:15:17.210] MdFoldingProvider: provideFoldingRanges - file:///home/eragon/repos/fluves/extra%20files/Opinion.md
[Debug 14:15:17.210] TableOfContentsProvider: create - file:///home/eragon/repos/fluves/extra%20files/Opinion.md
[Debug 14:15:18.008] MdFoldingProvider: provideFoldingRanges - file:///home/eragon/repos/fluves/extra%20files/Opinion.md
[Debug 14:15:18.008] TableOfContentsProvider: create - file:///home/eragon/repos/fluves/extra%20files/Opinion.md
[Debug 14:15:18.584] MdFoldingProvider: provideFoldingRanges - file:///home/eragon/repos/fluves/extra%20files/Opinion.md
[Debug 14:15:18.584] TableOfContentsProvider: create - file:///home/eragon/repos/fluves/extra%20files/Opinion.md
[Debug 14:15:18.872] MdFoldingProvider: provideFoldingRanges - file:///home/eragon/repos/fluves/extra%20files/Opinion.md
[Debug 14:15:18.872] TableOfContentsProvider: create - file:///home/eragon/repos/fluves/extra%20files/Opinion.md
[Debug 14:15:19.128] MdFoldingProvider: provideFoldingRanges - file:///home/eragon/repos/fluves/extra%20files/Opinion.md
[Debug 14:15:19.128] TableOfContentsProvider: create - file:///home/eragon/repos/fluves/extra%20files/Opinion.md
[Debug 14:15:19.752] MdFoldingProvider: provideFoldingRanges - file:///home/eragon/repos/fluves/extra%20files/Opinion.md
[Debug 14:15:19.752] TableOfContentsProvider: create - file:///home/eragon/repos/fluves/extra%20files/Opinion.md
[Debug 14:15:20.456] MdFoldingProvider: provideFoldingRanges - file:///home/eragon/repos/fluves/extra%20files/Opinion.md
[Debug 14:15:20.456] TableOfContentsProvider: create - file:///home/eragon/repos/fluves/extra%20files/Opinion.md
[Debug 14:15:21.256] MdFoldingProvider: provideFoldingRanges - file:///home/eragon/repos/fluves/extra%20files/Opinion.md
[Debug 14:15:21.256] TableOfContentsProvider: create - file:///home/eragon/repos/fluves/extra%20files/Opinion.md
[Debug 14:15:21.783] MdFoldingProvider: provideFoldingRanges - file:///home/eragon/repos/fluves/extra%20files/Opinion.md
[Debug 14:15:21.783] TableOfContentsProvider: create - file:///home/eragon/repos/fluves/extra%20files/Opinion.md
[Debug 14:15:22.616] MdFoldingProvider: provideFoldingRanges - file:///home/eragon/repos/fluves/extra%20files/Opinion.md
[Debug 14:15:22.616] TableOfContentsProvider: create - file:///home/eragon/repos/fluves/extra%20files/Opinion.md
[Debug 14:15:22.936] MdFoldingProvider: provideFoldingRanges - file:///home/eragon/repos/fluves/extra%20files/Opinion.md
[Debug 14:15:22.936] TableOfContentsProvider: create - file:///home/eragon/repos/fluves/extra%20files/Opinion.md
[Debug 14:15:23.241] MdFoldingProvider: provideFoldingRanges - file:///home/eragon/repos/fluves/extra%20files/Opinion.md
[Debug 14:15:23.241] TableOfContentsProvider: create - file:///home/eragon/repos/fluves/extra%20files/Opinion.md
[Debug 14:15:23.817] MdFoldingProvider: provideFoldingRanges - file:///home/eragon/repos/fluves/extra%20files/Opinion.md
[Debug 14:15:23.817] TableOfContentsProvider: create - file:///home/eragon/repos/fluves/extra%20files/Opinion.md
[Debug 14:15:24.728] MdFoldingProvider: provideFoldingRanges - file:///home/eragon/repos/fluves/extra%20files/Opinion.md
[Debug 14:15:24.728] TableOfContentsProvider: create - file:///home/eragon/repos/fluves/extra%20files/Opinion.md
[Debug 14:15:24.998] MdFoldingProvider: provideFoldingRanges - file:///home/eragon/repos/fluves/extra%20files/Opinion.md
[Debug 14:15:24.998] TableOfContentsProvider: create - file:///home/eragon/repos/fluves/extra%20files/Opinion.md
[Debug 14:15:25.543] MdFoldingProvider: provideFoldingRanges - file:///home/eragon/repos/fluves/extra%20files/Opinion.md
[Debug 14:15:25.543] TableOfContentsProvider: create - file:///home/eragon/repos/fluves/extra%20files/Opinion.md
[Debug 14:15:26.354] LinkProvider: compute - file:///home/eragon/repos/fluves/extra%20files/Opinion.md
[Debug 14:15:26.645] MdFoldingProvider: provideFoldingRanges - file:///home/eragon/repos/fluves/extra%20files/Opinion.md
[Debug 14:15:26.645] TableOfContentsProvider: create - file:///home/eragon/repos/fluves/extra%20files/Opinion.md
[Debug 14:15:27.048] MdFoldingProvider: provideFoldingRanges - file:///home/eragon/repos/fluves/extra%20files/Opinion.md
[Debug 14:15:27.048] TableOfContentsProvider: create - file:///home/eragon/repos/fluves/extra%20files/Opinion.md
[Debug 14:15:27.368] MdFoldingProvider: provideFoldingRanges - file:///home/eragon/repos/fluves/extra%20files/Opinion.md
[Debug 14:15:27.368] TableOfContentsProvider: create - file:///home/eragon/repos/fluves/extra%20files/Opinion.md
[Debug 14:15:27.784] MdFoldingProvider: provideFoldingRanges - file:///home/eragon/repos/fluves/extra%20files/Opinion.md
[Debug 14:15:27.784] TableOfContentsProvider: create - file:///home/eragon/repos/fluves/extra%20files/Opinion.md
[Debug 14:15:28.376] MdFoldingProvider: provideFoldingRanges - file:///home/eragon/repos/fluves/extra%20files/Opinion.md
[Debug 14:15:28.376] TableOfContentsProvider: create - file:///home/eragon/repos/fluves/extra%20files/Opinion.md
[Debug 14:15:29.065] MdFoldingProvider: provideFoldingRanges - file:///home/eragon/repos/fluves/extra%20files/Opinion.md
[Debug 14:15:29.065] TableOfContentsProvider: create - file:///home/eragon/repos/fluves/extra%20files/Opinion.md
[Debug 14:15:29.880] MdFoldingProvider: provideFoldingRanges - file:///home/eragon/repos/fluves/extra%20files/Opinion.md
[Debug 14:15:29.880] TableOfContentsProvider: create - file:///home/eragon/repos/fluves/extra%20files/Opinion.md
[Debug 14:15:30.264] MdFoldingProvider: provideFoldingRanges - file:///home/eragon/repos/fluves/extra%20files/Opinion.md
[Debug 14:15:30.264] TableOfContentsProvider: create - file:///home/eragon/repos/fluves/extra%20files/Opinion.md
[Debug 14:15:30.696] MdFoldingProvider: provideFoldingRanges - file:///home/eragon/repos/fluves/extra%20files/Opinion.md
[Debug 14:15:30.696] TableOfContentsProvider: create - file:///home/eragon/repos/fluves/extra%20files/Opinion.md
[Debug 14:15:31.191] MdFoldingProvider: provideFoldingRanges - file:///home/eragon/repos/fluves/extra%20files/Opinion.md
[Debug 14:15:31.192] TableOfContentsProvider: create - file:///home/eragon/repos/fluves/extra%20files/Opinion.md
[Debug 14:15:31.656] MdFoldingProvider: provideFoldingRanges - file:///home/eragon/repos/fluves/extra%20files/Opinion.md
[Debug 14:15:31.656] TableOfContentsProvider: create - file:///home/eragon/repos/fluves/extra%20files/Opinion.md
[Debug 14:15:31.896] MdFoldingProvider: provideFoldingRanges - file:///home/eragon/repos/fluves/extra%20files/Opinion.md
[Debug 14:15:31.896] TableOfContentsProvider: create - file:///home/eragon/repos/fluves/extra%20files/Opinion.md
[Debug 14:15:32.696] LinkProvider: compute - file:///home/eragon/repos/fluves/extra%20files/Opinion.md
[Debug 14:15:57.516] MdFoldingProvider: provideFoldingRanges - file:///home/eragon/repos/fluves/extra%20files/Opinion.md
[Debug 14:15:57.516] TableOfContentsProvider: create - file:///home/eragon/repos/fluves/extra%20files/Opinion.md
[Debug 14:15:58.284] MdFoldingProvider: provideFoldingRanges - file:///home/eragon/repos/fluves/extra%20files/Opinion.md
[Debug 14:15:58.284] TableOfContentsProvider: create - file:///home/eragon/repos/fluves/extra%20files/Opinion.md
[Debug 14:15:58.745] MdFoldingProvider: provideFoldingRanges - file:///home/eragon/repos/fluves/extra%20files/Opinion.md
[Debug 14:15:58.745] TableOfContentsProvider: create - file:///home/eragon/repos/fluves/extra%20files/Opinion.md
[Debug 14:15:58.984] MdFoldingProvider: provideFoldingRanges - file:///home/eragon/repos/fluves/extra%20files/Opinion.md
[Debug 14:15:58.985] TableOfContentsProvider: create - file:///home/eragon/repos/fluves/extra%20files/Opinion.md
[Debug 14:15:59.464] MdFoldingProvider: provideFoldingRanges - file:///home/eragon/repos/fluves/extra%20files/Opinion.md
[Debug 14:15:59.464] TableOfContentsProvider: create - file:///home/eragon/repos/fluves/extra%20files/Opinion.md
[Debug 14:16:00.168] MdFoldingProvider: provideFoldingRanges - file:///home/eragon/repos/fluves/extra%20files/Opinion.md
[Debug 14:16:00.169] TableOfContentsProvider: create - file:///home/eragon/repos/fluves/extra%20files/Opinion.md
[Debug 14:16:00.424] MdFoldingProvider: provideFoldingRanges - file:///home/eragon/repos/fluves/extra%20files/Opinion.md
[Debug 14:16:00.424] TableOfContentsProvider: create - file:///home/eragon/repos/fluves/extra%20files/Opinion.md
[Debug 14:16:01.080] MdFoldingProvider: provideFoldingRanges - file:///home/eragon/repos/fluves/extra%20files/Opinion.md
[Debug 14:16:01.080] TableOfContentsProvider: create - file:///home/eragon/repos/fluves/extra%20files/Opinion.md
[Debug 14:16:01.884] LinkProvider: compute - file:///home/eragon/repos/fluves/extra%20files/Opinion.md
[Debug 14:16:02.248] MdFoldingProvider: provideFoldingRanges - file:///home/eragon/repos/fluves/extra%20files/Opinion.md
[Debug 14:16:02.248] TableOfContentsProvider: create - file:///home/eragon/repos/fluves/extra%20files/Opinion.md
[Debug 14:16:03.054] LinkProvider: compute - file:///home/eragon/repos/fluves/extra%20files/Opinion.md
[Debug 14:16:03.577] MdFoldingProvider: provideFoldingRanges - file:///home/eragon/repos/fluves/extra%20files/Opinion.md
[Debug 14:16:03.577] TableOfContentsProvider: create - file:///home/eragon/repos/fluves/extra%20files/Opinion.md
[Debug 14:16:03.785] MdFoldingProvider: provideFoldingRanges - file:///home/eragon/repos/fluves/extra%20files/Opinion.md
[Debug 14:16:03.785] TableOfContentsProvider: create - file:///home/eragon/repos/fluves/extra%20files/Opinion.md
[Debug 14:16:04.665] MdFoldingProvider: provideFoldingRanges - file:///home/eragon/repos/fluves/extra%20files/Opinion.md
[Debug 14:16:04.665] TableOfContentsProvider: create - file:///home/eragon/repos/fluves/extra%20files/Opinion.md
[Debug 14:16:05.096] MdFoldingProvider: provideFoldingRanges - file:///home/eragon/repos/fluves/extra%20files/Opinion.md
[Debug 14:16:05.097] TableOfContentsProvider: create - file:///home/eragon/repos/fluves/extra%20files/Opinion.md
[Debug 14:16:06.712] MdFoldingProvider: provideFoldingRanges - file:///home/eragon/repos/fluves/extra%20files/Opinion.md
[Debug 14:16:06.713] TableOfContentsProvider: create - file:///home/eragon/repos/fluves/extra%20files/Opinion.md
[Debug 14:16:07.528] MdFoldingProvider: provideFoldingRanges - file:///home/eragon/repos/fluves/extra%20files/Opinion.md
[Debug 14:16:07.528] TableOfContentsProvider: create - file:///home/eragon/repos/fluves/extra%20files/Opinion.md
[Debug 14:16:08.264] MdFoldingProvider: provideFoldingRanges - file:///home/eragon/repos/fluves/extra%20files/Opinion.md
[Debug 14:16:08.264] TableOfContentsProvider: create - file:///home/eragon/repos/fluves/extra%20files/Opinion.md
[Debug 14:16:09.095] MdFoldingProvider: provideFoldingRanges - file:///home/eragon/repos/fluves/extra%20files/Opinion.md
[Debug 14:16:09.096] TableOfContentsProvider: create - file:///home/eragon/repos/fluves/extra%20files/Opinion.md
[Debug 14:16:09.352] MdFoldingProvider: provideFoldingRanges - file:///home/eragon/repos/fluves/extra%20files/Opinion.md
[Debug 14:16:09.352] TableOfContentsProvider: create - file:///home/eragon/repos/fluves/extra%20files/Opinion.md
[Debug 14:16:09.608] MdFoldingProvider: provideFoldingRanges - file:///home/eragon/repos/fluves/extra%20files/Opinion.md
[Debug 14:16:09.608] TableOfContentsProvider: create - file:///home/eragon/repos/fluves/extra%20files/Opinion.md
[Debug 14:16:09.927] MdFoldingProvider: provideFoldingRanges - file:///home/eragon/repos/fluves/extra%20files/Opinion.md
[Debug 14:16:09.928] TableOfContentsProvider: create - file:///home/eragon/repos/fluves/extra%20files/Opinion.md
[Debug 14:16:10.733] LinkProvider: compute - file:///home/eragon/repos/fluves/extra%20files/Opinion.md
[Debug 14:16:11.434] MdFoldingProvider: provideFoldingRanges - file:///home/eragon/repos/fluves/extra%20files/Opinion.md
[Debug 14:16:11.434] TableOfContentsProvider: create - file:///home/eragon/repos/fluves/extra%20files/Opinion.md
[Debug 14:16:12.239] LinkProvider: compute - file:///home/eragon/repos/fluves/extra%20files/Opinion.md
[Debug 14:16:13.993] MdFoldingProvider: provideFoldingRanges - file:///home/eragon/repos/fluves/extra%20files/Opinion.md
[Debug 14:16:13.993] TableOfContentsProvider: create - file:///home/eragon/repos/fluves/extra%20files/Opinion.md
[Debug 14:16:14.600] MdFoldingProvider: provideFoldingRanges - file:///home/eragon/repos/fluves/extra%20files/Opinion.md
[Debug 14:16:14.600] TableOfContentsProvider: create - file:///home/eragon/repos/fluves/extra%20files/Opinion.md
[Debug 14:16:14.904] MdFoldingProvider: provideFoldingRanges - file:///home/eragon/repos/fluves/extra%20files/Opinion.md
[Debug 14:16:14.905] TableOfContentsProvider: create - file:///home/eragon/repos/fluves/extra%20files/Opinion.md
[Debug 14:16:15.709] LinkProvider: compute - file:///home/eragon/repos/fluves/extra%20files/Opinion.md
[Debug 14:16:16.920] MdFoldingProvider: provideFoldingRanges - file:///home/eragon/repos/fluves/extra%20files/Opinion.md
[Debug 14:16:16.920] TableOfContentsProvider: create - file:///home/eragon/repos/fluves/extra%20files/Opinion.md
[Debug 14:16:18.056] MdFoldingProvider: provideFoldingRanges - file:///home/eragon/repos/fluves/extra%20files/Opinion.md
[Debug 14:16:18.057] TableOfContentsProvider: create - file:///home/eragon/repos/fluves/extra%20files/Opinion.md
[Debug 14:16:19.192] MdFoldingProvider: provideFoldingRanges - file:///home/eragon/repos/fluves/extra%20files/Opinion.md
[Debug 14:16:19.192] TableOfContentsProvider: create - file:///home/eragon/repos/fluves/extra%20files/Opinion.md
[Debug 14:16:19.598] MdFoldingProvider: provideFoldingRanges - file:///home/eragon/repos/fluves/extra%20files/Opinion.md
[Debug 14:16:19.598] TableOfContentsProvider: create - file:///home/eragon/repos/fluves/extra%20files/Opinion.md
[Debug 14:16:20.376] MdFoldingProvider: provideFoldingRanges - file:///home/eragon/repos/fluves/extra%20files/Opinion.md
[Debug 14:16:20.376] TableOfContentsProvider: create - file:///home/eragon/repos/fluves/extra%20files/Opinion.md
[Debug 14:16:20.647] MdFoldingProvider: provideFoldingRanges - file:///home/eragon/repos/fluves/extra%20files/Opinion.md
[Debug 14:16:20.647] TableOfContentsProvider: create - file:///home/eragon/repos/fluves/extra%20files/Opinion.md
[Debug 14:16:21.608] MdFoldingProvider: provideFoldingRanges - file:///home/eragon/repos/fluves/extra%20files/Opinion.md
[Debug 14:16:21.608] TableOfContentsProvider: create - file:///home/eragon/repos/fluves/extra%20files/Opinion.md
[Debug 14:16:22.312] MdFoldingProvider: provideFoldingRanges - file:///home/eragon/repos/fluves/extra%20files/Opinion.md
[Debug 14:16:22.313] TableOfContentsProvider: create - file:///home/eragon/repos/fluves/extra%20files/Opinion.md
[Debug 14:16:23.117] LinkProvider: compute - file:///home/eragon/repos/fluves/extra%20files/Opinion.md
[Debug 14:16:23.544] MdFoldingProvider: provideFoldingRanges - file:///home/eragon/repos/fluves/extra%20files/Opinion.md
[Debug 14:16:23.544] TableOfContentsProvider: create - file:///home/eragon/repos/fluves/extra%20files/Opinion.md
[Debug 14:16:24.104] MdFoldingProvider: provideFoldingRanges - file:///home/eragon/repos/fluves/extra%20files/Opinion.md
[Debug 14:16:24.104] TableOfContentsProvider: create - file:///home/eragon/repos/fluves/extra%20files/Opinion.md
[Debug 14:16:24.909] LinkProvider: compute - file:///home/eragon/repos/fluves/extra%20files/Opinion.md
[Debug 14:16:26.232] MdFoldingProvider: provideFoldingRanges - file:///home/eragon/repos/fluves/extra%20files/Opinion.md
[Debug 14:16:26.232] TableOfContentsProvider: create - file:///home/eragon/repos/fluves/extra%20files/Opinion.md
[Debug 14:16:26.440] MdFoldingProvider: provideFoldingRanges - file:///home/eragon/repos/fluves/extra%20files/Opinion.md
[Debug 14:16:26.440] TableOfContentsProvider: create - file:///home/eragon/repos/fluves/extra%20files/Opinion.md
[Debug 14:16:27.244] LinkProvider: compute - file:///home/eragon/repos/fluves/extra%20files/Opinion.md
[Debug 14:16:27.896] MdFoldingProvider: provideFoldingRanges - file:///home/eragon/repos/fluves/extra%20files/Opinion.md
[Debug 14:16:27.896] TableOfContentsProvider: create - file:///home/eragon/repos/fluves/extra%20files/Opinion.md
[Debug 14:16:28.280] MdFoldingProvider: provideFoldingRanges - file:///home/eragon/repos/fluves/extra%20files/Opinion.md
[Debug 14:16:28.280] TableOfContentsProvider: create - file:///home/eragon/repos/fluves/extra%20files/Opinion.md
[Debug 14:16:28.968] MdFoldingProvider: provideFoldingRanges - file:///home/eragon/repos/fluves/extra%20files/Opinion.md
[Debug 14:16:28.968] TableOfContentsProvider: create - file:///home/eragon/repos/fluves/extra%20files/Opinion.md
[Debug 14:16:29.774] LinkProvider: compute - file:///home/eragon/repos/fluves/extra%20files/Opinion.md
[Debug 14:16:31.224] MdFoldingProvider: provideFoldingRanges - file:///home/eragon/repos/fluves/extra%20files/Opinion.md
[Debug 14:16:31.224] TableOfContentsProvider: create - file:///home/eragon/repos/fluves/extra%20files/Opinion.md
[Debug 14:16:31.816] MdFoldingProvider: provideFoldingRanges - file:///home/eragon/repos/fluves/extra%20files/Opinion.md
[Debug 14:16:31.817] TableOfContentsProvider: create - file:///home/eragon/repos/fluves/extra%20files/Opinion.md
[Debug 14:16:32.408] MdFoldingProvider: provideFoldingRanges - file:///home/eragon/repos/fluves/extra%20files/Opinion.md
[Debug 14:16:32.409] TableOfContentsProvider: create - file:///home/eragon/repos/fluves/extra%20files/Opinion.md
[Debug 14:16:32.937] MdFoldingProvider: provideFoldingRanges - file:///home/eragon/repos/fluves/extra%20files/Opinion.md
[Debug 14:16:32.937] TableOfContentsProvider: create - file:///home/eragon/repos/fluves/extra%20files/Opinion.md
[Debug 14:16:34.008] MdFoldingProvider: provideFoldingRanges - file:///home/eragon/repos/fluves/extra%20files/Opinion.md
[Debug 14:16:34.009] TableOfContentsProvider: create - file:///home/eragon/repos/fluves/extra%20files/Opinion.md
[Debug 14:16:35.113] MdFoldingProvider: provideFoldingRanges - file:///home/eragon/repos/fluves/extra%20files/Opinion.md
[Debug 14:16:35.113] TableOfContentsProvider: create - file:///home/eragon/repos/fluves/extra%20files/Opinion.md
[Debug 14:16:35.432] MdFoldingProvider: provideFoldingRanges - file:///home/eragon/repos/fluves/extra%20files/Opinion.md
[Debug 14:16:35.432] TableOfContentsProvider: create - file:///home/eragon/repos/fluves/extra%20files/Opinion.md
[Debug 14:16:36.265] MdFoldingProvider: provideFoldingRanges - file:///home/eragon/repos/fluves/extra%20files/Opinion.md
[Debug 14:16:36.265] TableOfContentsProvider: create - file:///home/eragon/repos/fluves/extra%20files/Opinion.md
[Debug 14:16:37.071] LinkProvider: compute - file:///home/eragon/repos/fluves/extra%20files/Opinion.md
[Debug 14:29:53.768] MdFoldingProvider: provideFoldingRanges - file:///home/eragon/repos/fluves/extra%20files/Opinion.md
[Debug 14:34:59.439] ReferencesProvider: getReferencesAtPosition: file:///home/eragon/repos/fluves/extra%20files/Opinion.md
[Debug 14:35:03.154] MdFoldingProvider: provideFoldingRanges - file:///home/eragon/repos/fluves/extra%20files/Opinion.md
[Debug 14:35:03.154] TableOfContentsProvider: create - file:///home/eragon/repos/fluves/extra%20files/Opinion.md
[Debug 14:35:03.586] MdFoldingProvider: provideFoldingRanges - file:///home/eragon/repos/fluves/extra%20files/Opinion.md
[Debug 14:35:03.586] TableOfContentsProvider: create - file:///home/eragon/repos/fluves/extra%20files/Opinion.md
[Debug 14:35:04.273] MdFoldingProvider: provideFoldingRanges - file:///home/eragon/repos/fluves/extra%20files/Opinion.md
[Debug 14:35:04.273] TableOfContentsProvider: create - file:///home/eragon/repos/fluves/extra%20files/Opinion.md
[Debug 14:35:05.078] LinkProvider: compute - file:///home/eragon/repos/fluves/extra%20files/Opinion.md
[Debug 14:35:05.474] MdFoldingProvider: provideFoldingRanges - file:///home/eragon/repos/fluves/extra%20files/Opinion.md
[Debug 14:35:05.474] TableOfContentsProvider: create - file:///home/eragon/repos/fluves/extra%20files/Opinion.md
[Debug 14:35:05.761] MdFoldingProvider: provideFoldingRanges - file:///home/eragon/repos/fluves/extra%20files/Opinion.md
[Debug 14:35:05.762] TableOfContentsProvider: create - file:///home/eragon/repos/fluves/extra%20files/Opinion.md
[Debug 14:35:06.993] MdFoldingProvider: provideFoldingRanges - file:///home/eragon/repos/fluves/extra%20files/Opinion.md
[Debug 14:35:06.993] TableOfContentsProvider: create - file:///home/eragon/repos/fluves/extra%20files/Opinion.md
[Debug 14:35:07.953] MdFoldingProvider: provideFoldingRanges - file:///home/eragon/repos/fluves/extra%20files/Opinion.md
[Debug 14:35:07.953] TableOfContentsProvider: create - file:///home/eragon/repos/fluves/extra%20files/Opinion.md
[Debug 14:35:08.577] MdFoldingProvider: provideFoldingRanges - file:///home/eragon/repos/fluves/extra%20files/Opinion.md
[Debug 14:35:08.578] TableOfContentsProvider: create - file:///home/eragon/repos/fluves/extra%20files/Opinion.md
[Debug 14:35:09.381] LinkProvider: compute - file:///home/eragon/repos/fluves/extra%20files/Opinion.md
[Debug 14:35:10.240] MdFoldingProvider: provideFoldingRanges - file:///home/eragon/repos/fluves/extra%20files/Opinion.md
[Debug 14:35:10.240] TableOfContentsProvider: create - file:///home/eragon/repos/fluves/extra%20files/Opinion.md
[Debug 14:35:11.169] MdFoldingProvider: provideFoldingRanges - file:///home/eragon/repos/fluves/extra%20files/Opinion.md
[Debug 14:35:11.169] TableOfContentsProvider: create - file:///home/eragon/repos/fluves/extra%20files/Opinion.md
[Debug 14:35:11.584] MdFoldingProvider: provideFoldingRanges - file:///home/eragon/repos/fluves/extra%20files/Opinion.md
[Debug 14:35:11.584] TableOfContentsProvider: create - file:///home/eragon/repos/fluves/extra%20files/Opinion.md
[Debug 14:35:11.953] MdFoldingProvider: provideFoldingRanges - file:///home/eragon/repos/fluves/extra%20files/Opinion.md
[Debug 14:35:11.954] TableOfContentsProvider: create - file:///home/eragon/repos/fluves/extra%20files/Opinion.md
[Debug 14:35:12.755] LinkProvider: compute - file:///home/eragon/repos/fluves/extra%20files/Opinion.md
[Debug 14:35:13.662] ReferencesProvider: getReferencesAtPosition: file:///home/eragon/repos/fluves/extra%20files/Opinion.md
[Debug 14:35:13.662] ReferencesProvider: getReferencesAtPosition: file:///home/eragon/repos/fluves/extra%20files/Opinion.md
[Debug 14:35:13.662] TableOfContentsProvider: create - file:///home/eragon/repos/fluves/extra%20files/Opinion.md
[Debug 14:35:13.671] ReferencesProvider: getReferencesAtPosition: file:///home/eragon/repos/fluves/extra%20files/Opinion.md
[Debug 14:35:13.820] ReferencesProvider: getReferencesAtPosition: file:///home/eragon/repos/fluves/extra%20files/Opinion.md
[Debug 14:35:13.848] ReferencesProvider: getReferencesAtPosition: file:///home/eragon/repos/fluves/extra%20files/Opinion.md
[Debug 14:35:13.854] MdFoldingProvider: provideFoldingRanges - file:///home/eragon/repos/fluves/extra%20files/Opinion.md
[Debug 14:35:14.284] ReferencesProvider: getReferencesAtPosition: file:///home/eragon/repos/fluves/extra%20files/Opinion.md
[Debug 14:35:14.509] ReferencesProvider: getReferencesAtPosition: file:///home/eragon/repos/fluves/extra%20files/Opinion.md
[Debug 14:35:14.509] TableOfContentsProvider: create - file:///home/eragon/repos/fluves/extra%20files/Opinion.md
[Debug 14:35:14.534] ReferencesProvider: getReferencesAtPosition: file:///home/eragon/repos/fluves/extra%20files/Opinion.md
[Debug 14:35:14.641] MdFoldingProvider: provideFoldingRanges - file:///home/eragon/repos/fluves/extra%20files/Opinion.md
[Debug 14:35:15.440] LinkProvider: compute - file:///home/eragon/repos/fluves/extra%20files/Opinion.md
[Debug 14:35:19.199] ReferencesProvider: getReferencesAtPosition: file:///home/eragon/repos/fluves/extra%20files/Opinion.md
[Debug 14:35:19.199] TableOfContentsProvider: create - file:///home/eragon/repos/fluves/extra%20files/Opinion.md
[Debug 14:35:19.255] ReferencesProvider: getReferencesAtPosition: file:///home/eragon/repos/fluves/extra%20files/Opinion.md
[Debug 14:35:19.385] MdFoldingProvider: provideFoldingRanges - file:///home/eragon/repos/fluves/extra%20files/Opinion.md
[Debug 14:35:19.926] ReferencesProvider: getReferencesAtPosition: file:///home/eragon/repos/fluves/extra%20files/Opinion.md
[Debug 14:35:19.954] ReferencesProvider: getReferencesAtPosition: file:///home/eragon/repos/fluves/extra%20files/Opinion.md
[Debug 14:35:19.954] TableOfContentsProvider: create - file:///home/eragon/repos/fluves/extra%20files/Opinion.md
[Debug 14:35:20.143] MdFoldingProvider: provideFoldingRanges - file:///home/eragon/repos/fluves/extra%20files/Opinion.md
[Debug 14:35:20.151] ReferencesProvider: getReferencesAtPosition: file:///home/eragon/repos/fluves/extra%20files/Opinion.md
[Debug 14:35:20.942] LinkProvider: compute - file:///home/eragon/repos/fluves/extra%20files/Opinion.md
[Debug 14:35:21.824] ReferencesProvider: getReferencesAtPosition: file:///home/eragon/repos/fluves/extra%20files/Opinion.md
[Debug 14:35:21.824] TableOfContentsProvider: create - file:///home/eragon/repos/fluves/extra%20files/Opinion.md
[Debug 14:35:21.979] MdFoldingProvider: provideFoldingRanges - file:///home/eragon/repos/fluves/extra%20files/Opinion.md
[Debug 14:35:22.786] LinkProvider: compute - file:///home/eragon/repos/fluves/extra%20files/Opinion.md
[Debug 14:35:25.073] MdFoldingProvider: provideFoldingRanges - file:///home/eragon/repos/fluves/extra%20files/Opinion.md
[Debug 14:35:25.073] TableOfContentsProvider: create - file:///home/eragon/repos/fluves/extra%20files/Opinion.md
[Debug 14:35:26.066] MdFoldingProvider: provideFoldingRanges - file:///home/eragon/repos/fluves/extra%20files/Opinion.md
[Debug 14:35:26.066] TableOfContentsProvider: create - file:///home/eragon/repos/fluves/extra%20files/Opinion.md
[Debug 14:35:26.625] MdFoldingProvider: provideFoldingRanges - file:///home/eragon/repos/fluves/extra%20files/Opinion.md
[Debug 14:35:26.626] TableOfContentsProvider: create - file:///home/eragon/repos/fluves/extra%20files/Opinion.md
[Debug 14:35:27.058] MdFoldingProvider: provideFoldingRanges - file:///home/eragon/repos/fluves/extra%20files/Opinion.md
[Debug 14:35:27.058] TableOfContentsProvider: create - file:///home/eragon/repos/fluves/extra%20files/Opinion.md
[Debug 14:35:27.410] MdFoldingProvider: provideFoldingRanges - file:///home/eragon/repos/fluves/extra%20files/Opinion.md
[Debug 14:35:27.410] TableOfContentsProvider: create - file:///home/eragon/repos/fluves/extra%20files/Opinion.md
[Debug 14:35:28.065] MdFoldingProvider: provideFoldingRanges - file:///home/eragon/repos/fluves/extra%20files/Opinion.md
[Debug 14:35:28.065] TableOfContentsProvider: create - file:///home/eragon/repos/fluves/extra%20files/Opinion.md
[Debug 14:35:28.593] MdFoldingProvider: provideFoldingRanges - file:///home/eragon/repos/fluves/extra%20files/Opinion.md
[Debug 14:35:28.593] TableOfContentsProvider: create - file:///home/eragon/repos/fluves/extra%20files/Opinion.md
[Debug 14:35:28.913] MdFoldingProvider: provideFoldingRanges - file:///home/eragon/repos/fluves/extra%20files/Opinion.md
[Debug 14:35:28.913] TableOfContentsProvider: create - file:///home/eragon/repos/fluves/extra%20files/Opinion.md
[Debug 14:35:29.345] MdFoldingProvider: provideFoldingRanges - file:///home/eragon/repos/fluves/extra%20files/Opinion.md
[Debug 14:35:29.346] TableOfContentsProvider: create - file:///home/eragon/repos/fluves/extra%20files/Opinion.md
[Debug 14:35:30.385] MdFoldingProvider: provideFoldingRanges - file:///home/eragon/repos/fluves/extra%20files/Opinion.md
[Debug 14:35:30.385] TableOfContentsProvider: create - file:///home/eragon/repos/fluves/extra%20files/Opinion.md
[Debug 14:35:31.193] LinkProvider: compute - file:///home/eragon/repos/fluves/extra%20files/Opinion.md
[Debug 14:35:32.090] ReferencesProvider: getReferencesAtPosition: file:///home/eragon/repos/fluves/extra%20files/Opinion.md
[Debug 14:35:32.090] TableOfContentsProvider: create - file:///home/eragon/repos/fluves/extra%20files/Opinion.md
[Debug 14:35:32.118] ReferencesProvider: getReferencesAtPosition: file:///home/eragon/repos/fluves/extra%20files/Opinion.md
[Debug 14:35:32.136] ReferencesProvider: getReferencesAtPosition: file:///home/eragon/repos/fluves/extra%20files/Opinion.md
[Debug 14:35:32.274] MdFoldingProvider: provideFoldingRanges - file:///home/eragon/repos/fluves/extra%20files/Opinion.md
[Debug 14:35:33.075] LinkProvider: compute - file:///home/eragon/repos/fluves/extra%20files/Opinion.md
[Debug 14:35:34.517] MdFoldingProvider: provideFoldingRanges - file:///home/eragon/repos/fluves/extra%20files/Opinion.md
[Debug 14:35:34.517] TableOfContentsProvider: create - file:///home/eragon/repos/fluves/extra%20files/Opinion.md
[Debug 14:35:34.817] MdFoldingProvider: provideFoldingRanges - file:///home/eragon/repos/fluves/extra%20files/Opinion.md
[Debug 14:35:34.817] TableOfContentsProvider: create - file:///home/eragon/repos/fluves/extra%20files/Opinion.md
[Debug 14:35:35.506] MdFoldingProvider: provideFoldingRanges - file:///home/eragon/repos/fluves/extra%20files/Opinion.md
[Debug 14:35:35.506] TableOfContentsProvider: create - file:///home/eragon/repos/fluves/extra%20files/Opinion.md
[Debug 14:35:36.209] MdFoldingProvider: provideFoldingRanges - file:///home/eragon/repos/fluves/extra%20files/Opinion.md
[Debug 14:35:36.210] TableOfContentsProvider: create - file:///home/eragon/repos/fluves/extra%20files/Opinion.md
[Debug 14:35:36.641] MdFoldingProvider: provideFoldingRanges - file:///home/eragon/repos/fluves/extra%20files/Opinion.md
[Debug 14:35:36.641] TableOfContentsProvider: create - file:///home/eragon/repos/fluves/extra%20files/Opinion.md
[Debug 14:35:37.446] LinkProvider: compute - file:///home/eragon/repos/fluves/extra%20files/Opinion.md
[Debug 14:35:38.779] ReferencesProvider: getReferencesAtPosition: file:///home/eragon/repos/fluves/extra%20files/Opinion.md
[Debug 14:35:38.888] ReferencesProvider: getReferencesAtPosition: file:///home/eragon/repos/fluves/extra%20files/Opinion.md
[Debug 14:35:38.945] ReferencesProvider: getReferencesAtPosition: file:///home/eragon/repos/fluves/extra%20files/Opinion.md
[Debug 14:35:39.763] MdFoldingProvider: provideFoldingRanges - file:///home/eragon/repos/fluves/extra%20files/Opinion.md
[Debug 14:35:39.763] TableOfContentsProvider: create - file:///home/eragon/repos/fluves/extra%20files/Opinion.md
[Debug 14:35:40.545] LinkProvider: compute - file:///home/eragon/repos/fluves/extra%20files/Opinion.md
[Debug 14:35:41.282] ReferencesProvider: getReferencesAtPosition: file:///home/eragon/repos/fluves/extra%20files/Opinion.md
[Debug 14:35:41.282] TableOfContentsProvider: create - file:///home/eragon/repos/fluves/extra%20files/Opinion.md
[Debug 14:35:41.305] ReferencesProvider: getReferencesAtPosition: file:///home/eragon/repos/fluves/extra%20files/Opinion.md
[Debug 14:35:41.368] ReferencesProvider: getReferencesAtPosition: file:///home/eragon/repos/fluves/extra%20files/Opinion.md
[Debug 14:35:41.464] MdFoldingProvider: provideFoldingRanges - file:///home/eragon/repos/fluves/extra%20files/Opinion.md
[Debug 14:35:41.871] ReferencesProvider: getReferencesAtPosition: file:///home/eragon/repos/fluves/extra%20files/Opinion.md
[Debug 14:35:42.264] LinkProvider: compute - file:///home/eragon/repos/fluves/extra%20files/Opinion.md
[Debug 14:35:59.844] MdFoldingProvider: provideFoldingRanges - file:///home/eragon/repos/fluves/extra%20files/Opinion.md
[Debug 14:43:27.370] MdFoldingProvider: provideFoldingRanges - file:///home/eragon/repos/fluves/extra%20files/Opinion.md
[Debug 14:43:27.370] TableOfContentsProvider: create - file:///home/eragon/repos/fluves/extra%20files/Opinion.md
[Debug 14:43:28.174] LinkProvider: compute - file:///home/eragon/repos/fluves/extra%20files/Opinion.md
[Debug 14:43:31.316] MdFoldingProvider: provideFoldingRanges - file:///home/eragon/repos/fluves/extra%20files/Opinion.md
[Debug 14:43:31.316] TableOfContentsProvider: create - file:///home/eragon/repos/fluves/extra%20files/Opinion.md
[Debug 14:43:32.102] MdFoldingProvider: provideFoldingRanges - file:///home/eragon/repos/fluves/extra%20files/Opinion.md
[Debug 14:43:32.102] TableOfContentsProvider: create - file:///home/eragon/repos/fluves/extra%20files/Opinion.md
[Debug 14:43:32.486] MdFoldingProvider: provideFoldingRanges - file:///home/eragon/repos/fluves/extra%20files/Opinion.md
[Debug 14:43:32.487] TableOfContentsProvider: create - file:///home/eragon/repos/fluves/extra%20files/Opinion.md
[Debug 14:43:33.288] LinkProvider: compute - file:///home/eragon/repos/fluves/extra%20files/Opinion.md
[Debug 14:43:34.902] MdFoldingProvider: provideFoldingRanges - file:///home/eragon/repos/fluves/extra%20files/Opinion.md
[Debug 14:43:34.902] TableOfContentsProvider: create - file:///home/eragon/repos/fluves/extra%20files/Opinion.md
[Debug 14:43:35.702] LinkProvider: compute - file:///home/eragon/repos/fluves/extra%20files/Opinion.md
[Debug 14:43:38.806] MdFoldingProvider: provideFoldingRanges - file:///home/eragon/repos/fluves/extra%20files/Opinion.md
[Debug 14:43:38.806] TableOfContentsProvider: create - file:///home/eragon/repos/fluves/extra%20files/Opinion.md
[Debug 14:43:39.033] MdFoldingProvider: provideFoldingRanges - file:///home/eragon/repos/fluves/extra%20files/Opinion.md
[Debug 14:43:39.034] TableOfContentsProvider: create - file:///home/eragon/repos/fluves/extra%20files/Opinion.md
[Debug 14:43:39.318] MdFoldingProvider: provideFoldingRanges - file:///home/eragon/repos/fluves/extra%20files/Opinion.md
[Debug 14:43:39.318] TableOfContentsProvider: create - file:///home/eragon/repos/fluves/extra%20files/Opinion.md
[Debug 14:43:40.021] MdFoldingProvider: provideFoldingRanges - file:///home/eragon/repos/fluves/extra%20files/Opinion.md
[Debug 14:43:40.021] TableOfContentsProvider: create - file:///home/eragon/repos/fluves/extra%20files/Opinion.md
[Debug 14:43:40.536] MdFoldingProvider: provideFoldingRanges - file:///home/eragon/repos/fluves/extra%20files/Opinion.md
[Debug 14:43:40.536] TableOfContentsProvider: create - file:///home/eragon/repos/fluves/extra%20files/Opinion.md
[Debug 14:43:41.335] LinkProvider: compute - file:///home/eragon/repos/fluves/extra%20files/Opinion.md
[Debug 14:43:42.021] MdFoldingProvider: provideFoldingRanges - file:///home/eragon/repos/fluves/extra%20files/Opinion.md
[Debug 14:43:42.022] TableOfContentsProvider: create - file:///home/eragon/repos/fluves/extra%20files/Opinion.md
[Debug 14:43:43.132] MdFoldingProvider: provideFoldingRanges - file:///home/eragon/repos/fluves/extra%20files/Opinion.md
[Debug 14:43:43.132] TableOfContentsProvider: create - file:///home/eragon/repos/fluves/extra%20files/Opinion.md
[Debug 14:43:43.938] LinkProvider: compute - file:///home/eragon/repos/fluves/extra%20files/Opinion.md
[Debug 14:43:44.501] MdFoldingProvider: provideFoldingRanges - file:///home/eragon/repos/fluves/extra%20files/Opinion.md
[Debug 14:43:44.501] TableOfContentsProvider: create - file:///home/eragon/repos/fluves/extra%20files/Opinion.md
[Debug 14:43:45.477] MdFoldingProvider: provideFoldingRanges - file:///home/eragon/repos/fluves/extra%20files/Opinion.md
[Debug 14:43:45.477] TableOfContentsProvider: create - file:///home/eragon/repos/fluves/extra%20files/Opinion.md
[Debug 14:43:45.733] MdFoldingProvider: provideFoldingRanges - file:///home/eragon/repos/fluves/extra%20files/Opinion.md
[Debug 14:43:45.733] TableOfContentsProvider: create - file:///home/eragon/repos/fluves/extra%20files/Opinion.md
[Debug 14:43:47.173] MdFoldingProvider: provideFoldingRanges - file:///home/eragon/repos/fluves/extra%20files/Opinion.md
[Debug 14:43:47.173] TableOfContentsProvider: create - file:///home/eragon/repos/fluves/extra%20files/Opinion.md
[Debug 14:43:47.979] LinkProvider: compute - file:///home/eragon/repos/fluves/extra%20files/Opinion.md
[Debug 14:43:49.973] MdFoldingProvider: provideFoldingRanges - file:///home/eragon/repos/fluves/extra%20files/Opinion.md
[Debug 14:43:49.974] TableOfContentsProvider: create - file:///home/eragon/repos/fluves/extra%20files/Opinion.md
[Debug 14:43:51.045] MdFoldingProvider: provideFoldingRanges - file:///home/eragon/repos/fluves/extra%20files/Opinion.md
[Debug 14:43:51.045] TableOfContentsProvider: create - file:///home/eragon/repos/fluves/extra%20files/Opinion.md
[Debug 14:43:51.850] LinkProvider: compute - file:///home/eragon/repos/fluves/extra%20files/Opinion.md
[Debug 14:46:21.641] MdFoldingProvider: provideFoldingRanges - file:///home/eragon/repos/fluves/extra%20files/Opinion.md
[Debug 14:46:21.641] TableOfContentsProvider: create - file:///home/eragon/repos/fluves/extra%20files/Opinion.md
[Debug 14:46:22.154] MdFoldingProvider: provideFoldingRanges - file:///home/eragon/repos/fluves/extra%20files/Opinion.md
[Debug 14:46:22.155] TableOfContentsProvider: create - file:///home/eragon/repos/fluves/extra%20files/Opinion.md
[Debug 14:46:22.953] LinkProvider: compute - file:///home/eragon/repos/fluves/extra%20files/Opinion.md
[Debug 14:46:23.559] MdFoldingProvider: provideFoldingRanges - file:///home/eragon/repos/fluves/extra%20files/Opinion.md
[Debug 14:46:23.559] TableOfContentsProvider: create - file:///home/eragon/repos/fluves/extra%20files/Opinion.md
[Debug 14:46:24.363] LinkProvider: compute - file:///home/eragon/repos/fluves/extra%20files/Opinion.md
[Debug 14:58:17.965] MdFoldingProvider: provideFoldingRanges - file:///home/eragon/repos/fluves/extra%20files/Opinion.md
[Debug 14:58:17.966] TableOfContentsProvider: create - file:///home/eragon/repos/fluves/extra%20files/Opinion.md
[Debug 14:58:18.220] MdFoldingProvider: provideFoldingRanges - file:///home/eragon/repos/fluves/extra%20files/Opinion.md
[Debug 14:58:18.220] TableOfContentsProvider: create - file:///home/eragon/repos/fluves/extra%20files/Opinion.md
[Debug 14:58:18.827] MdFoldingProvider: provideFoldingRanges - file:///home/eragon/repos/fluves/extra%20files/Opinion.md
[Debug 14:58:18.828] TableOfContentsProvider: create - file:///home/eragon/repos/fluves/extra%20files/Opinion.md
[Debug 14:58:19.632] LinkProvider: compute - file:///home/eragon/repos/fluves/extra%20files/Opinion.md
[Debug 14:58:20.811] MdFoldingProvider: provideFoldingRanges - file:///home/eragon/repos/fluves/extra%20files/Opinion.md
[Debug 14:58:20.812] TableOfContentsProvider: create - file:///home/eragon/repos/fluves/extra%20files/Opinion.md
[Debug 14:58:21.131] MdFoldingProvider: provideFoldingRanges - file:///home/eragon/repos/fluves/extra%20files/Opinion.md
[Debug 14:58:21.132] TableOfContentsProvider: create - file:///home/eragon/repos/fluves/extra%20files/Opinion.md
[Debug 14:58:21.484] MdFoldingProvider: provideFoldingRanges - file:///home/eragon/repos/fluves/extra%20files/Opinion.md
[Debug 14:58:21.484] TableOfContentsProvider: create - file:///home/eragon/repos/fluves/extra%20files/Opinion.md
[Debug 14:58:21.714] MdFoldingProvider: provideFoldingRanges - file:///home/eragon/repos/fluves/extra%20files/Opinion.md
[Debug 14:58:21.715] TableOfContentsProvider: create - file:///home/eragon/repos/fluves/extra%20files/Opinion.md
[Debug 14:58:22.476] MdFoldingProvider: provideFoldingRanges - file:///home/eragon/repos/fluves/extra%20files/Opinion.md
[Debug 14:58:22.476] TableOfContentsProvider: create - file:///home/eragon/repos/fluves/extra%20files/Opinion.md
[Debug 14:58:23.020] MdFoldingProvider: provideFoldingRanges - file:///home/eragon/repos/fluves/extra%20files/Opinion.md
[Debug 14:58:23.020] TableOfContentsProvider: create - file:///home/eragon/repos/fluves/extra%20files/Opinion.md
[Debug 14:58:23.961] MdFoldingProvider: provideFoldingRanges - file:///home/eragon/repos/fluves/extra%20files/Opinion.md
[Debug 14:58:23.961] TableOfContentsProvider: create - file:///home/eragon/repos/fluves/extra%20files/Opinion.md
[Debug 14:58:24.204] MdFoldingProvider: provideFoldingRanges - file:///home/eragon/repos/fluves/extra%20files/Opinion.md
[Debug 14:58:24.204] TableOfContentsProvider: create - file:///home/eragon/repos/fluves/extra%20files/Opinion.md
[Debug 14:58:24.700] MdFoldingProvider: provideFoldingRanges - file:///home/eragon/repos/fluves/extra%20files/Opinion.md
[Debug 14:58:24.700] TableOfContentsProvider: create - file:///home/eragon/repos/fluves/extra%20files/Opinion.md
[Debug 14:58:25.505] LinkProvider: compute - file:///home/eragon/repos/fluves/extra%20files/Opinion.md
[Debug 14:58:25.947] MdFoldingProvider: provideFoldingRanges - file:///home/eragon/repos/fluves/extra%20files/Opinion.md
[Debug 14:58:25.947] TableOfContentsProvider: create - file:///home/eragon/repos/fluves/extra%20files/Opinion.md
[Debug 14:58:26.716] MdFoldingProvider: provideFoldingRanges - file:///home/eragon/repos/fluves/extra%20files/Opinion.md
[Debug 14:58:26.716] TableOfContentsProvider: create - file:///home/eragon/repos/fluves/extra%20files/Opinion.md
[Debug 14:58:27.084] MdFoldingProvider: provideFoldingRanges - file:///home/eragon/repos/fluves/extra%20files/Opinion.md
[Debug 14:58:27.084] TableOfContentsProvider: create - file:///home/eragon/repos/fluves/extra%20files/Opinion.md
[Debug 14:58:27.646] MdFoldingProvider: provideFoldingRanges - file:///home/eragon/repos/fluves/extra%20files/Opinion.md
[Debug 14:58:27.646] TableOfContentsProvider: create - file:///home/eragon/repos/fluves/extra%20files/Opinion.md
[Debug 14:58:28.304] MdFoldingProvider: provideFoldingRanges - file:///home/eragon/repos/fluves/extra%20files/Opinion.md
[Debug 14:58:28.304] TableOfContentsProvider: create - file:///home/eragon/repos/fluves/extra%20files/Opinion.md
[Debug 14:58:29.108] LinkProvider: compute - file:///home/eragon/repos/fluves/extra%20files/Opinion.md
[Debug 14:58:29.900] MdFoldingProvider: provideFoldingRanges - file:///home/eragon/repos/fluves/extra%20files/Opinion.md
[Debug 14:58:29.900] TableOfContentsProvider: create - file:///home/eragon/repos/fluves/extra%20files/Opinion.md
[Debug 14:58:31.162] MdFoldingProvider: provideFoldingRanges - file:///home/eragon/repos/fluves/extra%20files/Opinion.md
[Debug 14:58:31.162] TableOfContentsProvider: create - file:///home/eragon/repos/fluves/extra%20files/Opinion.md
[Debug 14:58:31.386] MdFoldingProvider: provideFoldingRanges - file:///home/eragon/repos/fluves/extra%20files/Opinion.md
[Debug 14:58:31.386] TableOfContentsProvider: create - file:///home/eragon/repos/fluves/extra%20files/Opinion.md
[Debug 14:58:31.884] MdFoldingProvider: provideFoldingRanges - file:///home/eragon/repos/fluves/extra%20files/Opinion.md
[Debug 14:58:31.884] TableOfContentsProvider: create - file:///home/eragon/repos/fluves/extra%20files/Opinion.md
[Debug 14:58:32.094] MdFoldingProvider: provideFoldingRanges - file:///home/eragon/repos/fluves/extra%20files/Opinion.md
[Debug 14:58:32.094] TableOfContentsProvider: create - file:///home/eragon/repos/fluves/extra%20files/Opinion.md
[Debug 14:58:32.898] LinkProvider: compute - file:///home/eragon/repos/fluves/extra%20files/Opinion.md
[Debug 14:58:33.644] MdFoldingProvider: provideFoldingRanges - file:///home/eragon/repos/fluves/extra%20files/Opinion.md
[Debug 14:58:33.644] TableOfContentsProvider: create - file:///home/eragon/repos/fluves/extra%20files/Opinion.md
[Debug 14:58:33.979] MdFoldingProvider: provideFoldingRanges - file:///home/eragon/repos/fluves/extra%20files/Opinion.md
[Debug 14:58:33.979] TableOfContentsProvider: create - file:///home/eragon/repos/fluves/extra%20files/Opinion.md
[Debug 14:58:34.540] MdFoldingProvider: provideFoldingRanges - file:///home/eragon/repos/fluves/extra%20files/Opinion.md
[Debug 14:58:34.540] TableOfContentsProvider: create - file:///home/eragon/repos/fluves/extra%20files/Opinion.md
[Debug 14:58:35.004] MdFoldingProvider: provideFoldingRanges - file:///home/eragon/repos/fluves/extra%20files/Opinion.md
[Debug 14:58:35.004] TableOfContentsProvider: create - file:///home/eragon/repos/fluves/extra%20files/Opinion.md
[Debug 14:58:35.436] MdFoldingProvider: provideFoldingRanges - file:///home/eragon/repos/fluves/extra%20files/Opinion.md
[Debug 14:58:35.436] TableOfContentsProvider: create - file:///home/eragon/repos/fluves/extra%20files/Opinion.md
[Debug 14:58:35.836] MdFoldingProvider: provideFoldingRanges - file:///home/eragon/repos/fluves/extra%20files/Opinion.md
[Debug 14:58:35.836] TableOfContentsProvider: create - file:///home/eragon/repos/fluves/extra%20files/Opinion.md
[Debug 14:58:36.621] MdFoldingProvider: provideFoldingRanges - file:///home/eragon/repos/fluves/extra%20files/Opinion.md
[Debug 14:58:36.621] TableOfContentsProvider: create - file:///home/eragon/repos/fluves/extra%20files/Opinion.md
[Debug 14:58:37.548] MdFoldingProvider: provideFoldingRanges - file:///home/eragon/repos/fluves/extra%20files/Opinion.md
[Debug 14:58:37.548] TableOfContentsProvider: create - file:///home/eragon/repos/fluves/extra%20files/Opinion.md
[Debug 14:58:38.381] MdFoldingProvider: provideFoldingRanges - file:///home/eragon/repos/fluves/extra%20files/Opinion.md
[Debug 14:58:38.381] TableOfContentsProvider: create - file:///home/eragon/repos/fluves/extra%20files/Opinion.md
[Debug 14:58:38.652] MdFoldingProvider: provideFoldingRanges - file:///home/eragon/repos/fluves/extra%20files/Opinion.md
[Debug 14:58:38.652] TableOfContentsProvider: create - file:///home/eragon/repos/fluves/extra%20files/Opinion.md
[Debug 14:58:39.324] MdFoldingProvider: provideFoldingRanges - file:///home/eragon/repos/fluves/extra%20files/Opinion.md
[Debug 14:58:39.324] TableOfContentsProvider: create - file:///home/eragon/repos/fluves/extra%20files/Opinion.md
[Debug 14:58:40.284] MdFoldingProvider: provideFoldingRanges - file:///home/eragon/repos/fluves/extra%20files/Opinion.md
[Debug 14:58:40.284] TableOfContentsProvider: create - file:///home/eragon/repos/fluves/extra%20files/Opinion.md
[Debug 14:58:41.166] MdFoldingProvider: provideFoldingRanges - file:///home/eragon/repos/fluves/extra%20files/Opinion.md
[Debug 14:58:41.166] TableOfContentsProvider: create - file:///home/eragon/repos/fluves/extra%20files/Opinion.md
[Debug 14:58:41.887] MdFoldingProvider: provideFoldingRanges - file:///home/eragon/repos/fluves/extra%20files/Opinion.md
[Debug 14:58:41.888] TableOfContentsProvider: create - file:///home/eragon/repos/fluves/extra%20files/Opinion.md
[Debug 14:58:42.691] LinkProvider: compute - file:///home/eragon/repos/fluves/extra%20files/Opinion.md
[Debug 14:58:44.604] MdFoldingProvider: provideFoldingRanges - file:///home/eragon/repos/fluves/extra%20files/Opinion.md
[Debug 14:58:44.604] TableOfContentsProvider: create - file:///home/eragon/repos/fluves/extra%20files/Opinion.md
[Debug 14:58:44.972] MdFoldingProvider: provideFoldingRanges - file:///home/eragon/repos/fluves/extra%20files/Opinion.md
[Debug 14:58:44.972] TableOfContentsProvider: create - file:///home/eragon/repos/fluves/extra%20files/Opinion.md
[Debug 14:58:45.708] MdFoldingProvider: provideFoldingRanges - file:///home/eragon/repos/fluves/extra%20files/Opinion.md
[Debug 14:58:45.708] TableOfContentsProvider: create - file:///home/eragon/repos/fluves/extra%20files/Opinion.md
[Debug 14:58:46.204] MdFoldingProvider: provideFoldingRanges - file:///home/eragon/repos/fluves/extra%20files/Opinion.md
[Debug 14:58:46.204] TableOfContentsProvider: create - file:///home/eragon/repos/fluves/extra%20files/Opinion.md
[Debug 14:58:47.008] LinkProvider: compute - file:///home/eragon/repos/fluves/extra%20files/Opinion.md
[Debug 14:58:48.972] MdFoldingProvider: provideFoldingRanges - file:///home/eragon/repos/fluves/extra%20files/Opinion.md
[Debug 14:58:48.972] TableOfContentsProvider: create - file:///home/eragon/repos/fluves/extra%20files/Opinion.md
[Debug 14:58:49.868] MdFoldingProvider: provideFoldingRanges - file:///home/eragon/repos/fluves/extra%20files/Opinion.md
[Debug 14:58:49.868] TableOfContentsProvider: create - file:///home/eragon/repos/fluves/extra%20files/Opinion.md
[Debug 14:58:50.492] MdFoldingProvider: provideFoldingRanges - file:///home/eragon/repos/fluves/extra%20files/Opinion.md
[Debug 14:58:50.492] TableOfContentsProvider: create - file:///home/eragon/repos/fluves/extra%20files/Opinion.md
[Debug 14:58:51.180] MdFoldingProvider: provideFoldingRanges - file:///home/eragon/repos/fluves/extra%20files/Opinion.md
[Debug 14:58:51.180] TableOfContentsProvider: create - file:///home/eragon/repos/fluves/extra%20files/Opinion.md
[Debug 14:58:51.692] MdFoldingProvider: provideFoldingRanges - file:///home/eragon/repos/fluves/extra%20files/Opinion.md
[Debug 14:58:51.692] TableOfContentsProvider: create - file:///home/eragon/repos/fluves/extra%20files/Opinion.md
[Debug 14:58:52.491] LinkProvider: compute - file:///home/eragon/repos/fluves/extra%20files/Opinion.md
[Debug 15:10:41.843] MdFoldingProvider: provideFoldingRanges - file:///home/eragon/repos/fluves/extra%20files/Opinion.md
[Debug 15:10:41.843] TableOfContentsProvider: create - file:///home/eragon/repos/fluves/extra%20files/Opinion.md
[Debug 15:10:42.647] LinkProvider: compute - file:///home/eragon/repos/fluves/extra%20files/Opinion.md
[Debug 15:10:44.625] MdFoldingProvider: provideFoldingRanges - file:///home/eragon/repos/fluves/extra%20files/Opinion.md
[Debug 15:10:44.625] TableOfContentsProvider: create - file:///home/eragon/repos/fluves/extra%20files/Opinion.md
[Debug 15:10:45.430] LinkProvider: compute - file:///home/eragon/repos/fluves/extra%20files/Opinion.md
[Debug 15:10:46.081] MdFoldingProvider: provideFoldingRanges - file:///home/eragon/repos/fluves/extra%20files/Opinion.md
[Debug 15:10:46.081] TableOfContentsProvider: create - file:///home/eragon/repos/fluves/extra%20files/Opinion.md
[Debug 15:10:46.400] MdFoldingProvider: provideFoldingRanges - file:///home/eragon/repos/fluves/extra%20files/Opinion.md
[Debug 15:10:46.400] TableOfContentsProvider: create - file:///home/eragon/repos/fluves/extra%20files/Opinion.md
[Debug 15:10:47.745] MdFoldingProvider: provideFoldingRanges - file:///home/eragon/repos/fluves/extra%20files/Opinion.md
[Debug 15:10:47.745] TableOfContentsProvider: create - file:///home/eragon/repos/fluves/extra%20files/Opinion.md
[Debug 15:10:48.549] LinkProvider: compute - file:///home/eragon/repos/fluves/extra%20files/Opinion.md
[Debug 15:10:49.173] MdFoldingProvider: provideFoldingRanges - file:///home/eragon/repos/fluves/extra%20files/Opinion.md
[Debug 15:10:49.173] TableOfContentsProvider: create - file:///home/eragon/repos/fluves/extra%20files/Opinion.md
[Debug 15:10:49.976] LinkProvider: compute - file:///home/eragon/repos/fluves/extra%20files/Opinion.md
[Debug 15:11:32.271] MdFoldingProvider: provideFoldingRanges - file:///home/eragon/repos/fluves/extra%20files/Opinion.md
[Debug 15:11:36.849] MdFoldingProvider: provideFoldingRanges - file:///home/eragon/repos/fluves/extra%20files/Opinion.md
[Debug 15:11:36.850] TableOfContentsProvider: create - file:///home/eragon/repos/fluves/extra%20files/Opinion.md
[Debug 15:11:38.017] MdFoldingProvider: provideFoldingRanges - file:///home/eragon/repos/fluves/extra%20files/Opinion.md
[Debug 15:11:38.017] TableOfContentsProvider: create - file:///home/eragon/repos/fluves/extra%20files/Opinion.md
[Debug 15:11:38.787] MdFoldingProvider: provideFoldingRanges - file:///home/eragon/repos/fluves/extra%20files/Opinion.md
[Debug 15:11:38.787] TableOfContentsProvider: create - file:///home/eragon/repos/fluves/extra%20files/Opinion.md
[Debug 15:11:39.665] MdFoldingProvider: provideFoldingRanges - file:///home/eragon/repos/fluves/extra%20files/Opinion.md
[Debug 15:11:39.665] TableOfContentsProvider: create - file:///home/eragon/repos/fluves/extra%20files/Opinion.md
[Debug 15:11:40.469] LinkProvider: compute - file:///home/eragon/repos/fluves/extra%20files/Opinion.md
