[2022-08-30 15:32:16.058] [exthost] [info] Extension host with pid 4774 started
[2022-08-30 15:32:16.058] [exthost] [info] Skipping acquiring lock for /home/eragon/.config/VSCodium/User/workspaceStorage/16b5da2850c6c16874676a2fefe10515.
[2022-08-30 15:32:16.099] [exthost] [info] ExtensionService#_doActivateExtension vscode.debug-auto-launch, startup: true, activationEvent: '*'
[2022-08-30 15:32:16.105] [exthost] [info] ExtensionService#_doActivateExtension vscode.git-base, startup: true, activationEvent: '*', root cause: vscode.git
[2022-08-30 15:32:16.108] [exthost] [info] ExtensionService#_doActivateExtension vscode.ipynb, startup: true, activationEvent: '*'
[2022-08-30 15:32:16.111] [exthost] [info] ExtensionService#_doActivateExtension mhutchie.git-graph, startup: true, activationEvent: '*'
[2022-08-30 15:32:16.125] [exthost] [info] ExtensionService#_doActivateExtension reduckted.vscode-gitweblinks, startup: true, activationEvent: '*'
[2022-08-30 15:32:16.132] [exthost] [info] ExtensionService#_doActivateExtension ms-python.python, startup: true, activationEvent: 'workspaceContains:pyproject.toml'
[2022-08-30 15:32:16.336] [exthost] [info] ExtensionService#_doActivateExtension yzhang.markdown-all-in-one, startup: true, activationEvent: 'workspaceContains:README.md'
[2022-08-30 15:32:16.433] [exthost] [info] ExtensionService#_doActivateExtension vscode.markdown-math, startup: false, activationEvent: 'api', root cause: yzhang.markdown-all-in-one
[2022-08-30 15:32:16.511] [exthost] [info] ExtensionService#_doActivateExtension vscode.git, startup: true, activationEvent: '*'
[2022-08-30 15:32:16.526] [exthost] [info] ExtensionService#_doActivateExtension vscode.github, startup: true, activationEvent: '*'
[2022-08-30 15:32:16.809] [exthost] [info] Eager extensions activated
[2022-08-30 15:32:16.882] [exthost] [info] ExtensionService#_doActivateExtension vscode.emmet, startup: false, activationEvent: 'onStartupFinished'
[2022-08-30 15:32:16.892] [exthost] [info] ExtensionService#_doActivateExtension vscode.merge-conflict, startup: false, activationEvent: 'onStartupFinished'
[2022-08-30 15:32:16.894] [exthost] [info] ExtensionService#_doActivateExtension eamodio.gitlens, startup: false, activationEvent: 'onStartupFinished'
[2022-08-30 15:32:16.939] [exthost] [info] ExtensionService#_doActivateExtension felipecaputo.git-project-manager, startup: false, activationEvent: 'onStartupFinished'
[2022-08-30 15:32:17.420] [exthost] [info] ExtensionService#_doActivateExtension vscode.github-authentication, startup: false, activationEvent: 'onAuthenticationRequest:github'
[2022-08-30 15:39:43.762] [exthost] [info] ExtensionService#_doActivateExtension vscode.extension-editing, startup: false, activationEvent: 'onLanguage:markdown'
[2022-08-30 15:39:43.774] [exthost] [info] ExtensionService#_doActivateExtension vscode.markdown-language-features, startup: false, activationEvent: 'onLanguage:markdown'
[2022-08-30 15:39:43.859] [exthost] [info] ExtensionService#_doActivateExtension shd101wyy.markdown-preview-enhanced, startup: false, activationEvent: 'onLanguage:markdown'
[2022-08-30 15:44:52.631] [exthost] [warning] TextEditor is closed/disposed
[2022-08-30 15:46:01.922] [exthost] [warning] TextEditor is closed/disposed
[2022-08-30 15:56:51.409] [exthost] [warning] TextEditor is closed/disposed
[2022-08-30 15:56:57.578] [exthost] [warning] TextEditor is closed/disposed
[2022-08-30 15:58:40.363] [exthost] [warning] TextEditor is closed/disposed
[2022-08-30 15:58:43.928] [exthost] [warning] TextEditor is closed/disposed
[2022-08-30 15:58:51.567] [exthost] [warning] TextEditor is closed/disposed
[2022-08-30 15:58:57.367] [exthost] [warning] TextEditor is closed/disposed
[2022-08-30 16:04:48.334] [exthost] [warning] TextEditor is closed/disposed
[2022-08-30 16:04:48.877] [exthost] [warning] TextEditor is closed/disposed
[2022-08-30 16:05:04.578] [exthost] [info] ExtensionService#_doActivateExtension ms-toolsai.jupyter, startup: false, activationEvent: 'onNotebook:jupyter-notebook'
[2022-08-30 16:05:04.662] [exthost] [info] ExtensionService#_doActivateExtension ms-toolsai.jupyter-renderers, startup: false, activationEvent: 'onNotebook:*'
[2022-08-30 16:05:05.174] [exthost] [info] ExtensionService#_doActivateExtension batisteo.vscode-django, startup: false, activationEvent: 'onLanguage:python'
[2022-08-30 16:05:05.181] [exthost] [info] ExtensionService#_doActivateExtension KevinRose.vsc-python-indent, startup: false, activationEvent: 'onLanguage:python'
[2022-08-30 16:05:05.183] [exthost] [info] ExtensionService#_doActivateExtension njpwerner.autodocstring, startup: false, activationEvent: 'onLanguage:python'
[2022-08-30 16:47:41.112] [exthost] [warning] TextEditor is closed/disposed
[2022-08-30 16:52:04.413] [exthost] [warning] TextEditor is closed/disposed
[2022-08-30 17:08:41.389] [exthost] [warning] TextEditor is closed/disposed
[2022-08-30 17:15:49.893] [exthost] [info] Extension host terminating: received terminate message from renderer
[2022-08-30 17:15:49.928] [exthost] [error] Error: The kernel died. Error: /opt/conda/bin/python: No module named ipykernel_launcher... View Jupyter [log](command:jupyter.viewOutput) for further details.
	at ChildProcess.<anonymous> (/home/eragon/.vscode-oss/extensions/ms-toolsai.jupyter-2022.8.1002170547/out/extension.node.js:2:513657)
	at ChildProcess.emit (node:events:402:35)
	at Process.ChildProcess._handle.onexit (node:internal/child_process:290:12)
[2022-08-30 17:15:49.932] [exthost] [info] Extension host with pid 4774 exiting with code 0
