[2022-09-03T08:24:46.579Z] Log level: Info
[2022-09-03T08:24:46.580Z] [info] Validating found git in: git
[2022-09-03T08:24:46.605Z] [info] Using git  from git
[2022-09-03T08:24:46.625Z] > git rev-parse --show-toplevel [10ms]
[2022-09-03T08:24:46.752Z] > git rev-parse --git-dir --git-common-dir [120ms]
[2022-09-03T08:24:46.756Z] [info] Open repository: /home/eragon/repos/fluves/pyiotdataflow
[2022-09-03T08:24:46.806Z] > git status -z -uall [45ms]
[2022-09-03T08:24:46.825Z] > git symbolic-ref --short HEAD [15ms]
[2022-09-03T08:24:46.878Z] > git rev-parse --show-toplevel [113ms]
[2022-09-03T08:24:46.909Z] > git rev-parse --git-dir --git-common-dir [26ms]
[2022-09-03T08:24:46.910Z] [info] Open repository: /home/eragon/repos/fluves/iot-modeling
[2022-09-03T08:24:46.923Z] > git for-each-ref --format=%(refname)%00%(upstream:short)%00%(objectname)%00%(upstream:track)%00%(upstream:remotename)%00%(upstream:remoteref) refs/heads/hydromet refs/remotes/hydromet [90ms]
[2022-09-03T08:24:46.935Z] > git remote --verbose [3ms]
[2022-09-03T08:24:46.935Z] > git for-each-ref --sort -committerdate --format %(refname) %(objectname) %(*objectname) [7ms]
[2022-09-03T08:24:46.937Z] > git rev-parse --show-toplevel [16ms]
[2022-09-03T08:24:46.950Z] > git status -z -uall [34ms]
[2022-09-03T08:24:46.956Z] > git rev-parse --git-dir --git-common-dir [13ms]
[2022-09-03T08:24:46.957Z] [info] Open repository: /home/eragon/repos/fluves/dali-intrusion-data-analysis
[2022-09-03T08:24:46.975Z] > git status -z -uall [12ms]
[2022-09-03T08:24:46.981Z] > git symbolic-ref --short HEAD [26ms]
[2022-09-03T08:24:46.986Z] > git config --get commit.template [36ms]
[2022-09-03T08:24:47.003Z] > git status -z -uall [9ms]
[2022-09-03T08:24:47.007Z] > git for-each-ref --format=%(refname)%00%(upstream:short)%00%(objectname)%00%(upstream:track)%00%(upstream:remotename)%00%(upstream:remoteref) refs/heads/3D_Modeling refs/remotes/3D_Modeling [21ms]
[2022-09-03T08:24:47.015Z] > git symbolic-ref --short HEAD [35ms]
[2022-09-03T08:24:47.020Z] > git rev-parse --show-toplevel [52ms]
[2022-09-03T08:24:47.035Z] > git for-each-ref --format=%(refname)%00%(upstream:short)%00%(objectname)%00%(upstream:track)%00%(upstream:remotename)%00%(upstream:remoteref) refs/heads/JA_data_align refs/remotes/JA_data_align [16ms]
[2022-09-03T08:24:47.043Z] > git remote --verbose [28ms]
[2022-09-03T08:24:47.043Z] > git for-each-ref --sort -committerdate --format %(refname) %(objectname) %(*objectname) [32ms]
[2022-09-03T08:24:47.044Z] > git symbolic-ref --short HEAD [37ms]
[2022-09-03T08:24:47.055Z] > git remote --verbose [13ms]
[2022-09-03T08:24:47.055Z] > git for-each-ref --sort -committerdate --format %(refname) %(objectname) %(*objectname) [16ms]
[2022-09-03T08:24:47.058Z] > git rev-parse --git-dir --git-common-dir [35ms]
[2022-09-03T08:24:47.059Z] [info] Open repository: /home/eragon/repos/fluves/infrastructure
[2022-09-03T08:24:47.073Z] > git rev-parse --show-toplevel [6ms]
[2022-09-03T08:24:47.079Z] > git config --get commit.template [25ms]
[2022-09-03T08:24:47.084Z] > git for-each-ref --format=%(refname)%00%(upstream:short)%00%(objectname)%00%(upstream:track)%00%(upstream:remotename)%00%(upstream:remoteref) refs/heads/hydromet refs/remotes/hydromet [36ms]
[2022-09-03T08:24:47.098Z] > git status -z -uall [35ms]
[2022-09-03T08:24:47.102Z] > git for-each-ref --sort -committerdate --format %(refname) %(objectname) %(*objectname) [14ms]
[2022-09-03T08:24:47.103Z] > git rev-parse --git-dir --git-common-dir [24ms]
[2022-09-03T08:24:47.104Z] [info] Open repository: /home/eragon/repos/fluves/cn-ws
[2022-09-03T08:24:47.112Z] > git config --get commit.template [39ms]
[2022-09-03T08:24:47.126Z] > git status -z -uall [42ms]
[2022-09-03T08:24:47.130Z] > git status -z -uall [22ms]
[2022-09-03T08:24:47.134Z] > git status -z -uall [18ms]
[2022-09-03T08:24:47.138Z] > git rev-parse --show-toplevel [26ms]
[2022-09-03T08:24:47.142Z] > git symbolic-ref --short HEAD [40ms]
[2022-09-03T08:24:47.146Z] > git remote --verbose [54ms]
[2022-09-03T08:24:47.166Z] > git for-each-ref --format=%(refname)%00%(upstream:short)%00%(objectname)%00%(upstream:track)%00%(upstream:remotename)%00%(upstream:remoteref) refs/heads/master refs/remotes/master [20ms]
[2022-09-03T08:24:47.174Z] > git rev-parse --git-dir --git-common-dir [32ms]
[2022-09-03T08:24:47.175Z] [info] Open repository: /home/eragon/repos/cheatsheet
[2022-09-03T08:24:47.183Z] > git symbolic-ref --short HEAD [45ms]
[2022-09-03T08:24:47.186Z] > git symbolic-ref --short HEAD [52ms]
[2022-09-03T08:24:47.189Z] > git symbolic-ref --short HEAD [59ms]
[2022-09-03T08:24:47.196Z] > git status -z -uall [17ms]
[2022-09-03T08:24:47.200Z] > git for-each-ref --format=%(refname)%00%(upstream:short)%00%(objectname)%00%(upstream:track)%00%(upstream:remotename)%00%(upstream:remoteref) refs/heads/3D_Modeling refs/remotes/3D_Modeling [7ms]
[2022-09-03T08:24:47.209Z] > git for-each-ref --format=%(refname)%00%(upstream:short)%00%(objectname)%00%(upstream:track)%00%(upstream:remotename)%00%(upstream:remoteref) refs/heads/github-migrations refs/remotes/github-migrations [20ms]
[2022-09-03T08:24:47.216Z] > git for-each-ref --format=%(refname)%00%(upstream:short)%00%(objectname)%00%(upstream:track)%00%(upstream:remotename)%00%(upstream:remoteref) refs/heads/JA_data_align refs/remotes/JA_data_align [30ms]
[2022-09-03T08:24:47.223Z] > git rev-parse --show-toplevel [40ms]
[2022-09-03T08:24:47.227Z] > git remote --verbose [54ms]
[2022-09-03T08:24:47.228Z] > git for-each-ref --sort -committerdate --format %(refname) %(objectname) %(*objectname) [58ms]
[2022-09-03T08:24:47.229Z] > git config --get commit.template [67ms]
[2022-09-03T08:24:47.240Z] > git rev-parse --git-dir --git-common-dir [13ms]
[2022-09-03T08:24:47.241Z] [info] Open repository: /home/eragon/repos/fluves/pydts
[2022-09-03T08:24:47.249Z] > git remote --verbose [26ms]
[2022-09-03T08:24:47.249Z] > git for-each-ref --sort -committerdate --format %(refname) %(objectname) %(*objectname) [30ms]
[2022-09-03T08:24:47.250Z] > git remote --verbose [34ms]
[2022-09-03T08:24:47.250Z] > git for-each-ref --sort -committerdate --format %(refname) %(objectname) %(*objectname) [38ms]
[2022-09-03T08:24:47.250Z] > git remote --verbose [42ms]
[2022-09-03T08:24:47.250Z] > git for-each-ref --sort -committerdate --format %(refname) %(objectname) %(*objectname) [45ms]
[2022-09-03T08:24:47.251Z] > git symbolic-ref --short HEAD [51ms]
[2022-09-03T08:24:47.263Z] > git status -z -uall [18ms]
[2022-09-03T08:24:47.268Z] > git rev-parse --show-toplevel [19ms]
[2022-09-03T08:24:47.272Z] > git config --get commit.template [32ms]
[2022-09-03T08:24:47.286Z] > git status -z -uall [10ms]
[2022-09-03T08:24:47.290Z] > git rev-parse --git-dir --git-common-dir [18ms]
[2022-09-03T08:24:47.291Z] [info] Open repository: /home/eragon/repos/fluves/pycnws
[2022-09-03T08:24:47.299Z] > git symbolic-ref --short HEAD [31ms]
[2022-09-03T08:24:47.302Z] > git config --get commit.template [40ms]
[2022-09-03T08:24:47.303Z] > git config --get commit.template [44ms]
[2022-09-03T08:24:47.303Z] > git for-each-ref --format=%(refname)%00%(upstream:short)%00%(objectname)%00%(upstream:track)%00%(upstream:remotename)%00%(upstream:remoteref) refs/heads/main refs/remotes/main [49ms]
[2022-09-03T08:24:47.312Z] > git status -z -uall [17ms]
[2022-09-03T08:24:47.317Z] > git for-each-ref --sort -committerdate --format %(refname) %(objectname) %(*objectname) [11ms]
[2022-09-03T08:24:47.317Z] > git for-each-ref --format=%(refname)%00%(upstream:short)%00%(objectname)%00%(upstream:track)%00%(upstream:remotename)%00%(upstream:remoteref) refs/heads/master refs/remotes/master [15ms]
[2022-09-03T08:24:47.326Z] > git rev-parse --show-toplevel [27ms]
[2022-09-03T08:24:47.326Z] fatal: not a git repository (or any parent up to mount point /)
Stopping at filesystem boundary (GIT_DISCOVERY_ACROSS_FILESYSTEM not set).
[2022-09-03T08:24:47.327Z] > git symbolic-ref --short HEAD [38ms]
[2022-09-03T08:24:47.346Z] > git for-each-ref --format=%(refname)%00%(upstream:short)%00%(objectname)%00%(upstream:track)%00%(upstream:remotename)%00%(upstream:remoteref) refs/heads/master refs/remotes/master [16ms]
[2022-09-03T08:24:47.353Z] > git remote --verbose [28ms]
[2022-09-03T08:24:47.353Z] > git for-each-ref --sort -committerdate --format %(refname) %(objectname) %(*objectname) [32ms]
[2022-09-03T08:24:47.354Z] > git symbolic-ref --short HEAD [37ms]
[2022-09-03T08:24:47.358Z] > git remote --verbose [49ms]
[2022-09-03T08:24:47.372Z] > git remote --verbose [19ms]
[2022-09-03T08:24:47.373Z] > git for-each-ref --sort -committerdate --format %(refname) %(objectname) %(*objectname) [23ms]
[2022-09-03T08:24:47.373Z] > git config --get commit.template [29ms]
[2022-09-03T08:24:47.399Z] > git status -z -uall [22ms]
[2022-09-03T08:24:47.403Z] > git config --get commit.template [31ms]
[2022-09-03T08:24:47.406Z] > git config --get commit.template [37ms]
[2022-09-03T08:24:47.411Z] > git for-each-ref --format=%(refname)%00%(upstream:short)%00%(objectname)%00%(upstream:track)%00%(upstream:remotename)%00%(upstream:remoteref) refs/heads/io-testing refs/remotes/io-testing [53ms]
[2022-09-03T08:24:47.419Z] > git status -z -uall [13ms]
[2022-09-03T08:24:47.423Z] > git status -z -uall [13ms]
[2022-09-03T08:24:47.427Z] > git remote --verbose [10ms]
[2022-09-03T08:24:47.427Z] > git symbolic-ref --short HEAD [24ms]
[2022-09-03T08:24:47.430Z] > git config --get commit.template [32ms]
[2022-09-03T08:24:47.435Z] > git for-each-ref --format=%(refname)%00%(upstream:short)%00%(objectname)%00%(upstream:track)%00%(upstream:remotename)%00%(upstream:remoteref) refs/heads/github-migrations refs/remotes/github-migrations [5ms]
[2022-09-03T08:24:47.442Z] > git symbolic-ref --short HEAD [15ms]
[2022-09-03T08:24:47.446Z] > git symbolic-ref --short HEAD [23ms]
[2022-09-03T08:24:47.449Z] > git for-each-ref --sort -committerdate --format %(refname) %(objectname) %(*objectname) [35ms]
[2022-09-03T08:24:47.457Z] > git for-each-ref --format=%(refname)%00%(upstream:short)%00%(objectname)%00%(upstream:track)%00%(upstream:remotename)%00%(upstream:remoteref) refs/heads/master refs/remotes/master [12ms]
[2022-09-03T08:24:47.465Z] > git remote --verbose [23ms]
[2022-09-03T08:24:47.465Z] > git for-each-ref --sort -committerdate --format %(refname) %(objectname) %(*objectname) [27ms]
[2022-09-03T08:24:47.490Z] > git remote --verbose [26ms]
[2022-09-03T08:24:47.490Z] > git for-each-ref --sort -committerdate --format %(refname) %(objectname) %(*objectname) [29ms]
[2022-09-03T08:24:47.491Z] > git for-each-ref --format=%(refname)%00%(upstream:short)%00%(objectname)%00%(upstream:track)%00%(upstream:remotename)%00%(upstream:remoteref) refs/heads/main refs/remotes/main [42ms]
[2022-09-03T08:24:47.507Z] > git remote --verbose [10ms]
[2022-09-03T08:24:47.507Z] > git for-each-ref --sort -committerdate --format %(refname) %(objectname) %(*objectname) [13ms]
[2022-09-03T08:24:47.518Z] > git config --get commit.template [11ms]
[2022-09-03T08:24:47.518Z] > git config --get commit.template [15ms]
[2022-09-03T08:24:47.526Z] > git config --get commit.template [9ms]
[2022-09-03T08:24:47.527Z] > git status -z -uall [5ms]
[2022-09-03T08:24:47.531Z] > git config --get commit.template [5ms]
[2022-09-03T08:24:47.532Z] > git symbolic-ref --short HEAD [1ms]
[2022-09-03T08:24:47.537Z] > git for-each-ref --format=%(refname)%00%(upstream:short)%00%(objectname)%00%(upstream:track)%00%(upstream:remotename)%00%(upstream:remoteref) refs/heads/io-testing refs/remotes/io-testing [1ms]
[2022-09-03T08:24:47.545Z] > git for-each-ref --sort -committerdate --format %(refname) %(objectname) %(*objectname) [4ms]
[2022-09-03T08:24:47.546Z] > git remote --verbose [1ms]
[2022-09-03T08:24:47.554Z] > git config --get commit.template [4ms]
[2022-09-03T08:24:47.616Z] > git check-ignore -v -z --stdin [17ms]
[2022-09-03T08:24:47.616Z] > git check-ignore -v -z --stdin [14ms]
[2022-09-03T08:24:47.616Z] > git check-ignore -v -z --stdin [10ms]
[2022-09-03T08:24:47.616Z] > git check-ignore -v -z --stdin [5ms]
[2022-09-03T08:24:48.861Z] > git check-ignore -v -z --stdin [1ms]
