[2022-09-01 09:02:30.637] [main] [info] update#setState idle
[2022-09-01 09:02:31.437] [main] [info] Starting extension host with pid 8206 (fork() took 5 ms).
[2022-09-01 09:03:00.642] [main] [info] update#setState checking for updates
[2022-09-01 09:03:00.904] [main] [info] update#setState idle
[2022-09-01 10:03:00.651] [main] [info] update#setState checking for updates
[2022-09-01 10:03:01.231] [main] [info] update#setState idle
[2022-09-01 11:03:00.673] [main] [info] update#setState checking for updates
[2022-09-01 11:03:01.206] [main] [info] update#setState idle
[2022-09-01 12:03:00.685] [main] [info] update#setState checking for updates
[2022-09-01 12:03:01.028] [main] [info] update#setState idle
[2022-09-01 13:03:00.788] [main] [info] update#setState checking for updates
[2022-09-01 13:03:01.124] [main] [info] update#setState idle
[2022-09-01 14:03:00.798] [main] [info] update#setState checking for updates
[2022-09-01 14:03:01.139] [main] [info] update#setState idle
[2022-09-01 15:03:00.906] [main] [info] update#setState checking for updates
[2022-09-01 15:03:01.226] [main] [info] update#setState idle
[2022-09-01 16:03:00.914] [main] [info] update#setState checking for updates
[2022-09-01 16:03:01.238] [main] [info] update#setState idle
[2022-09-01 17:03:00.919] [main] [info] update#setState checking for updates
[2022-09-01 17:03:01.256] [main] [info] update#setState idle
[2022-09-01 17:13:06.416] [main] [info] Waiting for extension host with pid 8206 to exit.
[2022-09-01 17:13:06.453] [main] [info] Extension host with pid 8206 exited with code: 0, signal: null.
