[2022-09-01 09:02:32.516] [renderer1] [error] [Extension Host] globalMsCrypto undefined undefined {"subtle":{},"asn1":{},"url":null,"version":"1.6.5"}
[2022-09-01 09:34:04.215] [renderer1] [error] Server returned 504: Error: Server returned 504
    at C (vscode-file://vscode-app/nix/store/pm5ngdc2bmf84vwz0h8fqknk628bxplw-vscodium-1.70.2.22230/lib/vscode/resources/app/out/vs/workbench/workbench.desktop.main.js:629:24353)
    at G.queryRawGalleryExtensions (vscode-file://vscode-app/nix/store/pm5ngdc2bmf84vwz0h8fqknk628bxplw-vscodium-1.70.2.22230/lib/vscode/resources/app/out/vs/workbench/workbench.desktop.main.js:806:208654)
    at async G.queryGalleryExtensions (vscode-file://vscode-app/nix/store/pm5ngdc2bmf84vwz0h8fqknk628bxplw-vscodium-1.70.2.22230/lib/vscode/resources/app/out/vs/workbench/workbench.desktop.main.js:806:205746)
    at async se (vscode-file://vscode-app/nix/store/pm5ngdc2bmf84vwz0h8fqknk628bxplw-vscodium-1.70.2.22230/lib/vscode/resources/app/out/vs/workbench/workbench.desktop.main.js:806:204716)
    at async G.query (vscode-file://vscode-app/nix/store/pm5ngdc2bmf84vwz0h8fqknk628bxplw-vscodium-1.70.2.22230/lib/vscode/resources/app/out/vs/workbench/workbench.desktop.main.js:806:204956)
    at async Ao.queryGallery (vscode-file://vscode-app/nix/store/pm5ngdc2bmf84vwz0h8fqknk628bxplw-vscodium-1.70.2.22230/lib/vscode/resources/app/out/vs/workbench/workbench.desktop.main.js:3179:14266)
    at async M.promptRecommendedExtensionForFileExtension (vscode-file://vscode-app/nix/store/pm5ngdc2bmf84vwz0h8fqknk628bxplw-vscodium-1.70.2.22230/lib/vscode/resources/app/out/vs/workbench/workbench.desktop.main.js:1972:23088)
[2022-09-01 11:20:44.750] [renderer1] [error] AttributeError: 'HoverDisable' object has no attribute 'namespace_': Error: AttributeError: 'HoverDisable' object has no attribute 'namespace_'
	at /home/eragon/.vscode-oss/extensions/ms-python.python-2022.12.1/out/client/extension.js:2:2147823
	at /home/eragon/.vscode-oss/extensions/ms-python.python-2022.12.1/out/client/extension.js:2:2148117
	at Immediate.<anonymous> (/home/eragon/.vscode-oss/extensions/ms-python.python-2022.12.1/out/client/extension.js:2:2148479)
	at processImmediate (node:internal/timers:464:21)
[2022-09-01 11:20:50.809] [renderer1] [error] AttributeError: 'HoverDisable' object has no attribute 'namespace_': Error: AttributeError: 'HoverDisable' object has no attribute 'namespace_'
	at /home/eragon/.vscode-oss/extensions/ms-python.python-2022.12.1/out/client/extension.js:2:2147823
	at /home/eragon/.vscode-oss/extensions/ms-python.python-2022.12.1/out/client/extension.js:2:2148117
	at Immediate.<anonymous> (/home/eragon/.vscode-oss/extensions/ms-python.python-2022.12.1/out/client/extension.js:2:2148479)
	at processImmediate (node:internal/timers:464:21)
[2022-09-01 11:20:50.919] [renderer1] [error] AttributeError: 'NoneType' object has no attribute 'is_module': Error: AttributeError: 'NoneType' object has no attribute 'is_module'
	at /home/eragon/.vscode-oss/extensions/ms-python.python-2022.12.1/out/client/extension.js:2:2147823
	at /home/eragon/.vscode-oss/extensions/ms-python.python-2022.12.1/out/client/extension.js:2:2148117
	at Immediate.<anonymous> (/home/eragon/.vscode-oss/extensions/ms-python.python-2022.12.1/out/client/extension.js:2:2148479)
	at processImmediate (node:internal/timers:464:21)
[2022-09-01 11:21:06.128] [renderer1] [error] AttributeError: 'HoverDisable' object has no attribute 'namespace_': Error: AttributeError: 'HoverDisable' object has no attribute 'namespace_'
	at /home/eragon/.vscode-oss/extensions/ms-python.python-2022.12.1/out/client/extension.js:2:2147823
	at /home/eragon/.vscode-oss/extensions/ms-python.python-2022.12.1/out/client/extension.js:2:2148117
	at Immediate.<anonymous> (/home/eragon/.vscode-oss/extensions/ms-python.python-2022.12.1/out/client/extension.js:2:2148479)
	at processImmediate (node:internal/timers:464:21)
[2022-09-01 11:21:26.180] [renderer1] [error] AttributeError: 'HoverDisable' object has no attribute 'namespace_': Error: AttributeError: 'HoverDisable' object has no attribute 'namespace_'
	at /home/eragon/.vscode-oss/extensions/ms-python.python-2022.12.1/out/client/extension.js:2:2147823
	at /home/eragon/.vscode-oss/extensions/ms-python.python-2022.12.1/out/client/extension.js:2:2148117
	at Immediate.<anonymous> (/home/eragon/.vscode-oss/extensions/ms-python.python-2022.12.1/out/client/extension.js:2:2148479)
	at processImmediate (node:internal/timers:464:21)
[2022-09-01 11:21:26.257] [renderer1] [error] AttributeError: 'NoneType' object has no attribute 'is_module': Error: AttributeError: 'NoneType' object has no attribute 'is_module'
	at /home/eragon/.vscode-oss/extensions/ms-python.python-2022.12.1/out/client/extension.js:2:2147823
	at /home/eragon/.vscode-oss/extensions/ms-python.python-2022.12.1/out/client/extension.js:2:2148117
	at Immediate.<anonymous> (/home/eragon/.vscode-oss/extensions/ms-python.python-2022.12.1/out/client/extension.js:2:2148479)
	at processImmediate (node:internal/timers:464:21)
[2022-09-01 11:21:30.818] [renderer1] [error] AttributeError: 'HoverDisable' object has no attribute 'namespace_': Error: AttributeError: 'HoverDisable' object has no attribute 'namespace_'
	at /home/eragon/.vscode-oss/extensions/ms-python.python-2022.12.1/out/client/extension.js:2:2147823
	at /home/eragon/.vscode-oss/extensions/ms-python.python-2022.12.1/out/client/extension.js:2:2148117
	at Immediate.<anonymous> (/home/eragon/.vscode-oss/extensions/ms-python.python-2022.12.1/out/client/extension.js:2:2148479)
	at processImmediate (node:internal/timers:464:21)
[2022-09-01 11:21:40.567] [renderer1] [error] AttributeError: 'NoneType' object has no attribute 'is_module': Error: AttributeError: 'NoneType' object has no attribute 'is_module'
	at /home/eragon/.vscode-oss/extensions/ms-python.python-2022.12.1/out/client/extension.js:2:2147823
	at /home/eragon/.vscode-oss/extensions/ms-python.python-2022.12.1/out/client/extension.js:2:2148117
	at Immediate.<anonymous> (/home/eragon/.vscode-oss/extensions/ms-python.python-2022.12.1/out/client/extension.js:2:2148479)
	at processImmediate (node:internal/timers:464:21)
[2022-09-01 12:31:00.536] [renderer1] [error] Unable to read file '/home/eragon/repos/fluves/pycnws/pycnws/ci/Dockerfile.venv' (Error: File not modified since): Error: Unable to read file '/home/eragon/repos/fluves/pycnws/pycnws/ci/Dockerfile.venv' (Error: File not modified since)
    at h.doReadFileStream (vscode-file://vscode-app/nix/store/pm5ngdc2bmf84vwz0h8fqknk628bxplw-vscodium-1.70.2.22230/lib/vscode/resources/app/out/vs/workbench/workbench.desktop.main.js:602:20036)
    at async v.doRead (vscode-file://vscode-app/nix/store/pm5ngdc2bmf84vwz0h8fqknk628bxplw-vscodium-1.70.2.22230/lib/vscode/resources/app/out/vs/workbench/workbench.desktop.main.js:2759:42424)
    at async v.readStream (vscode-file://vscode-app/nix/store/pm5ngdc2bmf84vwz0h8fqknk628bxplw-vscodium-1.70.2.22230/lib/vscode/resources/app/out/vs/workbench/workbench.desktop.main.js:2759:42099)
    at async kr.resolveFromFile (vscode-file://vscode-app/nix/store/pm5ngdc2bmf84vwz0h8fqknk628bxplw-vscodium-1.70.2.22230/lib/vscode/resources/app/out/vs/workbench/workbench.desktop.main.js:2748:67842)
    at async vscode-file://vscode-app/nix/store/pm5ngdc2bmf84vwz0h8fqknk628bxplw-vscodium-1.70.2.22230/lib/vscode/resources/app/out/vs/workbench/workbench.desktop.main.js:2759:36556
